[0.478s] Invoking command in '/home/kouta/ros2_ws/build/person_msgs': CMAKE_PREFIX_PATH=${CMAKE_PREFIX_PATH}:/home/kouta/ros2_ws/install/mypkg:/opt/ros/foxy /usr/bin/cmake --build /home/kouta/ros2_ws/build/person_msgs -- -j8 -l8
[0.500s] -- Found ament_cmake: 0.9.12 (/opt/ros/foxy/share/ament_cmake/cmake)
[0.520s] -- Using PYTHON_EXECUTABLE: /usr/bin/python3
[0.687s] -- Found rosidl_default_generators: 1.0.1 (/opt/ros/foxy/share/rosidl_default_generators/cmake)
[0.690s] -- Using all available rosidl_typesupport_c: rosidl_typesupport_fastrtps_c;rosidl_typesupport_introspection_c
[0.693s] -- Found rosidl_adapter: 1.3.1 (/opt/ros/foxy/share/rosidl_adapter/cmake)
[7.448s] -- Using all available rosidl_typesupport_cpp: rosidl_typesupport_fastrtps_cpp;rosidl_typesupport_introspection_cpp
[7.500s] -- Found PythonInterp: /usr/bin/python3 (found version "3.8.10") 
[7.671s] CMake Error at /opt/ros/foxy/share/rosidl_adapter/cmake/rosidl_adapt_interfaces.cmake:60 (message):
[7.671s]   execute_process(/usr/bin/python3 -m rosidl_adapter --package-name
[7.671s]   person_msgs --arguments-file
[7.671s]   /home/kouta/ros2_ws/build/person_msgs/rosidl_adapter__arguments__person_msgs.json
[7.671s]   --output-dir
[7.671s]   /home/kouta/ros2_ws/build/person_msgs/rosidl_adapter/person_msgs
[7.671s]   --output-file
[7.671s]   /home/kouta/ros2_ws/build/person_msgs/rosidl_adapter/person_msgs.idls)
[7.672s]   returned error code 1:
[7.672s] 
[7.672s]   Error processing 'uint height' of 'person_msgs/Person': ''uint' is an
[7.672s]   invalid message name.  It should have the pattern '^[A-Z][A-Za-z0-9]*$''
[7.672s] 
[7.672s]   Traceback (most recent call last):
[7.672s] 
[7.672s]     File "/usr/lib/python3.8/runpy.py", line 194, in _run_module_as_main
[7.672s]       return _run_code(code, main_globals, None,
[7.672s]     File "/usr/lib/python3.8/runpy.py", line 87, in _run_code
[7.672s]       exec(code, run_globals)
[7.672s]     File "/opt/ros/foxy/lib/python3.8/site-packages/rosidl_adapter/__main__.py", line 19, in <module>
[7.672s]       sys.exit(main())
[7.673s]     File "/opt/ros/foxy/lib/python3.8/site-packages/rosidl_adapter/main.py", line 53, in main
[7.673s]       abs_idl_file = convert_to_idl(
[7.673s]     File "/opt/ros/foxy/lib/python3.8/site-packages/rosidl_adapter/__init__.py", line 19, in convert_to_idl
[7.673s]       return convert_msg_to_idl(
[7.673s]     File "/opt/ros/foxy/lib/python3.8/site-packages/rosidl_adapter/msg/__init__.py", line 28, in convert_msg_to_idl
[7.673s]       msg = parse_message_string(package_name, input_file.stem, content)
[7.673s]     File "/opt/ros/foxy/lib/python3.8/site-packages/rosidl_adapter/parser.py", line 516, in parse_message_string
[7.673s]       Type(type_string, context_package_name=pkg_name),
[7.673s]     File "/opt/ros/foxy/lib/python3.8/site-packages/rosidl_adapter/parser.py", line 276, in __init__
[7.673s]       super(Type, self).__init__(
[7.673s]     File "/opt/ros/foxy/lib/python3.8/site-packages/rosidl_adapter/parser.py", line 204, in __init__
[7.673s]       raise InvalidResourceName(
[7.673s] 
[7.673s]   rosidl_adapter.parser.InvalidResourceName: 'uint' is an invalid message
[7.673s]   name.  It should have the pattern '^[A-Z][A-Za-z0-9]*$'
[7.674s] 
[7.674s] Call Stack (most recent call first):
[7.674s]   /opt/ros/foxy/share/rosidl_cmake/cmake/rosidl_generate_interfaces.cmake:130 (rosidl_adapt_interfaces)
[7.674s]   CMakeLists.txt:21 (rosidl_generate_interfaces)
[7.674s] 
[7.674s] 
[7.674s] -- Configuring incomplete, errors occurred!
[7.674s] See also "/home/kouta/ros2_ws/build/person_msgs/CMakeFiles/CMakeOutput.log".
[7.677s] make: *** [Makefile:748: cmake_check_build_system] Error 1
[7.679s] Invoked command in '/home/kouta/ros2_ws/build/person_msgs' returned '2': CMAKE_PREFIX_PATH=${CMAKE_PREFIX_PATH}:/home/kouta/ros2_ws/install/mypkg:/opt/ros/foxy /usr/bin/cmake --build /home/kouta/ros2_ws/build/person_msgs -- -j8 -l8
