[1.383s] Invoking command in '/home/kouta/ros2_ws/src/mypkg': PYTHONPATH=/home/kouta/ros2_ws/build/mypkg/prefix_override:/home/kouta/ros2_ws/install/mypkg/lib/python3.8/site-packages:${PYTHONPATH} /usr/bin/python3 setup.py egg_info --egg-base ../../build/mypkg build --build-base /home/kouta/ros2_ws/build/mypkg/build install --record /home/kouta/ros2_ws/build/mypkg/install.log --install-scripts $base/lib/mypkg --single-version-externally-managed
[1.579s] running egg_info
[1.579s] writing ../../build/mypkg/mypkg.egg-info/PKG-INFO
[1.579s] writing dependency_links to ../../build/mypkg/mypkg.egg-info/dependency_links.txt
[1.580s] writing entry points to ../../build/mypkg/mypkg.egg-info/entry_points.txt
[1.580s] writing requirements to ../../build/mypkg/mypkg.egg-info/requires.txt
[1.580s] writing top-level names to ../../build/mypkg/mypkg.egg-info/top_level.txt
[1.622s] reading manifest file '../../build/mypkg/mypkg.egg-info/SOURCES.txt'
[1.625s] writing manifest file '../../build/mypkg/mypkg.egg-info/SOURCES.txt'
[1.625s] running build
[1.626s] running build_py
[1.626s] running install
[1.627s] running install_lib
[1.629s] running install_data
[1.630s] running install_egg_info
[1.632s] removing '/home/kouta/ros2_ws/install/mypkg/lib/python3.8/site-packages/mypkg-0.0.0-py3.8.egg-info' (and everything under it)
[1.632s] Copying ../../build/mypkg/mypkg.egg-info to /home/kouta/ros2_ws/install/mypkg/lib/python3.8/site-packages/mypkg-0.0.0-py3.8.egg-info
[1.634s] running install_scripts
[1.655s] Installing listener script to /home/kouta/ros2_ws/install/mypkg/lib/mypkg
[1.655s] Installing talker script to /home/kouta/ros2_ws/install/mypkg/lib/mypkg
[1.656s] writing list of installed files to '/home/kouta/ros2_ws/build/mypkg/install.log'
[1.679s] Invoked command in '/home/kouta/ros2_ws/src/mypkg' returned '0': PYTHONPATH=/home/kouta/ros2_ws/build/mypkg/prefix_override:/home/kouta/ros2_ws/install/mypkg/lib/python3.8/site-packages:${PYTHONPATH} /usr/bin/python3 setup.py egg_info --egg-base ../../build/mypkg build --build-base /home/kouta/ros2_ws/build/mypkg/build install --record /home/kouta/ros2_ws/build/mypkg/install.log --install-scripts $base/lib/mypkg --single-version-externally-managed
