[1.879s] DEBUG:colcon:Command line arguments: ['/usr/bin/colcon', 'build']
[1.879s] DEBUG:colcon:Parsed command line arguments: Namespace(allow_overriding=[], ament_cmake_args=None, base_paths=['.'], build_base='build', catkin_cmake_args=None, catkin_skip_building_tests=False, cmake_args=None, cmake_clean_cache=False, cmake_clean_first=False, cmake_force_configure=False, cmake_target=None, cmake_target_skip_unavailable=False, continue_on_error=False, event_handlers=None, executor='parallel', ignore_user_meta=False, install_base='install', log_base=None, log_level=None, main=<bound method BuildVerb.main of <colcon_core.verb.build.BuildVerb object at 0x7fd804278df0>>, merge_install=False, metas=['./colcon.meta'], packages_above=None, packages_above_and_dependencies=None, packages_above_depth=None, packages_end=None, packages_ignore=None, packages_ignore_regex=None, packages_select=None, packages_select_build_failed=False, packages_select_by_dep=None, packages_select_regex=None, packages_select_test_failures=False, packages_skip=None, packages_skip_build_finished=False, packages_skip_by_dep=None, packages_skip_regex=None, packages_skip_test_passed=False, packages_skip_up_to=None, packages_start=None, packages_up_to=None, packages_up_to_regex=None, parallel_workers=8, paths=None, symlink_install=False, test_result_base=None, verb_extension=<colcon_core.verb.build.BuildVerb object at 0x7fd804278df0>, verb_name='build', verb_parser=<colcon_defaults.argument_parser.defaults.DefaultArgumentsDecorator object at 0x7fd803e4bdf0>)
[1.954s] Level 1:colcon.colcon_core.package_discovery:discover_packages(colcon_meta) check parameters
[1.955s] Level 1:colcon.colcon_core.package_discovery:discover_packages(recursive) check parameters
[1.955s] Level 1:colcon.colcon_core.package_discovery:discover_packages(ignore) check parameters
[1.955s] Level 1:colcon.colcon_core.package_discovery:discover_packages(path) check parameters
[1.955s] Level 1:colcon.colcon_core.package_discovery:discover_packages(colcon_meta) discover
[1.955s] Level 1:colcon.colcon_core.package_discovery:discover_packages(recursive) discover
[1.955s] INFO:colcon.colcon_core.package_discovery:Crawling recursively for packages in '/home/kouta/ros2_ws/src'
[1.955s] Level 1:colcon.colcon_core.package_identification:_identify(.) by extensions ['ignore', 'ignore_ament_install']
[1.955s] Level 1:colcon.colcon_core.package_identification:_identify(.) by extension 'ignore'
[1.955s] Level 1:colcon.colcon_core.package_identification:_identify(.) by extension 'ignore_ament_install'
[1.955s] Level 1:colcon.colcon_core.package_identification:_identify(.) by extensions ['colcon_pkg']
[1.955s] Level 1:colcon.colcon_core.package_identification:_identify(.) by extension 'colcon_pkg'
[1.955s] Level 1:colcon.colcon_core.package_identification:_identify(.) by extensions ['colcon_meta']
[1.955s] Level 1:colcon.colcon_core.package_identification:_identify(.) by extension 'colcon_meta'
[1.955s] Level 1:colcon.colcon_core.package_identification:_identify(.) by extensions ['ros']
[1.955s] Level 1:colcon.colcon_core.package_identification:_identify(.) by extension 'ros'
[1.965s] Level 1:colcon.colcon_core.package_identification:_identify(.) by extensions ['cmake', 'python']
[1.965s] Level 1:colcon.colcon_core.package_identification:_identify(.) by extension 'cmake'
[1.965s] Level 1:colcon.colcon_core.package_identification:_identify(.) by extension 'python'
[1.965s] Level 1:colcon.colcon_core.package_identification:_identify(.) by extensions ['python_setup_py']
[1.965s] Level 1:colcon.colcon_core.package_identification:_identify(.) by extension 'python_setup_py'
[1.965s] Level 1:colcon.colcon_core.package_identification:_identify(build) by extensions ['ignore', 'ignore_ament_install']
[1.966s] Level 1:colcon.colcon_core.package_identification:_identify(build) by extension 'ignore'
[1.966s] Level 1:colcon.colcon_core.package_identification:_identify(build) ignored
[1.966s] Level 1:colcon.colcon_core.package_identification:_identify(install) by extensions ['ignore', 'ignore_ament_install']
[1.966s] Level 1:colcon.colcon_core.package_identification:_identify(install) by extension 'ignore'
[1.966s] Level 1:colcon.colcon_core.package_identification:_identify(install) ignored
[1.966s] Level 1:colcon.colcon_core.package_identification:_identify(log) by extensions ['ignore', 'ignore_ament_install']
[1.966s] Level 1:colcon.colcon_core.package_identification:_identify(log) by extension 'ignore'
[1.966s] Level 1:colcon.colcon_core.package_identification:_identify(log) ignored
[1.966s] Level 1:colcon.colcon_core.package_identification:_identify(mypkg) by extensions ['ignore', 'ignore_ament_install']
[1.966s] Level 1:colcon.colcon_core.package_identification:_identify(mypkg) by extension 'ignore'
[1.966s] Level 1:colcon.colcon_core.package_identification:_identify(mypkg) by extension 'ignore_ament_install'
[1.966s] Level 1:colcon.colcon_core.package_identification:_identify(mypkg) by extensions ['colcon_pkg']
[1.966s] Level 1:colcon.colcon_core.package_identification:_identify(mypkg) by extension 'colcon_pkg'
[1.966s] Level 1:colcon.colcon_core.package_identification:_identify(mypkg) by extensions ['colcon_meta']
[1.966s] Level 1:colcon.colcon_core.package_identification:_identify(mypkg) by extension 'colcon_meta'
[1.966s] Level 1:colcon.colcon_core.package_identification:_identify(mypkg) by extensions ['ros']
[1.966s] Level 1:colcon.colcon_core.package_identification:_identify(mypkg) by extension 'ros'
[1.968s] DEBUG:colcon.colcon_core.package_identification:Package 'mypkg' with type 'ros.ament_python' and name 'mypkg'
[1.968s] Level 1:colcon.colcon_core.package_identification:_identify(person_msgs) by extensions ['ignore', 'ignore_ament_install']
[1.968s] Level 1:colcon.colcon_core.package_identification:_identify(person_msgs) by extension 'ignore'
[1.968s] Level 1:colcon.colcon_core.package_identification:_identify(person_msgs) by extension 'ignore_ament_install'
[1.969s] Level 1:colcon.colcon_core.package_identification:_identify(person_msgs) by extensions ['colcon_pkg']
[1.969s] Level 1:colcon.colcon_core.package_identification:_identify(person_msgs) by extension 'colcon_pkg'
[1.969s] Level 1:colcon.colcon_core.package_identification:_identify(person_msgs) by extensions ['colcon_meta']
[1.969s] Level 1:colcon.colcon_core.package_identification:_identify(person_msgs) by extension 'colcon_meta'
[1.969s] Level 1:colcon.colcon_core.package_identification:_identify(person_msgs) by extensions ['ros']
[1.969s] Level 1:colcon.colcon_core.package_identification:_identify(person_msgs) by extension 'ros'
[1.969s] DEBUG:colcon.colcon_core.package_identification:Package 'person_msgs' with type 'ros.ament_cmake' and name 'person_msgs'
[1.969s] Level 1:colcon.colcon_core.package_discovery:discover_packages(recursive) using defaults
[1.969s] Level 1:colcon.colcon_core.package_discovery:discover_packages(ignore) discover
[1.969s] Level 1:colcon.colcon_core.package_discovery:discover_packages(ignore) using defaults
[1.969s] Level 1:colcon.colcon_core.package_discovery:discover_packages(path) discover
[1.969s] Level 1:colcon.colcon_core.package_discovery:discover_packages(path) using defaults
[2.106s] Level 1:colcon.colcon_core.package_discovery:discover_packages(prefix_path) check parameters
[2.106s] Level 1:colcon.colcon_core.package_discovery:discover_packages(prefix_path) discover
[2.172s] DEBUG:colcon.colcon_installed_package_information.package_discovery:Found 1 installed packages in /home/kouta/ros2_ws/install
[2.198s] DEBUG:colcon.colcon_installed_package_information.package_discovery:Found 256 installed packages in /opt/ros/foxy
[2.199s] Level 1:colcon.colcon_core.package_discovery:discover_packages(prefix_path) using defaults
[2.332s] Level 5:colcon.colcon_core.verb:set package 'mypkg' build argument 'cmake_args' from command line to 'None'
[2.332s] Level 5:colcon.colcon_core.verb:set package 'mypkg' build argument 'cmake_target' from command line to 'None'
[2.332s] Level 5:colcon.colcon_core.verb:set package 'mypkg' build argument 'cmake_target_skip_unavailable' from command line to 'False'
[2.332s] Level 5:colcon.colcon_core.verb:set package 'mypkg' build argument 'cmake_clean_cache' from command line to 'False'
[2.332s] Level 5:colcon.colcon_core.verb:set package 'mypkg' build argument 'cmake_clean_first' from command line to 'False'
[2.332s] Level 5:colcon.colcon_core.verb:set package 'mypkg' build argument 'cmake_force_configure' from command line to 'False'
[2.332s] Level 5:colcon.colcon_core.verb:set package 'mypkg' build argument 'ament_cmake_args' from command line to 'None'
[2.332s] Level 5:colcon.colcon_core.verb:set package 'mypkg' build argument 'catkin_cmake_args' from command line to 'None'
[2.332s] Level 5:colcon.colcon_core.verb:set package 'mypkg' build argument 'catkin_skip_building_tests' from command line to 'False'
[2.332s] DEBUG:colcon.colcon_core.verb:Building package 'mypkg' with the following arguments: {'ament_cmake_args': None, 'build_base': '/home/kouta/ros2_ws/src/build/mypkg', 'catkin_cmake_args': None, 'catkin_skip_building_tests': False, 'cmake_args': None, 'cmake_clean_cache': False, 'cmake_clean_first': False, 'cmake_force_configure': False, 'cmake_target': None, 'cmake_target_skip_unavailable': False, 'install_base': '/home/kouta/ros2_ws/src/install/mypkg', 'merge_install': False, 'path': '/home/kouta/ros2_ws/src/mypkg', 'symlink_install': False, 'test_result_base': None}
[2.359s] Level 5:colcon.colcon_core.verb:set package 'person_msgs' build argument 'cmake_args' from command line to 'None'
[2.359s] Level 5:colcon.colcon_core.verb:set package 'person_msgs' build argument 'cmake_target' from command line to 'None'
[2.359s] Level 5:colcon.colcon_core.verb:set package 'person_msgs' build argument 'cmake_target_skip_unavailable' from command line to 'False'
[2.359s] Level 5:colcon.colcon_core.verb:set package 'person_msgs' build argument 'cmake_clean_cache' from command line to 'False'
[2.359s] Level 5:colcon.colcon_core.verb:set package 'person_msgs' build argument 'cmake_clean_first' from command line to 'False'
[2.359s] Level 5:colcon.colcon_core.verb:set package 'person_msgs' build argument 'cmake_force_configure' from command line to 'False'
[2.359s] Level 5:colcon.colcon_core.verb:set package 'person_msgs' build argument 'ament_cmake_args' from command line to 'None'
[2.359s] Level 5:colcon.colcon_core.verb:set package 'person_msgs' build argument 'catkin_cmake_args' from command line to 'None'
[2.359s] Level 5:colcon.colcon_core.verb:set package 'person_msgs' build argument 'catkin_skip_building_tests' from command line to 'False'
[2.359s] DEBUG:colcon.colcon_core.verb:Building package 'person_msgs' with the following arguments: {'ament_cmake_args': None, 'build_base': '/home/kouta/ros2_ws/src/build/person_msgs', 'catkin_cmake_args': None, 'catkin_skip_building_tests': False, 'cmake_args': None, 'cmake_clean_cache': False, 'cmake_clean_first': False, 'cmake_force_configure': False, 'cmake_target': None, 'cmake_target_skip_unavailable': False, 'install_base': '/home/kouta/ros2_ws/src/install/person_msgs', 'merge_install': False, 'path': '/home/kouta/ros2_ws/src/person_msgs', 'symlink_install': False, 'test_result_base': None}
[2.384s] INFO:colcon.colcon_core.executor:Executing jobs using 'parallel' executor
[2.411s] DEBUG:colcon.colcon_parallel_executor.executor.parallel:run_until_complete
[2.411s] INFO:colcon.colcon_ros.task.ament_python.build:Building ROS package in '/home/kouta/ros2_ws/src/mypkg' with build type 'ament_python'
[2.411s] Level 1:colcon.colcon_core.shell:create_environment_hook('mypkg', 'ament_prefix_path')
[2.439s] INFO:colcon.colcon_core.plugin_system:Skipping extension 'colcon_core.shell.bat': Not used on non-Windows systems
[2.439s] INFO:colcon.colcon_core.shell:Creating environment hook '/home/kouta/ros2_ws/src/install/mypkg/share/mypkg/hook/ament_prefix_path.ps1'
[2.441s] INFO:colcon.colcon_core.shell:Creating environment descriptor '/home/kouta/ros2_ws/src/install/mypkg/share/mypkg/hook/ament_prefix_path.dsv'
[2.442s] INFO:colcon.colcon_core.shell:Creating environment hook '/home/kouta/ros2_ws/src/install/mypkg/share/mypkg/hook/ament_prefix_path.sh'
[2.470s] INFO:colcon.colcon_core.shell:Skip shell extension 'powershell' for command environment: Not usable outside of PowerShell
[2.470s] DEBUG:colcon.colcon_core.shell:Skip shell extension 'dsv' for command environment
[2.567s] INFO:colcon.colcon_ros.task.ament_cmake.build:Building ROS package in '/home/kouta/ros2_ws/src/person_msgs' with build type 'ament_cmake'
[2.567s] INFO:colcon.colcon_cmake.task.cmake.build:Building CMake package in '/home/kouta/ros2_ws/src/person_msgs'
[2.619s] INFO:colcon.colcon_core.shell:Skip shell extension 'powershell' for command environment: Not usable outside of PowerShell
[2.619s] DEBUG:colcon.colcon_core.shell:Skip shell extension 'dsv' for command environment
[2.879s] INFO:colcon.colcon_core.task.python.build:Building Python package in '/home/kouta/ros2_ws/src/mypkg'
[2.905s] INFO:colcon.colcon_core.shell:Skip shell extension 'powershell' for command environment: Not usable outside of PowerShell
[2.906s] DEBUG:colcon.colcon_core.shell:Skip shell extension 'dsv' for command environment
[3.005s] DEBUG:colcon.colcon_core.event_handler.log_command:Invoking command in '/home/kouta/ros2_ws/src/build/person_msgs': CMAKE_PREFIX_PATH=/home/kouta/ros2_ws/install/mypkg:/opt/ros/foxy /usr/bin/cmake /home/kouta/ros2_ws/src/person_msgs -DCMAKE_INSTALL_PREFIX=/home/kouta/ros2_ws/src/install/person_msgs
[3.352s] DEBUG:colcon.colcon_core.event_handler.log_command:Invoking command in '/home/kouta/ros2_ws/src/mypkg': PYTHONPATH=/home/kouta/ros2_ws/src/build/mypkg/prefix_override:/home/kouta/ros2_ws/src/install/mypkg/lib/python3.8/site-packages:${PYTHONPATH} /usr/bin/python3 setup.py egg_info --egg-base ../build/mypkg build --build-base /home/kouta/ros2_ws/src/build/mypkg/build install --record /home/kouta/ros2_ws/src/build/mypkg/install.log --install-scripts $base/lib/mypkg --single-version-externally-managed
[3.632s] DEBUG:colcon.colcon_core.event_handler.log_command:Invoked command in '/home/kouta/ros2_ws/src/mypkg' returned '0': PYTHONPATH=/home/kouta/ros2_ws/src/build/mypkg/prefix_override:/home/kouta/ros2_ws/src/install/mypkg/lib/python3.8/site-packages:${PYTHONPATH} /usr/bin/python3 setup.py egg_info --egg-base ../build/mypkg build --build-base /home/kouta/ros2_ws/src/build/mypkg/build install --record /home/kouta/ros2_ws/src/build/mypkg/install.log --install-scripts $base/lib/mypkg --single-version-externally-managed
[3.665s] Level 1:colcon.colcon_core.environment:checking '/home/kouta/ros2_ws/src/install/mypkg' for CMake module files
[3.666s] Level 1:colcon.colcon_core.environment:checking '/home/kouta/ros2_ws/src/install/mypkg' for CMake config files
[3.666s] Level 1:colcon.colcon_core.environment:checking '/home/kouta/ros2_ws/src/install/mypkg/lib'
[3.666s] Level 1:colcon.colcon_core.environment:checking '/home/kouta/ros2_ws/src/install/mypkg/bin'
[3.667s] Level 1:colcon.colcon_core.environment:checking '/home/kouta/ros2_ws/src/install/mypkg/lib/pkgconfig/mypkg.pc'
[3.667s] Level 1:colcon.colcon_core.environment:checking '/home/kouta/ros2_ws/src/install/mypkg/lib/python3.8/site-packages'
[3.667s] Level 1:colcon.colcon_core.shell:create_environment_hook('mypkg', 'pythonpath')
[3.710s] INFO:colcon.colcon_core.shell:Creating environment hook '/home/kouta/ros2_ws/src/install/mypkg/share/mypkg/hook/pythonpath.ps1'
[3.711s] INFO:colcon.colcon_core.shell:Creating environment descriptor '/home/kouta/ros2_ws/src/install/mypkg/share/mypkg/hook/pythonpath.dsv'
[3.711s] INFO:colcon.colcon_core.shell:Creating environment hook '/home/kouta/ros2_ws/src/install/mypkg/share/mypkg/hook/pythonpath.sh'
[3.712s] Level 1:colcon.colcon_core.environment:checking '/home/kouta/ros2_ws/src/install/mypkg/bin'
[3.712s] Level 1:colcon.colcon_core.environment:create_environment_scripts_only(mypkg)
[3.740s] INFO:colcon.colcon_core.shell:Creating package script '/home/kouta/ros2_ws/src/install/mypkg/share/mypkg/package.ps1'
[3.741s] INFO:colcon.colcon_core.shell:Creating package descriptor '/home/kouta/ros2_ws/src/install/mypkg/share/mypkg/package.dsv'
[3.741s] INFO:colcon.colcon_core.shell:Creating package script '/home/kouta/ros2_ws/src/install/mypkg/share/mypkg/package.sh'
[3.742s] INFO:colcon.colcon_core.shell:Creating package script '/home/kouta/ros2_ws/src/install/mypkg/share/mypkg/package.bash'
[3.743s] INFO:colcon.colcon_core.shell:Creating package script '/home/kouta/ros2_ws/src/install/mypkg/share/mypkg/package.zsh'
[3.743s] Level 1:colcon.colcon_core.environment:create_file_with_runtime_dependencies(/home/kouta/ros2_ws/src/install/mypkg/share/colcon-core/packages/mypkg)
[5.787s] DEBUG:colcon.colcon_core.event_handler.log_command:Invoked command in '/home/kouta/ros2_ws/src/build/person_msgs' returned '0': CMAKE_PREFIX_PATH=/home/kouta/ros2_ws/install/mypkg:/opt/ros/foxy /usr/bin/cmake /home/kouta/ros2_ws/src/person_msgs -DCMAKE_INSTALL_PREFIX=/home/kouta/ros2_ws/src/install/person_msgs
[5.790s] DEBUG:colcon.colcon_core.event_handler.log_command:Invoking command in '/home/kouta/ros2_ws/src/build/person_msgs': CMAKE_PREFIX_PATH=/home/kouta/ros2_ws/install/mypkg:/opt/ros/foxy /usr/bin/cmake --build /home/kouta/ros2_ws/src/build/person_msgs -- -j8 -l8
[5.824s] DEBUG:colcon.colcon_core.event_handler.log_command:Invoked command in '/home/kouta/ros2_ws/src/build/person_msgs' returned '0': CMAKE_PREFIX_PATH=/home/kouta/ros2_ws/install/mypkg:/opt/ros/foxy /usr/bin/cmake --build /home/kouta/ros2_ws/src/build/person_msgs -- -j8 -l8
[5.860s] DEBUG:colcon.colcon_core.event_handler.log_command:Invoking command in '/home/kouta/ros2_ws/src/build/person_msgs': CMAKE_PREFIX_PATH=/home/kouta/ros2_ws/install/mypkg:/opt/ros/foxy /usr/bin/cmake --install /home/kouta/ros2_ws/src/build/person_msgs
[5.872s] Level 1:colcon.colcon_core.environment:create_environment_scripts_only(person_msgs)
[5.873s] DEBUG:colcon.colcon_core.event_handler.log_command:Invoked command in '/home/kouta/ros2_ws/src/build/person_msgs' returned '0': CMAKE_PREFIX_PATH=/home/kouta/ros2_ws/install/mypkg:/opt/ros/foxy /usr/bin/cmake --install /home/kouta/ros2_ws/src/build/person_msgs
[5.903s] Level 1:colcon.colcon_core.environment:checking '/home/kouta/ros2_ws/src/install/person_msgs' for CMake module files
[5.904s] Level 1:colcon.colcon_core.environment:checking '/home/kouta/ros2_ws/src/install/person_msgs' for CMake config files
[5.904s] Level 1:colcon.colcon_core.shell:create_environment_hook('person_msgs', 'cmake_prefix_path')
[5.931s] INFO:colcon.colcon_core.shell:Creating environment hook '/home/kouta/ros2_ws/src/install/person_msgs/share/person_msgs/hook/cmake_prefix_path.ps1'
[5.932s] INFO:colcon.colcon_core.shell:Creating environment descriptor '/home/kouta/ros2_ws/src/install/person_msgs/share/person_msgs/hook/cmake_prefix_path.dsv'
[5.932s] INFO:colcon.colcon_core.shell:Creating environment hook '/home/kouta/ros2_ws/src/install/person_msgs/share/person_msgs/hook/cmake_prefix_path.sh'
[5.933s] Level 1:colcon.colcon_core.environment:checking '/home/kouta/ros2_ws/src/install/person_msgs/bin'
[5.933s] Level 1:colcon.colcon_core.environment:checking '/home/kouta/ros2_ws/src/install/person_msgs/lib/pkgconfig/person_msgs.pc'
[5.933s] Level 1:colcon.colcon_core.environment:checking '/home/kouta/ros2_ws/src/install/person_msgs/lib/python3.8/site-packages'
[5.933s] Level 1:colcon.colcon_core.environment:checking '/home/kouta/ros2_ws/src/install/person_msgs/bin'
[5.963s] INFO:colcon.colcon_core.shell:Creating package script '/home/kouta/ros2_ws/src/install/person_msgs/share/person_msgs/package.ps1'
[5.963s] INFO:colcon.colcon_core.shell:Creating package descriptor '/home/kouta/ros2_ws/src/install/person_msgs/share/person_msgs/package.dsv'
[5.964s] INFO:colcon.colcon_core.shell:Creating package script '/home/kouta/ros2_ws/src/install/person_msgs/share/person_msgs/package.sh'
[5.964s] INFO:colcon.colcon_core.shell:Creating package script '/home/kouta/ros2_ws/src/install/person_msgs/share/person_msgs/package.bash'
[5.964s] INFO:colcon.colcon_core.shell:Creating package script '/home/kouta/ros2_ws/src/install/person_msgs/share/person_msgs/package.zsh'
[5.964s] Level 1:colcon.colcon_core.environment:create_file_with_runtime_dependencies(/home/kouta/ros2_ws/src/install/person_msgs/share/colcon-core/packages/person_msgs)
[6.009s] Level 1:colcon.colcon_core.environment:create_environment_scripts_only(person_msgs)
[6.034s] Level 1:colcon.colcon_core.environment:checking '/home/kouta/ros2_ws/src/install/person_msgs' for CMake module files
[6.035s] Level 1:colcon.colcon_core.environment:checking '/home/kouta/ros2_ws/src/install/person_msgs' for CMake config files
[6.035s] Level 1:colcon.colcon_core.shell:create_environment_hook('person_msgs', 'cmake_prefix_path')
[6.069s] INFO:colcon.colcon_core.shell:Creating environment hook '/home/kouta/ros2_ws/src/install/person_msgs/share/person_msgs/hook/cmake_prefix_path.ps1'
[6.069s] INFO:colcon.colcon_core.shell:Creating environment descriptor '/home/kouta/ros2_ws/src/install/person_msgs/share/person_msgs/hook/cmake_prefix_path.dsv'
[6.070s] INFO:colcon.colcon_core.shell:Creating environment hook '/home/kouta/ros2_ws/src/install/person_msgs/share/person_msgs/hook/cmake_prefix_path.sh'
[6.071s] Level 1:colcon.colcon_core.environment:checking '/home/kouta/ros2_ws/src/install/person_msgs/bin'
[6.071s] Level 1:colcon.colcon_core.environment:checking '/home/kouta/ros2_ws/src/install/person_msgs/lib/pkgconfig/person_msgs.pc'
[6.071s] Level 1:colcon.colcon_core.environment:checking '/home/kouta/ros2_ws/src/install/person_msgs/lib/python3.8/site-packages'
[6.072s] Level 1:colcon.colcon_core.environment:checking '/home/kouta/ros2_ws/src/install/person_msgs/bin'
[6.107s] INFO:colcon.colcon_core.shell:Creating package script '/home/kouta/ros2_ws/src/install/person_msgs/share/person_msgs/package.ps1'
[6.108s] INFO:colcon.colcon_core.shell:Creating package descriptor '/home/kouta/ros2_ws/src/install/person_msgs/share/person_msgs/package.dsv'
[6.109s] INFO:colcon.colcon_core.shell:Creating package script '/home/kouta/ros2_ws/src/install/person_msgs/share/person_msgs/package.sh'
[6.109s] INFO:colcon.colcon_core.shell:Creating package script '/home/kouta/ros2_ws/src/install/person_msgs/share/person_msgs/package.bash'
[6.110s] INFO:colcon.colcon_core.shell:Creating package script '/home/kouta/ros2_ws/src/install/person_msgs/share/person_msgs/package.zsh'
[6.110s] Level 1:colcon.colcon_core.environment:create_file_with_runtime_dependencies(/home/kouta/ros2_ws/src/install/person_msgs/share/colcon-core/packages/person_msgs)
[6.111s] DEBUG:colcon.colcon_parallel_executor.executor.parallel:closing loop
[6.111s] DEBUG:colcon.colcon_parallel_executor.executor.parallel:loop closed
[6.112s] DEBUG:colcon.colcon_parallel_executor.executor.parallel:run_until_complete finished with '0'
[6.112s] DEBUG:colcon.colcon_core.event_reactor:joining thread
[6.230s] INFO:colcon.colcon_core.plugin_system:Skipping extension 'colcon_notification.desktop_notification.notify_send': Could not find 'notify-send'
[6.231s] INFO:colcon.colcon_core.plugin_system:Skipping extension 'colcon_notification.desktop_notification.terminal_notifier': Not used on non-Darwin systems
[6.231s] INFO:colcon.colcon_core.plugin_system:Skipping extension 'colcon_notification.desktop_notification.win32': Not used on non-Windows systems
[6.231s] INFO:colcon.colcon_notification.desktop_notification:Sending desktop notification using 'notify2'
[6.237s] DEBUG:colcon.colcon_notification.desktop_notification.notify2:Failed to initialize notify2: org.freedesktop.DBus.Error.ServiceUnknown: The name org.freedesktop.Notifications was not provided by any .service files
[6.237s] DEBUG:colcon.colcon_core.event_reactor:joined thread
[6.265s] INFO:colcon.colcon_core.shell:Creating prefix script '/home/kouta/ros2_ws/src/install/local_setup.ps1'
[6.265s] INFO:colcon.colcon_core.shell:Creating prefix util module '/home/kouta/ros2_ws/src/install/_local_setup_util_ps1.py'
[6.266s] INFO:colcon.colcon_core.shell:Creating prefix chain script '/home/kouta/ros2_ws/src/install/setup.ps1'
[6.295s] INFO:colcon.colcon_core.shell:Creating prefix script '/home/kouta/ros2_ws/src/install/local_setup.sh'
[6.296s] INFO:colcon.colcon_core.shell:Creating prefix util module '/home/kouta/ros2_ws/src/install/_local_setup_util_sh.py'
[6.296s] INFO:colcon.colcon_core.shell:Creating prefix chain script '/home/kouta/ros2_ws/src/install/setup.sh'
[6.323s] INFO:colcon.colcon_core.shell:Creating prefix script '/home/kouta/ros2_ws/src/install/local_setup.bash'
[6.323s] INFO:colcon.colcon_core.shell:Creating prefix chain script '/home/kouta/ros2_ws/src/install/setup.bash'
[6.357s] INFO:colcon.colcon_core.shell:Creating prefix script '/home/kouta/ros2_ws/src/install/local_setup.zsh'
[6.357s] INFO:colcon.colcon_core.shell:Creating prefix chain script '/home/kouta/ros2_ws/src/install/setup.zsh'
