[3.167s] DEBUG:colcon:Command line arguments: ['/usr/bin/colcon', 'build']
[3.167s] DEBUG:colcon:Parsed command line arguments: Namespace(allow_overriding=[], ament_cmake_args=None, base_paths=['.'], build_base='build', catkin_cmake_args=None, catkin_skip_building_tests=False, cmake_args=None, cmake_clean_cache=False, cmake_clean_first=False, cmake_force_configure=False, cmake_target=None, cmake_target_skip_unavailable=False, continue_on_error=False, event_handlers=None, executor='parallel', ignore_user_meta=False, install_base='install', log_base=None, log_level=None, main=<bound method BuildVerb.main of <colcon_core.verb.build.BuildVerb object at 0x7f08071f87c0>>, merge_install=False, metas=['./colcon.meta'], packages_above=None, packages_above_and_dependencies=None, packages_above_depth=None, packages_end=None, packages_ignore=None, packages_ignore_regex=None, packages_select=None, packages_select_build_failed=False, packages_select_by_dep=None, packages_select_regex=None, packages_select_test_failures=False, packages_skip=None, packages_skip_build_finished=False, packages_skip_by_dep=None, packages_skip_regex=None, packages_skip_test_passed=False, packages_skip_up_to=None, packages_start=None, packages_up_to=None, packages_up_to_regex=None, parallel_workers=8, paths=None, symlink_install=False, test_result_base=None, verb_extension=<colcon_core.verb.build.BuildVerb object at 0x7f08071f87c0>, verb_name='build', verb_parser=<colcon_defaults.argument_parser.defaults.DefaultArgumentsDecorator object at 0x7f0806d90dc0>)
[3.331s] Level 1:colcon.colcon_core.package_discovery:discover_packages(colcon_meta) check parameters
[3.332s] Level 1:colcon.colcon_core.package_discovery:discover_packages(recursive) check parameters
[3.332s] Level 1:colcon.colcon_core.package_discovery:discover_packages(ignore) check parameters
[3.332s] Level 1:colcon.colcon_core.package_discovery:discover_packages(path) check parameters
[3.332s] Level 1:colcon.colcon_core.package_discovery:discover_packages(colcon_meta) discover
[3.332s] Level 1:colcon.colcon_core.package_discovery:discover_packages(recursive) discover
[3.332s] INFO:colcon.colcon_core.package_discovery:Crawling recursively for packages in '/home/kouta/ros2_ws/src'
[3.332s] Level 1:colcon.colcon_core.package_identification:_identify(.) by extensions ['ignore', 'ignore_ament_install']
[3.333s] Level 1:colcon.colcon_core.package_identification:_identify(.) by extension 'ignore'
[3.333s] Level 1:colcon.colcon_core.package_identification:_identify(.) by extension 'ignore_ament_install'
[3.333s] Level 1:colcon.colcon_core.package_identification:_identify(.) by extensions ['colcon_pkg']
[3.333s] Level 1:colcon.colcon_core.package_identification:_identify(.) by extension 'colcon_pkg'
[3.333s] Level 1:colcon.colcon_core.package_identification:_identify(.) by extensions ['colcon_meta']
[3.333s] Level 1:colcon.colcon_core.package_identification:_identify(.) by extension 'colcon_meta'
[3.333s] Level 1:colcon.colcon_core.package_identification:_identify(.) by extensions ['ros']
[3.333s] Level 1:colcon.colcon_core.package_identification:_identify(.) by extension 'ros'
[3.362s] Level 1:colcon.colcon_core.package_identification:_identify(.) by extensions ['cmake', 'python']
[3.362s] Level 1:colcon.colcon_core.package_identification:_identify(.) by extension 'cmake'
[3.362s] Level 1:colcon.colcon_core.package_identification:_identify(.) by extension 'python'
[3.362s] Level 1:colcon.colcon_core.package_identification:_identify(.) by extensions ['python_setup_py']
[3.362s] Level 1:colcon.colcon_core.package_identification:_identify(.) by extension 'python_setup_py'
[3.363s] Level 1:colcon.colcon_core.package_identification:_identify(build) by extensions ['ignore', 'ignore_ament_install']
[3.363s] Level 1:colcon.colcon_core.package_identification:_identify(build) by extension 'ignore'
[3.363s] Level 1:colcon.colcon_core.package_identification:_identify(build) ignored
[3.363s] Level 1:colcon.colcon_core.package_identification:_identify(install) by extensions ['ignore', 'ignore_ament_install']
[3.363s] Level 1:colcon.colcon_core.package_identification:_identify(install) by extension 'ignore'
[3.363s] Level 1:colcon.colcon_core.package_identification:_identify(install) ignored
[3.363s] Level 1:colcon.colcon_core.package_identification:_identify(log) by extensions ['ignore', 'ignore_ament_install']
[3.363s] Level 1:colcon.colcon_core.package_identification:_identify(log) by extension 'ignore'
[3.363s] Level 1:colcon.colcon_core.package_identification:_identify(log) ignored
[3.364s] Level 1:colcon.colcon_core.package_identification:_identify(mypkg) by extensions ['ignore', 'ignore_ament_install']
[3.364s] Level 1:colcon.colcon_core.package_identification:_identify(mypkg) by extension 'ignore'
[3.364s] Level 1:colcon.colcon_core.package_identification:_identify(mypkg) by extension 'ignore_ament_install'
[3.364s] Level 1:colcon.colcon_core.package_identification:_identify(mypkg) by extensions ['colcon_pkg']
[3.364s] Level 1:colcon.colcon_core.package_identification:_identify(mypkg) by extension 'colcon_pkg'
[3.364s] Level 1:colcon.colcon_core.package_identification:_identify(mypkg) by extensions ['colcon_meta']
[3.364s] Level 1:colcon.colcon_core.package_identification:_identify(mypkg) by extension 'colcon_meta'
[3.364s] Level 1:colcon.colcon_core.package_identification:_identify(mypkg) by extensions ['ros']
[3.364s] Level 1:colcon.colcon_core.package_identification:_identify(mypkg) by extension 'ros'
[3.371s] DEBUG:colcon.colcon_core.package_identification:Package 'mypkg' with type 'ros.ament_python' and name 'mypkg'
[3.372s] Level 1:colcon.colcon_core.package_identification:_identify(person_msgs) by extensions ['ignore', 'ignore_ament_install']
[3.372s] Level 1:colcon.colcon_core.package_identification:_identify(person_msgs) by extension 'ignore'
[3.372s] Level 1:colcon.colcon_core.package_identification:_identify(person_msgs) by extension 'ignore_ament_install'
[3.372s] Level 1:colcon.colcon_core.package_identification:_identify(person_msgs) by extensions ['colcon_pkg']
[3.372s] Level 1:colcon.colcon_core.package_identification:_identify(person_msgs) by extension 'colcon_pkg'
[3.373s] Level 1:colcon.colcon_core.package_identification:_identify(person_msgs) by extensions ['colcon_meta']
[3.373s] Level 1:colcon.colcon_core.package_identification:_identify(person_msgs) by extension 'colcon_meta'
[3.373s] Level 1:colcon.colcon_core.package_identification:_identify(person_msgs) by extensions ['ros']
[3.373s] Level 1:colcon.colcon_core.package_identification:_identify(person_msgs) by extension 'ros'
[3.374s] DEBUG:colcon.colcon_core.package_identification:Package 'person_msgs' with type 'ros.ament_cmake' and name 'person_msgs'
[3.374s] Level 1:colcon.colcon_core.package_discovery:discover_packages(recursive) using defaults
[3.374s] Level 1:colcon.colcon_core.package_discovery:discover_packages(ignore) discover
[3.374s] Level 1:colcon.colcon_core.package_discovery:discover_packages(ignore) using defaults
[3.374s] Level 1:colcon.colcon_core.package_discovery:discover_packages(path) discover
[3.375s] Level 1:colcon.colcon_core.package_discovery:discover_packages(path) using defaults
[3.730s] Level 1:colcon.colcon_core.package_discovery:discover_packages(prefix_path) check parameters
[3.730s] Level 1:colcon.colcon_core.package_discovery:discover_packages(prefix_path) discover
[3.842s] DEBUG:colcon.colcon_installed_package_information.package_discovery:Found 2 installed packages in /home/kouta/ros2_ws/install
[3.874s] DEBUG:colcon.colcon_installed_package_information.package_discovery:Found 256 installed packages in /opt/ros/foxy
[3.875s] Level 1:colcon.colcon_core.package_discovery:discover_packages(prefix_path) using defaults
[4.048s] Level 5:colcon.colcon_core.verb:set package 'mypkg' build argument 'cmake_args' from command line to 'None'
[4.049s] Level 5:colcon.colcon_core.verb:set package 'mypkg' build argument 'cmake_target' from command line to 'None'
[4.049s] Level 5:colcon.colcon_core.verb:set package 'mypkg' build argument 'cmake_target_skip_unavailable' from command line to 'False'
[4.049s] Level 5:colcon.colcon_core.verb:set package 'mypkg' build argument 'cmake_clean_cache' from command line to 'False'
[4.049s] Level 5:colcon.colcon_core.verb:set package 'mypkg' build argument 'cmake_clean_first' from command line to 'False'
[4.049s] Level 5:colcon.colcon_core.verb:set package 'mypkg' build argument 'cmake_force_configure' from command line to 'False'
[4.049s] Level 5:colcon.colcon_core.verb:set package 'mypkg' build argument 'ament_cmake_args' from command line to 'None'
[4.049s] Level 5:colcon.colcon_core.verb:set package 'mypkg' build argument 'catkin_cmake_args' from command line to 'None'
[4.049s] Level 5:colcon.colcon_core.verb:set package 'mypkg' build argument 'catkin_skip_building_tests' from command line to 'False'
[4.049s] DEBUG:colcon.colcon_core.verb:Building package 'mypkg' with the following arguments: {'ament_cmake_args': None, 'build_base': '/home/kouta/ros2_ws/src/build/mypkg', 'catkin_cmake_args': None, 'catkin_skip_building_tests': False, 'cmake_args': None, 'cmake_clean_cache': False, 'cmake_clean_first': False, 'cmake_force_configure': False, 'cmake_target': None, 'cmake_target_skip_unavailable': False, 'install_base': '/home/kouta/ros2_ws/src/install/mypkg', 'merge_install': False, 'path': '/home/kouta/ros2_ws/src/mypkg', 'symlink_install': False, 'test_result_base': None}
[4.091s] Level 5:colcon.colcon_core.verb:set package 'person_msgs' build argument 'cmake_args' from command line to 'None'
[4.091s] Level 5:colcon.colcon_core.verb:set package 'person_msgs' build argument 'cmake_target' from command line to 'None'
[4.091s] Level 5:colcon.colcon_core.verb:set package 'person_msgs' build argument 'cmake_target_skip_unavailable' from command line to 'False'
[4.091s] Level 5:colcon.colcon_core.verb:set package 'person_msgs' build argument 'cmake_clean_cache' from command line to 'False'
[4.091s] Level 5:colcon.colcon_core.verb:set package 'person_msgs' build argument 'cmake_clean_first' from command line to 'False'
[4.091s] Level 5:colcon.colcon_core.verb:set package 'person_msgs' build argument 'cmake_force_configure' from command line to 'False'
[4.091s] Level 5:colcon.colcon_core.verb:set package 'person_msgs' build argument 'ament_cmake_args' from command line to 'None'
[4.091s] Level 5:colcon.colcon_core.verb:set package 'person_msgs' build argument 'catkin_cmake_args' from command line to 'None'
[4.091s] Level 5:colcon.colcon_core.verb:set package 'person_msgs' build argument 'catkin_skip_building_tests' from command line to 'False'
[4.091s] DEBUG:colcon.colcon_core.verb:Building package 'person_msgs' with the following arguments: {'ament_cmake_args': None, 'build_base': '/home/kouta/ros2_ws/src/build/person_msgs', 'catkin_cmake_args': None, 'catkin_skip_building_tests': False, 'cmake_args': None, 'cmake_clean_cache': False, 'cmake_clean_first': False, 'cmake_force_configure': False, 'cmake_target': None, 'cmake_target_skip_unavailable': False, 'install_base': '/home/kouta/ros2_ws/src/install/person_msgs', 'merge_install': False, 'path': '/home/kouta/ros2_ws/src/person_msgs', 'symlink_install': False, 'test_result_base': None}
[4.122s] INFO:colcon.colcon_core.executor:Executing jobs using 'parallel' executor
[4.150s] DEBUG:colcon.colcon_parallel_executor.executor.parallel:run_until_complete
[4.150s] INFO:colcon.colcon_ros.task.ament_python.build:Building ROS package in '/home/kouta/ros2_ws/src/mypkg' with build type 'ament_python'
[4.150s] Level 1:colcon.colcon_core.shell:create_environment_hook('mypkg', 'ament_prefix_path')
[4.261s] INFO:colcon.colcon_core.plugin_system:Skipping extension 'colcon_core.shell.bat': Not used on non-Windows systems
[4.262s] INFO:colcon.colcon_core.shell:Creating environment hook '/home/kouta/ros2_ws/src/install/mypkg/share/mypkg/hook/ament_prefix_path.ps1'
[4.268s] INFO:colcon.colcon_core.shell:Creating environment descriptor '/home/kouta/ros2_ws/src/install/mypkg/share/mypkg/hook/ament_prefix_path.dsv'
[4.270s] INFO:colcon.colcon_core.shell:Creating environment hook '/home/kouta/ros2_ws/src/install/mypkg/share/mypkg/hook/ament_prefix_path.sh'
[4.331s] INFO:colcon.colcon_core.shell:Skip shell extension 'powershell' for command environment: Not usable outside of PowerShell
[4.331s] DEBUG:colcon.colcon_core.shell:Skip shell extension 'dsv' for command environment
[4.478s] INFO:colcon.colcon_ros.task.ament_cmake.build:Building ROS package in '/home/kouta/ros2_ws/src/person_msgs' with build type 'ament_cmake'
[4.479s] INFO:colcon.colcon_cmake.task.cmake.build:Building CMake package in '/home/kouta/ros2_ws/src/person_msgs'
[4.512s] INFO:colcon.colcon_core.shell:Skip shell extension 'powershell' for command environment: Not usable outside of PowerShell
[4.512s] DEBUG:colcon.colcon_core.shell:Skip shell extension 'dsv' for command environment
[4.969s] INFO:colcon.colcon_core.task.python.build:Building Python package in '/home/kouta/ros2_ws/src/mypkg'
[5.014s] INFO:colcon.colcon_core.shell:Skip shell extension 'powershell' for command environment: Not usable outside of PowerShell
[5.015s] DEBUG:colcon.colcon_core.shell:Skip shell extension 'dsv' for command environment
[5.168s] DEBUG:colcon.colcon_core.event_handler.log_command:Invoking command in '/home/kouta/ros2_ws/src/build/person_msgs': CMAKE_PREFIX_PATH=${CMAKE_PREFIX_PATH}:/home/kouta/ros2_ws/install/mypkg:/opt/ros/foxy /usr/bin/cmake --build /home/kouta/ros2_ws/src/build/person_msgs -- -j8 -l8
[5.728s] DEBUG:colcon.colcon_core.event_handler.log_command:Invoking command in '/home/kouta/ros2_ws/src/mypkg': PYTHONPATH=/home/kouta/ros2_ws/src/build/mypkg/prefix_override:/home/kouta/ros2_ws/src/install/mypkg/lib/python3.8/site-packages:${PYTHONPATH} /usr/bin/python3 setup.py egg_info --egg-base ../build/mypkg build --build-base /home/kouta/ros2_ws/src/build/mypkg/build install --record /home/kouta/ros2_ws/src/build/mypkg/install.log --install-scripts $base/lib/mypkg --single-version-externally-managed
[6.016s] DEBUG:colcon.colcon_core.event_handler.log_command:Invoked command in '/home/kouta/ros2_ws/src/mypkg' returned '0': PYTHONPATH=/home/kouta/ros2_ws/src/build/mypkg/prefix_override:/home/kouta/ros2_ws/src/install/mypkg/lib/python3.8/site-packages:${PYTHONPATH} /usr/bin/python3 setup.py egg_info --egg-base ../build/mypkg build --build-base /home/kouta/ros2_ws/src/build/mypkg/build install --record /home/kouta/ros2_ws/src/build/mypkg/install.log --install-scripts $base/lib/mypkg --single-version-externally-managed
[6.061s] Level 1:colcon.colcon_core.environment:checking '/home/kouta/ros2_ws/src/install/mypkg' for CMake module files
[6.062s] Level 1:colcon.colcon_core.environment:checking '/home/kouta/ros2_ws/src/install/mypkg' for CMake config files
[6.063s] Level 1:colcon.colcon_core.environment:checking '/home/kouta/ros2_ws/src/install/mypkg/lib'
[6.063s] Level 1:colcon.colcon_core.environment:checking '/home/kouta/ros2_ws/src/install/mypkg/bin'
[6.063s] Level 1:colcon.colcon_core.environment:checking '/home/kouta/ros2_ws/src/install/mypkg/lib/pkgconfig/mypkg.pc'
[6.064s] Level 1:colcon.colcon_core.environment:checking '/home/kouta/ros2_ws/src/install/mypkg/lib/python3.8/site-packages'
[6.064s] Level 1:colcon.colcon_core.shell:create_environment_hook('mypkg', 'pythonpath')
[6.099s] INFO:colcon.colcon_core.shell:Creating environment hook '/home/kouta/ros2_ws/src/install/mypkg/share/mypkg/hook/pythonpath.ps1'
[6.100s] INFO:colcon.colcon_core.shell:Creating environment descriptor '/home/kouta/ros2_ws/src/install/mypkg/share/mypkg/hook/pythonpath.dsv'
[6.100s] INFO:colcon.colcon_core.shell:Creating environment hook '/home/kouta/ros2_ws/src/install/mypkg/share/mypkg/hook/pythonpath.sh'
[6.101s] Level 1:colcon.colcon_core.environment:checking '/home/kouta/ros2_ws/src/install/mypkg/bin'
[6.101s] Level 1:colcon.colcon_core.environment:create_environment_scripts_only(mypkg)
[6.151s] INFO:colcon.colcon_core.shell:Creating package script '/home/kouta/ros2_ws/src/install/mypkg/share/mypkg/package.ps1'
[6.153s] INFO:colcon.colcon_core.shell:Creating package descriptor '/home/kouta/ros2_ws/src/install/mypkg/share/mypkg/package.dsv'
[6.154s] INFO:colcon.colcon_core.shell:Creating package script '/home/kouta/ros2_ws/src/install/mypkg/share/mypkg/package.sh'
[6.155s] INFO:colcon.colcon_core.shell:Creating package script '/home/kouta/ros2_ws/src/install/mypkg/share/mypkg/package.bash'
[6.156s] INFO:colcon.colcon_core.shell:Creating package script '/home/kouta/ros2_ws/src/install/mypkg/share/mypkg/package.zsh'
[6.157s] Level 1:colcon.colcon_core.environment:create_file_with_runtime_dependencies(/home/kouta/ros2_ws/src/install/mypkg/share/colcon-core/packages/mypkg)
[15.812s] DEBUG:colcon.colcon_core.event_handler.log_command:Invoked command in '/home/kouta/ros2_ws/src/build/person_msgs' returned '2': CMAKE_PREFIX_PATH=${CMAKE_PREFIX_PATH}:/home/kouta/ros2_ws/install/mypkg:/opt/ros/foxy /usr/bin/cmake --build /home/kouta/ros2_ws/src/build/person_msgs -- -j8 -l8
[15.864s] Level 1:colcon.colcon_core.environment:create_environment_scripts_only(person_msgs)
[15.898s] Level 1:colcon.colcon_core.environment:checking '/home/kouta/ros2_ws/src/install/person_msgs' for CMake module files
[15.901s] Level 1:colcon.colcon_core.environment:checking '/home/kouta/ros2_ws/src/install/person_msgs' for CMake config files
[15.902s] Level 1:colcon.colcon_core.shell:create_environment_hook('person_msgs', 'cmake_prefix_path')
[15.935s] INFO:colcon.colcon_core.shell:Creating environment hook '/home/kouta/ros2_ws/src/install/person_msgs/share/person_msgs/hook/cmake_prefix_path.ps1'
[15.936s] INFO:colcon.colcon_core.shell:Creating environment descriptor '/home/kouta/ros2_ws/src/install/person_msgs/share/person_msgs/hook/cmake_prefix_path.dsv'
[15.936s] INFO:colcon.colcon_core.shell:Creating environment hook '/home/kouta/ros2_ws/src/install/person_msgs/share/person_msgs/hook/cmake_prefix_path.sh'
[15.936s] Level 1:colcon.colcon_core.environment:checking '/home/kouta/ros2_ws/src/install/person_msgs/bin'
[15.936s] Level 1:colcon.colcon_core.environment:checking '/home/kouta/ros2_ws/src/install/person_msgs/lib/pkgconfig/person_msgs.pc'
[15.937s] Level 1:colcon.colcon_core.environment:checking '/home/kouta/ros2_ws/src/install/person_msgs/lib/python3.8/site-packages'
[15.937s] Level 1:colcon.colcon_core.environment:checking '/home/kouta/ros2_ws/src/install/person_msgs/bin'
[15.972s] INFO:colcon.colcon_core.shell:Creating package script '/home/kouta/ros2_ws/src/install/person_msgs/share/person_msgs/package.ps1'
[15.973s] INFO:colcon.colcon_core.shell:Creating package descriptor '/home/kouta/ros2_ws/src/install/person_msgs/share/person_msgs/package.dsv'
[15.973s] INFO:colcon.colcon_core.shell:Creating package script '/home/kouta/ros2_ws/src/install/person_msgs/share/person_msgs/package.sh'
[15.974s] INFO:colcon.colcon_core.shell:Creating package script '/home/kouta/ros2_ws/src/install/person_msgs/share/person_msgs/package.bash'
[15.975s] INFO:colcon.colcon_core.shell:Creating package script '/home/kouta/ros2_ws/src/install/person_msgs/share/person_msgs/package.zsh'
[15.975s] Level 1:colcon.colcon_core.environment:create_file_with_runtime_dependencies(/home/kouta/ros2_ws/src/install/person_msgs/share/colcon-core/packages/person_msgs)
[15.987s] DEBUG:colcon.colcon_parallel_executor.executor.parallel:closing loop
[15.987s] DEBUG:colcon.colcon_parallel_executor.executor.parallel:loop closed
[15.987s] DEBUG:colcon.colcon_parallel_executor.executor.parallel:run_until_complete finished with '2'
[15.987s] DEBUG:colcon.colcon_core.event_reactor:joining thread
[16.146s] INFO:colcon.colcon_core.plugin_system:Skipping extension 'colcon_notification.desktop_notification.notify_send': Could not find 'notify-send'
[16.146s] INFO:colcon.colcon_core.plugin_system:Skipping extension 'colcon_notification.desktop_notification.terminal_notifier': Not used on non-Darwin systems
[16.146s] INFO:colcon.colcon_core.plugin_system:Skipping extension 'colcon_notification.desktop_notification.win32': Not used on non-Windows systems
[16.147s] INFO:colcon.colcon_notification.desktop_notification:Sending desktop notification using 'notify2'
[17.329s] DEBUG:colcon.colcon_notification.desktop_notification.notify2:Failed to initialize notify2: org.freedesktop.DBus.Error.ServiceUnknown: The name org.freedesktop.Notifications was not provided by any .service files
[17.329s] DEBUG:colcon.colcon_core.event_reactor:joined thread
[17.364s] INFO:colcon.colcon_core.shell:Creating prefix script '/home/kouta/ros2_ws/src/install/local_setup.ps1'
[17.365s] INFO:colcon.colcon_core.shell:Creating prefix util module '/home/kouta/ros2_ws/src/install/_local_setup_util_ps1.py'
[17.367s] INFO:colcon.colcon_core.shell:Creating prefix chain script '/home/kouta/ros2_ws/src/install/setup.ps1'
[17.399s] INFO:colcon.colcon_core.shell:Creating prefix script '/home/kouta/ros2_ws/src/install/local_setup.sh'
[17.400s] INFO:colcon.colcon_core.shell:Creating prefix util module '/home/kouta/ros2_ws/src/install/_local_setup_util_sh.py'
[17.400s] INFO:colcon.colcon_core.shell:Creating prefix chain script '/home/kouta/ros2_ws/src/install/setup.sh'
[17.437s] INFO:colcon.colcon_core.shell:Creating prefix script '/home/kouta/ros2_ws/src/install/local_setup.bash'
[17.438s] INFO:colcon.colcon_core.shell:Creating prefix chain script '/home/kouta/ros2_ws/src/install/setup.bash'
[17.486s] INFO:colcon.colcon_core.shell:Creating prefix script '/home/kouta/ros2_ws/src/install/local_setup.zsh'
[17.487s] INFO:colcon.colcon_core.shell:Creating prefix chain script '/home/kouta/ros2_ws/src/install/setup.zsh'
