[0.749s] Invoking command in '/home/kouta/ros2_ws/src/mypkg': PYTHONPATH=/home/kouta/ros2_ws/build/mypkg/prefix_override:/home/kouta/ros2_ws/install/mypkg/lib/python3.8/site-packages:${PYTHONPATH} /usr/bin/python3 setup.py egg_info --egg-base ../../build/mypkg build --build-base /home/kouta/ros2_ws/build/mypkg/build install --record /home/kouta/ros2_ws/build/mypkg/install.log --install-scripts $base/lib/mypkg --single-version-externally-managed
[0.922s] running egg_info
[0.922s] writing ../../build/mypkg/mypkg.egg-info/PKG-INFO
[0.923s] writing dependency_links to ../../build/mypkg/mypkg.egg-info/dependency_links.txt
[0.923s] writing entry points to ../../build/mypkg/mypkg.egg-info/entry_points.txt
[0.923s] writing requirements to ../../build/mypkg/mypkg.egg-info/requires.txt
[0.923s] writing top-level names to ../../build/mypkg/mypkg.egg-info/top_level.txt
[0.954s] reading manifest file '../../build/mypkg/mypkg.egg-info/SOURCES.txt'
[0.955s] writing manifest file '../../build/mypkg/mypkg.egg-info/SOURCES.txt'
[0.955s] running build
[0.956s] running build_py
[0.956s] copying mypkg/listener.py -> /home/kouta/ros2_ws/build/mypkg/build/lib/mypkg
[0.956s] running install
[0.957s] running install_lib
[0.958s] copying /home/kouta/ros2_ws/build/mypkg/build/lib/mypkg/listener.py -> /home/kouta/ros2_ws/install/mypkg/lib/python3.8/site-packages/mypkg
[0.958s] byte-compiling /home/kouta/ros2_ws/install/mypkg/lib/python3.8/site-packages/mypkg/listener.py to listener.cpython-38.pyc
[0.960s] running install_data
[0.961s] running install_egg_info
[0.963s] removing '/home/kouta/ros2_ws/install/mypkg/lib/python3.8/site-packages/mypkg-0.0.0-py3.8.egg-info' (and everything under it)
[0.963s] Copying ../../build/mypkg/mypkg.egg-info to /home/kouta/ros2_ws/install/mypkg/lib/python3.8/site-packages/mypkg-0.0.0-py3.8.egg-info
[0.964s] running install_scripts
[0.984s] Installing listener script to /home/kouta/ros2_ws/install/mypkg/lib/mypkg
[0.984s] Installing talker script to /home/kouta/ros2_ws/install/mypkg/lib/mypkg
[0.984s] writing list of installed files to '/home/kouta/ros2_ws/build/mypkg/install.log'
[1.007s] Invoked command in '/home/kouta/ros2_ws/src/mypkg' returned '0': PYTHONPATH=/home/kouta/ros2_ws/build/mypkg/prefix_override:/home/kouta/ros2_ws/install/mypkg/lib/python3.8/site-packages:${PYTHONPATH} /usr/bin/python3 setup.py egg_info --egg-base ../../build/mypkg build --build-base /home/kouta/ros2_ws/build/mypkg/build install --record /home/kouta/ros2_ws/build/mypkg/install.log --install-scripts $base/lib/mypkg --single-version-externally-managed
