[0.896s] Invoking command in '/home/kouta/ros2_ws/src/mypkg': PYTHONPATH=/home/kouta/ros2_ws/build/mypkg/prefix_override:/home/kouta/ros2_ws/install/mypkg/lib/python3.8/site-packages:${PYTHONPATH} /usr/bin/python3 setup.py egg_info --egg-base ../../build/mypkg build --build-base /home/kouta/ros2_ws/build/mypkg/build install --record /home/kouta/ros2_ws/build/mypkg/install.log --install-scripts $base/lib/mypkg --single-version-externally-managed
[1.086s] running egg_info
[1.087s] creating ../../build/mypkg/mypkg.egg-info
[1.087s] writing ../../build/mypkg/mypkg.egg-info/PKG-INFO
[1.087s] writing dependency_links to ../../build/mypkg/mypkg.egg-info/dependency_links.txt
[1.087s] writing entry points to ../../build/mypkg/mypkg.egg-info/entry_points.txt
[1.087s] writing requirements to ../../build/mypkg/mypkg.egg-info/requires.txt
[1.087s] writing top-level names to ../../build/mypkg/mypkg.egg-info/top_level.txt
[1.138s] writing manifest file '../../build/mypkg/mypkg.egg-info/SOURCES.txt'
[1.197s] reading manifest file '../../build/mypkg/mypkg.egg-info/SOURCES.txt'
[1.199s] writing manifest file '../../build/mypkg/mypkg.egg-info/SOURCES.txt'
[1.200s] running build
[1.200s] running build_py
[1.201s] creating /home/kouta/ros2_ws/build/mypkg/build
[1.201s] creating /home/kouta/ros2_ws/build/mypkg/build/lib
[1.201s] creating /home/kouta/ros2_ws/build/mypkg/build/lib/mypkg
[1.201s] copying mypkg/__init__.py -> /home/kouta/ros2_ws/build/mypkg/build/lib/mypkg
[1.201s] running install
[1.203s] running install_lib
[1.204s] creating /home/kouta/ros2_ws/install/mypkg/lib/python3.8/site-packages/mypkg
[1.204s] copying /home/kouta/ros2_ws/build/mypkg/build/lib/mypkg/__init__.py -> /home/kouta/ros2_ws/install/mypkg/lib/python3.8/site-packages/mypkg
[1.205s] byte-compiling /home/kouta/ros2_ws/install/mypkg/lib/python3.8/site-packages/mypkg/__init__.py to __init__.cpython-38.pyc
[1.207s] running install_data
[1.208s] creating /home/kouta/ros2_ws/install/mypkg/share
[1.209s] creating /home/kouta/ros2_ws/install/mypkg/share/ament_index
[1.209s] creating /home/kouta/ros2_ws/install/mypkg/share/ament_index/resource_index
[1.209s] creating /home/kouta/ros2_ws/install/mypkg/share/ament_index/resource_index/packages
[1.210s] copying resource/mypkg -> /home/kouta/ros2_ws/install/mypkg/share/ament_index/resource_index/packages
[1.210s] creating /home/kouta/ros2_ws/install/mypkg/share/mypkg
[1.210s] copying package.xml -> /home/kouta/ros2_ws/install/mypkg/share/mypkg
[1.210s] running install_egg_info
[1.212s] Copying ../../build/mypkg/mypkg.egg-info to /home/kouta/ros2_ws/install/mypkg/lib/python3.8/site-packages/mypkg-0.0.0-py3.8.egg-info
[1.213s] running install_scripts
[1.228s] writing list of installed files to '/home/kouta/ros2_ws/build/mypkg/install.log'
[1.247s] Invoked command in '/home/kouta/ros2_ws/src/mypkg' returned '0': PYTHONPATH=/home/kouta/ros2_ws/build/mypkg/prefix_override:/home/kouta/ros2_ws/install/mypkg/lib/python3.8/site-packages:${PYTHONPATH} /usr/bin/python3 setup.py egg_info --egg-base ../../build/mypkg build --build-base /home/kouta/ros2_ws/build/mypkg/build install --record /home/kouta/ros2_ws/build/mypkg/install.log --install-scripts $base/lib/mypkg --single-version-externally-managed
