[0.888s] Invoking command in '/home/kouta/ros2_ws/src/mypkg': PYTHONPATH=/home/kouta/ros2_ws/build/mypkg/prefix_override:/home/kouta/ros2_ws/install/mypkg/lib/python3.8/site-packages:${PYTHONPATH} /usr/bin/python3 setup.py egg_info --egg-base ../../build/mypkg build --build-base /home/kouta/ros2_ws/build/mypkg/build install --record /home/kouta/ros2_ws/build/mypkg/install.log --install-scripts $base/lib/mypkg --single-version-externally-managed
[1.060s] running egg_info
[1.061s] writing ../../build/mypkg/mypkg.egg-info/PKG-INFO
[1.061s] writing dependency_links to ../../build/mypkg/mypkg.egg-info/dependency_links.txt
[1.062s] writing entry points to ../../build/mypkg/mypkg.egg-info/entry_points.txt
[1.062s] writing requirements to ../../build/mypkg/mypkg.egg-info/requires.txt
[1.062s] writing top-level names to ../../build/mypkg/mypkg.egg-info/top_level.txt
[1.100s] reading manifest file '../../build/mypkg/mypkg.egg-info/SOURCES.txt'
[1.101s] writing manifest file '../../build/mypkg/mypkg.egg-info/SOURCES.txt'
[1.101s] running build
[1.101s] running build_py
[1.102s] copying mypkg/talker.py -> /home/kouta/ros2_ws/build/mypkg/build/lib/mypkg
[1.102s] running install
[1.103s] running install_lib
[1.104s] copying /home/kouta/ros2_ws/build/mypkg/build/lib/mypkg/talker.py -> /home/kouta/ros2_ws/install/mypkg/lib/python3.8/site-packages/mypkg
[1.104s] byte-compiling /home/kouta/ros2_ws/install/mypkg/lib/python3.8/site-packages/mypkg/talker.py to talker.cpython-38.pyc
[1.105s] running install_data
[1.106s] running install_egg_info
[1.107s] removing '/home/kouta/ros2_ws/install/mypkg/lib/python3.8/site-packages/mypkg-0.0.0-py3.8.egg-info' (and everything under it)
[1.107s] Copying ../../build/mypkg/mypkg.egg-info to /home/kouta/ros2_ws/install/mypkg/lib/python3.8/site-packages/mypkg-0.0.0-py3.8.egg-info
[1.108s] running install_scripts
[1.122s] Installing talker script to /home/kouta/ros2_ws/install/mypkg/lib/mypkg
[1.122s] writing list of installed files to '/home/kouta/ros2_ws/build/mypkg/install.log'
[1.139s] Invoked command in '/home/kouta/ros2_ws/src/mypkg' returned '0': PYTHONPATH=/home/kouta/ros2_ws/build/mypkg/prefix_override:/home/kouta/ros2_ws/install/mypkg/lib/python3.8/site-packages:${PYTHONPATH} /usr/bin/python3 setup.py egg_info --egg-base ../../build/mypkg build --build-base /home/kouta/ros2_ws/build/mypkg/build install --record /home/kouta/ros2_ws/build/mypkg/install.log --install-scripts $base/lib/mypkg --single-version-externally-managed
