[0.772s] Invoking command in '/home/kouta/ros2_ws/src/mypkg': PYTHONPATH=/home/kouta/ros2_ws/build/mypkg/prefix_override:/home/kouta/ros2_ws/install/mypkg/lib/python3.8/site-packages:${PYTHONPATH} /usr/bin/python3 setup.py egg_info --egg-base ../../build/mypkg build --build-base /home/kouta/ros2_ws/build/mypkg/build install --record /home/kouta/ros2_ws/build/mypkg/install.log --install-scripts $base/lib/mypkg --single-version-externally-managed
[0.929s] running egg_info
[0.930s] writing ../../build/mypkg/mypkg.egg-info/PKG-INFO
[0.930s] writing dependency_links to ../../build/mypkg/mypkg.egg-info/dependency_links.txt
[0.930s] writing entry points to ../../build/mypkg/mypkg.egg-info/entry_points.txt
[0.931s] writing requirements to ../../build/mypkg/mypkg.egg-info/requires.txt
[0.931s] writing top-level names to ../../build/mypkg/mypkg.egg-info/top_level.txt
[0.971s] reading manifest file '../../build/mypkg/mypkg.egg-info/SOURCES.txt'
[0.972s] writing manifest file '../../build/mypkg/mypkg.egg-info/SOURCES.txt'
[0.972s] running build
[0.972s] running build_py
[0.973s] copying mypkg/talker.py -> /home/kouta/ros2_ws/build/mypkg/build/lib/mypkg
[0.973s] running install
[0.973s] running install_lib
[0.974s] copying /home/kouta/ros2_ws/build/mypkg/build/lib/mypkg/talker.py -> /home/kouta/ros2_ws/install/mypkg/lib/python3.8/site-packages/mypkg
[0.974s] byte-compiling /home/kouta/ros2_ws/install/mypkg/lib/python3.8/site-packages/mypkg/talker.py to talker.cpython-38.pyc
[0.976s] running install_data
[0.976s] running install_egg_info
[0.977s] removing '/home/kouta/ros2_ws/install/mypkg/lib/python3.8/site-packages/mypkg-0.0.0-py3.8.egg-info' (and everything under it)
[0.977s] Copying ../../build/mypkg/mypkg.egg-info to /home/kouta/ros2_ws/install/mypkg/lib/python3.8/site-packages/mypkg-0.0.0-py3.8.egg-info
[0.978s] running install_scripts
[0.991s] Installing talker script to /home/kouta/ros2_ws/install/mypkg/lib/mypkg
[0.992s] writing list of installed files to '/home/kouta/ros2_ws/build/mypkg/install.log'
[1.007s] Invoked command in '/home/kouta/ros2_ws/src/mypkg' returned '0': PYTHONPATH=/home/kouta/ros2_ws/build/mypkg/prefix_override:/home/kouta/ros2_ws/install/mypkg/lib/python3.8/site-packages:${PYTHONPATH} /usr/bin/python3 setup.py egg_info --egg-base ../../build/mypkg build --build-base /home/kouta/ros2_ws/build/mypkg/build install --record /home/kouta/ros2_ws/build/mypkg/install.log --install-scripts $base/lib/mypkg --single-version-externally-managed
