[0.833s] Invoking command in '/home/kouta/ros2_ws/src/mypkg': PYTHONPATH=/home/kouta/ros2_ws/build/mypkg/prefix_override:/home/kouta/ros2_ws/install/mypkg/lib/python3.8/site-packages:${PYTHONPATH} /usr/bin/python3 setup.py egg_info --egg-base ../../build/mypkg build --build-base /home/kouta/ros2_ws/build/mypkg/build install --record /home/kouta/ros2_ws/build/mypkg/install.log --install-scripts $base/lib/mypkg --single-version-externally-managed
[1.027s] running egg_info
[1.028s] writing ../../build/mypkg/mypkg.egg-info/PKG-INFO
[1.028s] writing dependency_links to ../../build/mypkg/mypkg.egg-info/dependency_links.txt
[1.028s] writing entry points to ../../build/mypkg/mypkg.egg-info/entry_points.txt
[1.029s] writing requirements to ../../build/mypkg/mypkg.egg-info/requires.txt
[1.030s] writing top-level names to ../../build/mypkg/mypkg.egg-info/top_level.txt
[1.066s] reading manifest file '../../build/mypkg/mypkg.egg-info/SOURCES.txt'
[1.067s] writing manifest file '../../build/mypkg/mypkg.egg-info/SOURCES.txt'
[1.067s] running build
[1.067s] running build_py
[1.067s] running install
[1.068s] running install_lib
[1.069s] running install_data
[1.070s] running install_egg_info
[1.071s] removing '/home/kouta/ros2_ws/install/mypkg/lib/python3.8/site-packages/mypkg-0.0.0-py3.8.egg-info' (and everything under it)
[1.071s] Copying ../../build/mypkg/mypkg.egg-info to /home/kouta/ros2_ws/install/mypkg/lib/python3.8/site-packages/mypkg-0.0.0-py3.8.egg-info
[1.072s] running install_scripts
[1.088s] Installing listener script to /home/kouta/ros2_ws/install/mypkg/lib/mypkg
[1.088s] Installing talker script to /home/kouta/ros2_ws/install/mypkg/lib/mypkg
[1.088s] writing list of installed files to '/home/kouta/ros2_ws/build/mypkg/install.log'
[1.115s] Invoked command in '/home/kouta/ros2_ws/src/mypkg' returned '0': PYTHONPATH=/home/kouta/ros2_ws/build/mypkg/prefix_override:/home/kouta/ros2_ws/install/mypkg/lib/python3.8/site-packages:${PYTHONPATH} /usr/bin/python3 setup.py egg_info --egg-base ../../build/mypkg build --build-base /home/kouta/ros2_ws/build/mypkg/build install --record /home/kouta/ros2_ws/build/mypkg/install.log --install-scripts $base/lib/mypkg --single-version-externally-managed
