[1.577s] Invoking command in '/home/kouta/ros2_ws/src/mypkg': PYTHONPATH=/home/kouta/ros2_ws/src/build/mypkg/prefix_override:/home/kouta/ros2_ws/src/install/mypkg/lib/python3.8/site-packages:${PYTHONPATH} /usr/bin/python3 setup.py egg_info --egg-base ../build/mypkg build --build-base /home/kouta/ros2_ws/src/build/mypkg/build install --record /home/kouta/ros2_ws/src/build/mypkg/install.log --install-scripts $base/lib/mypkg --single-version-externally-managed
[1.766s] running egg_info
[1.767s] writing ../build/mypkg/mypkg.egg-info/PKG-INFO
[1.767s] writing dependency_links to ../build/mypkg/mypkg.egg-info/dependency_links.txt
[1.768s] writing entry points to ../build/mypkg/mypkg.egg-info/entry_points.txt
[1.768s] writing requirements to ../build/mypkg/mypkg.egg-info/requires.txt
[1.768s] writing top-level names to ../build/mypkg/mypkg.egg-info/top_level.txt
[1.805s] reading manifest file '../build/mypkg/mypkg.egg-info/SOURCES.txt'
[1.806s] writing manifest file '../build/mypkg/mypkg.egg-info/SOURCES.txt'
[1.807s] running build
[1.807s] running build_py
[1.809s] copying mypkg/talker.py -> /home/kouta/ros2_ws/src/build/mypkg/build/lib/mypkg
[1.811s] copying mypkg/listener.py -> /home/kouta/ros2_ws/src/build/mypkg/build/lib/mypkg
[1.811s] running install
[1.812s] running install_lib
[1.814s] copying /home/kouta/ros2_ws/src/build/mypkg/build/lib/mypkg/talker.py -> /home/kouta/ros2_ws/src/install/mypkg/lib/python3.8/site-packages/mypkg
[1.814s] copying /home/kouta/ros2_ws/src/build/mypkg/build/lib/mypkg/listener.py -> /home/kouta/ros2_ws/src/install/mypkg/lib/python3.8/site-packages/mypkg
[1.815s] byte-compiling /home/kouta/ros2_ws/src/install/mypkg/lib/python3.8/site-packages/mypkg/talker.py to talker.cpython-38.pyc
[1.817s] byte-compiling /home/kouta/ros2_ws/src/install/mypkg/lib/python3.8/site-packages/mypkg/listener.py to listener.cpython-38.pyc
[1.818s] running install_data
[1.820s] copying launch/talk_listen.launch.py -> /home/kouta/ros2_ws/src/install/mypkg/share/mypkg
[1.820s] running install_egg_info
[1.822s] removing '/home/kouta/ros2_ws/src/install/mypkg/lib/python3.8/site-packages/mypkg-0.0.0-py3.8.egg-info' (and everything under it)
[1.823s] Copying ../build/mypkg/mypkg.egg-info to /home/kouta/ros2_ws/src/install/mypkg/lib/python3.8/site-packages/mypkg-0.0.0-py3.8.egg-info
[1.825s] running install_scripts
[1.842s] Installing listener script to /home/kouta/ros2_ws/src/install/mypkg/lib/mypkg
[1.843s] Installing talker script to /home/kouta/ros2_ws/src/install/mypkg/lib/mypkg
[1.843s] writing list of installed files to '/home/kouta/ros2_ws/src/build/mypkg/install.log'
[1.865s] Invoked command in '/home/kouta/ros2_ws/src/mypkg' returned '0': PYTHONPATH=/home/kouta/ros2_ws/src/build/mypkg/prefix_override:/home/kouta/ros2_ws/src/install/mypkg/lib/python3.8/site-packages:${PYTHONPATH} /usr/bin/python3 setup.py egg_info --egg-base ../build/mypkg build --build-base /home/kouta/ros2_ws/src/build/mypkg/build install --record /home/kouta/ros2_ws/src/build/mypkg/install.log --install-scripts $base/lib/mypkg --single-version-externally-managed
