[0.420s] Invoking command in '/home/kouta/ros2_ws/build/person_msgs': CMAKE_PREFIX_PATH=/home/kouta/ros2_ws/install/mypkg:/opt/ros/foxy /usr/bin/cmake /home/kouta/ros2_ws/src/person_msgs -DCMAKE_INSTALL_PREFIX=/home/kouta/ros2_ws/install/person_msgs
[0.588s] -- The C compiler identification is GNU 9.4.0
[0.834s] -- The CXX compiler identification is GNU 9.4.0
[0.968s] -- Check for working C compiler: /usr/bin/cc
[1.136s] -- Check for working C compiler: /usr/bin/cc -- works
[1.136s] -- Detecting C compiler ABI info
[1.269s] -- Detecting C compiler ABI info - done
[1.280s] -- Detecting C compile features
[1.280s] -- Detecting C compile features - done
[1.283s] -- Check for working CXX compiler: /usr/bin/c++
[1.517s] -- Check for working CXX compiler: /usr/bin/c++ -- works
[1.518s] -- Detecting CXX compiler ABI info
[1.806s] -- Detecting CXX compiler ABI info - done
[1.815s] -- Detecting CXX compile features
[1.816s] -- Detecting CXX compile features - done
[1.817s] -- Found ament_cmake: 0.9.12 (/opt/ros/foxy/share/ament_cmake/cmake)
[1.844s] -- Found PythonInterp: /usr/bin/python3 (found suitable version "3.8.10", minimum required is "3") 
[1.844s] -- Using PYTHON_EXECUTABLE: /usr/bin/python3
[2.062s] -- Found rosidl_default_generators: 1.0.1 (/opt/ros/foxy/share/rosidl_default_generators/cmake)
[2.079s] -- Using all available rosidl_typesupport_c: rosidl_typesupport_fastrtps_c;rosidl_typesupport_introspection_c
[2.104s] -- Found rosidl_adapter: 1.3.1 (/opt/ros/foxy/share/rosidl_adapter/cmake)
[4.267s] -- Found OpenSSL: /usr/lib/x86_64-linux-gnu/libcrypto.so (found version "1.1.1f")  
[6.313s] -- Found FastRTPS: /opt/ros/foxy/include  
[9.365s] -- Using all available rosidl_typesupport_cpp: rosidl_typesupport_fastrtps_cpp;rosidl_typesupport_introspection_cpp
[9.424s] -- Found PythonInterp: /usr/bin/python3 (found version "3.8.10") 
[9.667s] CMake Error at /opt/ros/foxy/share/rosidl_adapter/cmake/rosidl_adapt_interfaces.cmake:60 (message):
[9.667s]   execute_process(/usr/bin/python3 -m rosidl_adapter --package-name
[9.667s]   person_msgs --arguments-file
[9.667s]   /home/kouta/ros2_ws/build/person_msgs/rosidl_adapter__arguments__person_msgs.json
[9.667s]   --output-dir
[9.667s]   /home/kouta/ros2_ws/build/person_msgs/rosidl_adapter/person_msgs
[9.667s]   --output-file
[9.668s]   /home/kouta/ros2_ws/build/person_msgs/rosidl_adapter/person_msgs.idls)
[9.668s]   returned error code 1:
[9.668s] 
[9.668s]   Error processing 'unit8 age' of 'person_msgs/Person': ''unit8' is an
[9.668s]   invalid message name.  It should have the pattern '^[A-Z][A-Za-z0-9]*$''
[9.668s] 
[9.668s]   Traceback (most recent call last):
[9.669s] 
[9.669s]     File "/usr/lib/python3.8/runpy.py", line 194, in _run_module_as_main
[9.669s]       return _run_code(code, main_globals, None,
[9.669s]     File "/usr/lib/python3.8/runpy.py", line 87, in _run_code
[9.669s]       exec(code, run_globals)
[9.669s]     File "/opt/ros/foxy/lib/python3.8/site-packages/rosidl_adapter/__main__.py", line 19, in <module>
[9.669s]       sys.exit(main())
[9.670s]     File "/opt/ros/foxy/lib/python3.8/site-packages/rosidl_adapter/main.py", line 53, in main
[9.670s]       abs_idl_file = convert_to_idl(
[9.670s]     File "/opt/ros/foxy/lib/python3.8/site-packages/rosidl_adapter/__init__.py", line 19, in convert_to_idl
[9.670s]       return convert_msg_to_idl(
[9.670s]     File "/opt/ros/foxy/lib/python3.8/site-packages/rosidl_adapter/msg/__init__.py", line 28, in convert_msg_to_idl
[9.671s]       msg = parse_message_string(package_name, input_file.stem, content)
[9.671s]     File "/opt/ros/foxy/lib/python3.8/site-packages/rosidl_adapter/parser.py", line 516, in parse_message_string
[9.671s]       Type(type_string, context_package_name=pkg_name),
[9.671s]     File "/opt/ros/foxy/lib/python3.8/site-packages/rosidl_adapter/parser.py", line 276, in __init__
[9.671s]       super(Type, self).__init__(
[9.671s]     File "/opt/ros/foxy/lib/python3.8/site-packages/rosidl_adapter/parser.py", line 204, in __init__
[9.672s]       raise InvalidResourceName(
[9.672s] 
[9.672s]   rosidl_adapter.parser.InvalidResourceName: 'unit8' is an invalid message
[9.672s]   name.  It should have the pattern '^[A-Z][A-Za-z0-9]*$'
[9.672s] 
[9.672s] Call Stack (most recent call first):
[9.672s]   /opt/ros/foxy/share/rosidl_cmake/cmake/rosidl_generate_interfaces.cmake:130 (rosidl_adapt_interfaces)
[9.672s]   CMakeLists.txt:21 (rosidl_generate_interfaces)
[9.673s] 
[9.673s] 
[9.673s] -- Configuring incomplete, errors occurred!
[9.673s] See also "/home/kouta/ros2_ws/build/person_msgs/CMakeFiles/CMakeOutput.log".
[9.677s] Invoked command in '/home/kouta/ros2_ws/build/person_msgs' returned '1': CMAKE_PREFIX_PATH=/home/kouta/ros2_ws/install/mypkg:/opt/ros/foxy /usr/bin/cmake /home/kouta/ros2_ws/src/person_msgs -DCMAKE_INSTALL_PREFIX=/home/kouta/ros2_ws/install/person_msgs
