[1.104s] Invoking command in '/home/kouta/ros2_ws/src/mypkg': PYTHONPATH=/home/kouta/ros2_ws/build/mypkg/prefix_override:/home/kouta/ros2_ws/install/mypkg/lib/python3.8/site-packages:${PYTHONPATH} /usr/bin/python3 setup.py egg_info --egg-base ../../build/mypkg build --build-base /home/kouta/ros2_ws/build/mypkg/build install --record /home/kouta/ros2_ws/build/mypkg/install.log --install-scripts $base/lib/mypkg --single-version-externally-managed
[1.296s] running egg_info
[1.297s] writing ../../build/mypkg/mypkg.egg-info/PKG-INFO
[1.298s] writing dependency_links to ../../build/mypkg/mypkg.egg-info/dependency_links.txt
[1.298s] writing entry points to ../../build/mypkg/mypkg.egg-info/entry_points.txt
[1.298s] writing requirements to ../../build/mypkg/mypkg.egg-info/requires.txt
[1.298s] writing top-level names to ../../build/mypkg/mypkg.egg-info/top_level.txt
[1.333s] reading manifest file '../../build/mypkg/mypkg.egg-info/SOURCES.txt'
[1.334s] writing manifest file '../../build/mypkg/mypkg.egg-info/SOURCES.txt'
[1.334s] running build
[1.334s] running build_py
[1.334s] copying mypkg/talker.py -> /home/kouta/ros2_ws/build/mypkg/build/lib/mypkg
[1.334s] running install
[1.334s] running install_lib
[1.336s] copying /home/kouta/ros2_ws/build/mypkg/build/lib/mypkg/talker.py -> /home/kouta/ros2_ws/install/mypkg/lib/python3.8/site-packages/mypkg
[1.336s] byte-compiling /home/kouta/ros2_ws/install/mypkg/lib/python3.8/site-packages/mypkg/talker.py to talker.cpython-38.pyc
[1.337s] Sorry: IndentationError: unexpected indent (talker.py, line 5)
[1.337s] running install_data
[1.337s] running install_egg_info
[1.338s] removing '/home/kouta/ros2_ws/install/mypkg/lib/python3.8/site-packages/mypkg-0.0.0-py3.8.egg-info' (and everything under it)
[1.338s] Copying ../../build/mypkg/mypkg.egg-info to /home/kouta/ros2_ws/install/mypkg/lib/python3.8/site-packages/mypkg-0.0.0-py3.8.egg-info
[1.338s] running install_scripts
[1.358s] Installing listener script to /home/kouta/ros2_ws/install/mypkg/lib/mypkg
[1.358s] Installing talker script to /home/kouta/ros2_ws/install/mypkg/lib/mypkg
[1.358s] writing list of installed files to '/home/kouta/ros2_ws/build/mypkg/install.log'
[1.377s] Invoked command in '/home/kouta/ros2_ws/src/mypkg' returned '0': PYTHONPATH=/home/kouta/ros2_ws/build/mypkg/prefix_override:/home/kouta/ros2_ws/install/mypkg/lib/python3.8/site-packages:${PYTHONPATH} /usr/bin/python3 setup.py egg_info --egg-base ../../build/mypkg build --build-base /home/kouta/ros2_ws/build/mypkg/build install --record /home/kouta/ros2_ws/build/mypkg/install.log --install-scripts $base/lib/mypkg --single-version-externally-managed
