[0.486s] Invoking command in '/home/kouta/ros2_ws/build/person_msgs': CMAKE_PREFIX_PATH=${CMAKE_PREFIX_PATH}:/home/kouta/ros2_ws/install/mypkg:/opt/ros/foxy /usr/bin/cmake --build /home/kouta/ros2_ws/build/person_msgs -- -j8 -l8
[0.535s] [  3%] Built target person_msgs__cpp
[0.535s] [ 12%] Built target person_msgs__rosidl_generator_c
[0.559s] [ 22%] Built target person_msgs__rosidl_typesupport_introspection_c
[0.560s] [ 32%] Built target person_msgs__rosidl_typesupport_c
[0.560s] [ 41%] Built target person_msgs__rosidl_typesupport_introspection_cpp
[0.561s] [ 51%] Built target person_msgs__rosidl_typesupport_cpp
[0.566s] [ 61%] Built target person_msgs__rosidl_typesupport_fastrtps_cpp
[0.588s] [ 70%] Built target person_msgs__rosidl_typesupport_fastrtps_c
[0.608s] [ 70%] Built target person_msgs
[0.628s] [ 74%] Built target person_msgs__py
[0.652s] [ 80%] Built target person_msgs__python
[0.676s] [ 87%] Built target person_msgs__rosidl_typesupport_introspection_c__pyext
[0.679s] [ 93%] Built target person_msgs__rosidl_typesupport_fastrtps_c__pyext
[0.679s] [100%] Built target person_msgs__rosidl_typesupport_c__pyext
[0.690s] Invoked command in '/home/kouta/ros2_ws/build/person_msgs' returned '0': CMAKE_PREFIX_PATH=${CMAKE_PREFIX_PATH}:/home/kouta/ros2_ws/install/mypkg:/opt/ros/foxy /usr/bin/cmake --build /home/kouta/ros2_ws/build/person_msgs -- -j8 -l8
[0.754s] Invoking command in '/home/kouta/ros2_ws/build/person_msgs': CMAKE_PREFIX_PATH=${CMAKE_PREFIX_PATH}:/home/kouta/ros2_ws/install/mypkg:/opt/ros/foxy /usr/bin/cmake --install /home/kouta/ros2_ws/build/person_msgs
[0.761s] -- Install configuration: ""
[0.761s] -- Up-to-date: /home/kouta/ros2_ws/install/person_msgs/share/ament_index/resource_index/rosidl_interfaces/person_msgs
[0.763s] -- Up-to-date: /home/kouta/ros2_ws/install/person_msgs/include/person_msgs
[0.763s] -- Up-to-date: /home/kouta/ros2_ws/install/person_msgs/include/person_msgs/msg
[0.763s] -- Up-to-date: /home/kouta/ros2_ws/install/person_msgs/include/person_msgs/msg/person.h
[0.763s] -- Up-to-date: /home/kouta/ros2_ws/install/person_msgs/include/person_msgs/msg/rosidl_generator_c__visibility_control.h
[0.763s] -- Up-to-date: /home/kouta/ros2_ws/install/person_msgs/include/person_msgs/msg/detail
[0.763s] -- Up-to-date: /home/kouta/ros2_ws/install/person_msgs/include/person_msgs/msg/detail/person__functions.c
[0.764s] -- Up-to-date: /home/kouta/ros2_ws/install/person_msgs/include/person_msgs/msg/detail/person__type_support.h
[0.764s] -- Up-to-date: /home/kouta/ros2_ws/install/person_msgs/include/person_msgs/msg/detail/person__functions.h
[0.764s] -- Up-to-date: /home/kouta/ros2_ws/install/person_msgs/include/person_msgs/msg/detail/person__struct.h
[0.764s] -- Up-to-date: /home/kouta/ros2_ws/install/person_msgs/share/person_msgs/environment/library_path.sh
[0.764s] -- Up-to-date: /home/kouta/ros2_ws/install/person_msgs/share/person_msgs/environment/library_path.dsv
[0.764s] -- Up-to-date: /home/kouta/ros2_ws/install/person_msgs/lib/libperson_msgs__rosidl_generator_c.so
[0.765s] -- Up-to-date: /home/kouta/ros2_ws/install/person_msgs/include/person_msgs
[0.765s] -- Up-to-date: /home/kouta/ros2_ws/install/person_msgs/include/person_msgs/msg
[0.765s] -- Up-to-date: /home/kouta/ros2_ws/install/person_msgs/include/person_msgs/msg/rosidl_typesupport_fastrtps_c__visibility_control.h
[0.765s] -- Up-to-date: /home/kouta/ros2_ws/install/person_msgs/include/person_msgs/msg/detail
[0.765s] -- Up-to-date: /home/kouta/ros2_ws/install/person_msgs/include/person_msgs/msg/detail/person__rosidl_typesupport_fastrtps_c.h
[0.765s] -- Up-to-date: /home/kouta/ros2_ws/install/person_msgs/lib/libperson_msgs__rosidl_typesupport_fastrtps_c.so
[0.765s] -- Up-to-date: /home/kouta/ros2_ws/install/person_msgs/include/person_msgs
[0.765s] -- Up-to-date: /home/kouta/ros2_ws/install/person_msgs/include/person_msgs/msg
[0.765s] -- Up-to-date: /home/kouta/ros2_ws/install/person_msgs/include/person_msgs/msg/rosidl_typesupport_fastrtps_cpp__visibility_control.h
[0.766s] -- Up-to-date: /home/kouta/ros2_ws/install/person_msgs/include/person_msgs/msg/detail
[0.766s] -- Up-to-date: /home/kouta/ros2_ws/install/person_msgs/include/person_msgs/msg/detail/dds_fastrtps
[0.766s] -- Up-to-date: /home/kouta/ros2_ws/install/person_msgs/include/person_msgs/msg/detail/person__rosidl_typesupport_fastrtps_cpp.hpp
[0.766s] -- Up-to-date: /home/kouta/ros2_ws/install/person_msgs/lib/libperson_msgs__rosidl_typesupport_fastrtps_cpp.so
[0.766s] -- Up-to-date: /home/kouta/ros2_ws/install/person_msgs/include/person_msgs
[0.766s] -- Up-to-date: /home/kouta/ros2_ws/install/person_msgs/include/person_msgs/msg
[0.766s] -- Up-to-date: /home/kouta/ros2_ws/install/person_msgs/include/person_msgs/msg/rosidl_typesupport_introspection_c__visibility_control.h
[0.766s] -- Up-to-date: /home/kouta/ros2_ws/install/person_msgs/include/person_msgs/msg/detail
[0.766s] -- Up-to-date: /home/kouta/ros2_ws/install/person_msgs/include/person_msgs/msg/detail/person__type_support.c
[0.767s] -- Up-to-date: /home/kouta/ros2_ws/install/person_msgs/include/person_msgs/msg/detail/person__rosidl_typesupport_introspection_c.h
[0.767s] -- Up-to-date: /home/kouta/ros2_ws/install/person_msgs/lib/libperson_msgs__rosidl_typesupport_introspection_c.so
[0.767s] -- Up-to-date: /home/kouta/ros2_ws/install/person_msgs/lib/libperson_msgs__rosidl_typesupport_c.so
[0.767s] -- Up-to-date: /home/kouta/ros2_ws/install/person_msgs/include/person_msgs
[0.767s] -- Up-to-date: /home/kouta/ros2_ws/install/person_msgs/include/person_msgs/msg
[0.767s] -- Up-to-date: /home/kouta/ros2_ws/install/person_msgs/include/person_msgs/msg/person.hpp
[0.767s] -- Up-to-date: /home/kouta/ros2_ws/install/person_msgs/include/person_msgs/msg/rosidl_generator_cpp__visibility_control.hpp
[0.767s] -- Up-to-date: /home/kouta/ros2_ws/install/person_msgs/include/person_msgs/msg/detail
[0.767s] -- Up-to-date: /home/kouta/ros2_ws/install/person_msgs/include/person_msgs/msg/detail/person__builder.hpp
[0.767s] -- Up-to-date: /home/kouta/ros2_ws/install/person_msgs/include/person_msgs/msg/detail/person__type_support.hpp
[0.767s] -- Up-to-date: /home/kouta/ros2_ws/install/person_msgs/include/person_msgs/msg/detail/person__traits.hpp
[0.767s] -- Up-to-date: /home/kouta/ros2_ws/install/person_msgs/include/person_msgs/msg/detail/person__struct.hpp
[0.768s] -- Up-to-date: /home/kouta/ros2_ws/install/person_msgs/include/person_msgs
[0.768s] -- Up-to-date: /home/kouta/ros2_ws/install/person_msgs/include/person_msgs/msg
[0.768s] -- Up-to-date: /home/kouta/ros2_ws/install/person_msgs/include/person_msgs/msg/detail
[0.768s] -- Up-to-date: /home/kouta/ros2_ws/install/person_msgs/include/person_msgs/msg/detail/person__rosidl_typesupport_introspection_cpp.hpp
[0.768s] -- Up-to-date: /home/kouta/ros2_ws/install/person_msgs/include/person_msgs/msg/detail/person__type_support.cpp
[0.768s] -- Up-to-date: /home/kouta/ros2_ws/install/person_msgs/lib/libperson_msgs__rosidl_typesupport_introspection_cpp.so
[0.768s] -- Up-to-date: /home/kouta/ros2_ws/install/person_msgs/lib/libperson_msgs__rosidl_typesupport_cpp.so
[0.768s] -- Up-to-date: /home/kouta/ros2_ws/install/person_msgs/share/person_msgs/environment/pythonpath.sh
[0.768s] -- Up-to-date: /home/kouta/ros2_ws/install/person_msgs/share/person_msgs/environment/pythonpath.dsv
[0.768s] -- Up-to-date: /home/kouta/ros2_ws/install/person_msgs/lib/python3.8/site-packages/person_msgs/__init__.py
[0.799s] -- Up-to-date: /home/kouta/ros2_ws/install/person_msgs/lib/python3.8/site-packages/person_msgs/msg
[0.799s] -- Up-to-date: /home/kouta/ros2_ws/install/person_msgs/lib/python3.8/site-packages/person_msgs/msg/_person.py
[0.799s] -- Up-to-date: /home/kouta/ros2_ws/install/person_msgs/lib/python3.8/site-packages/person_msgs/msg/_person_s.c
[0.800s] -- Up-to-date: /home/kouta/ros2_ws/install/person_msgs/lib/python3.8/site-packages/person_msgs/msg/__init__.py
[0.800s] -- Up-to-date: /home/kouta/ros2_ws/install/person_msgs/lib/python3.8/site-packages/person_msgs/person_msgs_s__rosidl_typesupport_fastrtps_c.cpython-38-x86_64-linux-gnu.so
[0.800s] -- Up-to-date: /home/kouta/ros2_ws/install/person_msgs/lib/python3.8/site-packages/person_msgs/person_msgs_s__rosidl_typesupport_introspection_c.cpython-38-x86_64-linux-gnu.so
[0.801s] -- Up-to-date: /home/kouta/ros2_ws/install/person_msgs/lib/python3.8/site-packages/person_msgs/person_msgs_s__rosidl_typesupport_c.cpython-38-x86_64-linux-gnu.so
[0.801s] -- Up-to-date: /home/kouta/ros2_ws/install/person_msgs/lib/libperson_msgs__python.so
[0.802s] -- Up-to-date: /home/kouta/ros2_ws/install/person_msgs/share/person_msgs/msg/Person.idl
[0.802s] -- Up-to-date: /home/kouta/ros2_ws/install/person_msgs/share/person_msgs/msg/Person.msg
[0.802s] -- Up-to-date: /home/kouta/ros2_ws/install/person_msgs/share/ament_index/resource_index/package_run_dependencies/person_msgs
[0.802s] -- Up-to-date: /home/kouta/ros2_ws/install/person_msgs/share/ament_index/resource_index/parent_prefix_path/person_msgs
[0.802s] -- Up-to-date: /home/kouta/ros2_ws/install/person_msgs/share/person_msgs/environment/ament_prefix_path.sh
[0.803s] -- Up-to-date: /home/kouta/ros2_ws/install/person_msgs/share/person_msgs/environment/ament_prefix_path.dsv
[0.803s] -- Up-to-date: /home/kouta/ros2_ws/install/person_msgs/share/person_msgs/environment/path.sh
[0.803s] -- Up-to-date: /home/kouta/ros2_ws/install/person_msgs/share/person_msgs/environment/path.dsv
[0.803s] -- Up-to-date: /home/kouta/ros2_ws/install/person_msgs/share/person_msgs/local_setup.bash
[0.803s] -- Up-to-date: /home/kouta/ros2_ws/install/person_msgs/share/person_msgs/local_setup.sh
[0.804s] -- Up-to-date: /home/kouta/ros2_ws/install/person_msgs/share/person_msgs/local_setup.zsh
[0.804s] -- Up-to-date: /home/kouta/ros2_ws/install/person_msgs/share/person_msgs/local_setup.dsv
[0.804s] -- Installing: /home/kouta/ros2_ws/install/person_msgs/share/person_msgs/package.dsv
[0.804s] -- Up-to-date: /home/kouta/ros2_ws/install/person_msgs/share/ament_index/resource_index/packages/person_msgs
[0.804s] -- Up-to-date: /home/kouta/ros2_ws/install/person_msgs/share/person_msgs/cmake/person_msgs__rosidl_generator_cExport.cmake
[0.805s] -- Up-to-date: /home/kouta/ros2_ws/install/person_msgs/share/person_msgs/cmake/person_msgs__rosidl_generator_cExport-noconfig.cmake
[0.805s] -- Up-to-date: /home/kouta/ros2_ws/install/person_msgs/share/person_msgs/cmake/person_msgs__rosidl_typesupport_introspection_cExport.cmake
[0.805s] -- Up-to-date: /home/kouta/ros2_ws/install/person_msgs/share/person_msgs/cmake/person_msgs__rosidl_typesupport_introspection_cExport-noconfig.cmake
[0.805s] -- Up-to-date: /home/kouta/ros2_ws/install/person_msgs/share/person_msgs/cmake/person_msgs__rosidl_typesupport_cExport.cmake
[0.805s] -- Up-to-date: /home/kouta/ros2_ws/install/person_msgs/share/person_msgs/cmake/person_msgs__rosidl_typesupport_cExport-noconfig.cmake
[0.805s] -- Up-to-date: /home/kouta/ros2_ws/install/person_msgs/share/person_msgs/cmake/person_msgs__rosidl_generator_cppExport.cmake
[0.805s] -- Up-to-date: /home/kouta/ros2_ws/install/person_msgs/share/person_msgs/cmake/person_msgs__rosidl_typesupport_introspection_cppExport.cmake
[0.805s] -- Up-to-date: /home/kouta/ros2_ws/install/person_msgs/share/person_msgs/cmake/person_msgs__rosidl_typesupport_introspection_cppExport-noconfig.cmake
[0.805s] -- Up-to-date: /home/kouta/ros2_ws/install/person_msgs/share/person_msgs/cmake/person_msgs__rosidl_typesupport_cppExport.cmake
[0.805s] -- Up-to-date: /home/kouta/ros2_ws/install/person_msgs/share/person_msgs/cmake/person_msgs__rosidl_typesupport_cppExport-noconfig.cmake
[0.806s] -- Up-to-date: /home/kouta/ros2_ws/install/person_msgs/share/person_msgs/cmake/rosidl_cmake-extras.cmake
[0.806s] -- Up-to-date: /home/kouta/ros2_ws/install/person_msgs/share/person_msgs/cmake/ament_cmake_export_dependencies-extras.cmake
[0.806s] -- Up-to-date: /home/kouta/ros2_ws/install/person_msgs/share/person_msgs/cmake/ament_cmake_export_libraries-extras.cmake
[0.806s] -- Up-to-date: /home/kouta/ros2_ws/install/person_msgs/share/person_msgs/cmake/ament_cmake_export_targets-extras.cmake
[0.806s] -- Up-to-date: /home/kouta/ros2_ws/install/person_msgs/share/person_msgs/cmake/ament_cmake_export_include_directories-extras.cmake
[0.806s] -- Up-to-date: /home/kouta/ros2_ws/install/person_msgs/share/person_msgs/cmake/rosidl_cmake_export_typesupport_libraries-extras.cmake
[0.806s] -- Up-to-date: /home/kouta/ros2_ws/install/person_msgs/share/person_msgs/cmake/rosidl_cmake_export_typesupport_targets-extras.cmake
[0.806s] -- Up-to-date: /home/kouta/ros2_ws/install/person_msgs/share/person_msgs/cmake/person_msgsConfig.cmake
[0.806s] -- Up-to-date: /home/kouta/ros2_ws/install/person_msgs/share/person_msgs/cmake/person_msgsConfig-version.cmake
[0.806s] -- Up-to-date: /home/kouta/ros2_ws/install/person_msgs/share/person_msgs/package.xml
[0.809s] Invoked command in '/home/kouta/ros2_ws/build/person_msgs' returned '0': CMAKE_PREFIX_PATH=${CMAKE_PREFIX_PATH}:/home/kouta/ros2_ws/install/mypkg:/opt/ros/foxy /usr/bin/cmake --install /home/kouta/ros2_ws/build/person_msgs
