[0.803s] Invoking command in '/home/kouta/ros2_ws/src/mypkg': PYTHONPATH=/home/kouta/ros2_ws/build/mypkg/prefix_override:/home/kouta/ros2_ws/install/mypkg/lib/python3.8/site-packages:${PYTHONPATH} /usr/bin/python3 setup.py egg_info --egg-base ../../build/mypkg build --build-base /home/kouta/ros2_ws/build/mypkg/build install --record /home/kouta/ros2_ws/build/mypkg/install.log --install-scripts $base/lib/mypkg --single-version-externally-managed
[0.947s] running egg_info
[0.947s] writing ../../build/mypkg/mypkg.egg-info/PKG-INFO
[0.948s] writing dependency_links to ../../build/mypkg/mypkg.egg-info/dependency_links.txt
[0.948s] writing entry points to ../../build/mypkg/mypkg.egg-info/entry_points.txt
[0.949s] writing requirements to ../../build/mypkg/mypkg.egg-info/requires.txt
[0.949s] writing top-level names to ../../build/mypkg/mypkg.egg-info/top_level.txt
[0.978s] reading manifest file '../../build/mypkg/mypkg.egg-info/SOURCES.txt'
[0.979s] writing manifest file '../../build/mypkg/mypkg.egg-info/SOURCES.txt'
[0.979s] running build
[0.979s] running build_py
[0.979s] running install
[0.980s] running install_lib
[0.982s] running install_data
[0.982s] running install_egg_info
[0.984s] removing '/home/kouta/ros2_ws/install/mypkg/lib/python3.8/site-packages/mypkg-0.0.0-py3.8.egg-info' (and everything under it)
[0.985s] Copying ../../build/mypkg/mypkg.egg-info to /home/kouta/ros2_ws/install/mypkg/lib/python3.8/site-packages/mypkg-0.0.0-py3.8.egg-info
[0.989s] running install_scripts
[1.002s] Installing listener script to /home/kouta/ros2_ws/install/mypkg/lib/mypkg
[1.003s] Installing talker script to /home/kouta/ros2_ws/install/mypkg/lib/mypkg
[1.003s] writing list of installed files to '/home/kouta/ros2_ws/build/mypkg/install.log'
[1.019s] Invoked command in '/home/kouta/ros2_ws/src/mypkg' returned '0': PYTHONPATH=/home/kouta/ros2_ws/build/mypkg/prefix_override:/home/kouta/ros2_ws/install/mypkg/lib/python3.8/site-packages:${PYTHONPATH} /usr/bin/python3 setup.py egg_info --egg-base ../../build/mypkg build --build-base /home/kouta/ros2_ws/build/mypkg/build install --record /home/kouta/ros2_ws/build/mypkg/install.log --install-scripts $base/lib/mypkg --single-version-externally-managed
