[0.964s] Invoking command in '/home/kouta/ros2_ws/src/mypkg': PYTHONPATH=/home/kouta/ros2_ws/build/mypkg/prefix_override:/home/kouta/ros2_ws/install/mypkg/lib/python3.8/site-packages:${PYTHONPATH} /usr/bin/python3 setup.py egg_info --egg-base ../../build/mypkg build --build-base /home/kouta/ros2_ws/build/mypkg/build install --record /home/kouta/ros2_ws/build/mypkg/install.log --install-scripts $base/lib/mypkg --single-version-externally-managed
[1.159s] running egg_info
[1.159s] writing ../../build/mypkg/mypkg.egg-info/PKG-INFO
[1.160s] writing dependency_links to ../../build/mypkg/mypkg.egg-info/dependency_links.txt
[1.161s] writing entry points to ../../build/mypkg/mypkg.egg-info/entry_points.txt
[1.161s] writing requirements to ../../build/mypkg/mypkg.egg-info/requires.txt
[1.161s] writing top-level names to ../../build/mypkg/mypkg.egg-info/top_level.txt
[1.199s] reading manifest file '../../build/mypkg/mypkg.egg-info/SOURCES.txt'
[1.201s] writing manifest file '../../build/mypkg/mypkg.egg-info/SOURCES.txt'
[1.201s] running build
[1.201s] running build_py
[1.201s] running install
[1.202s] running install_lib
[1.203s] running install_data
[1.204s] running install_egg_info
[1.206s] removing '/home/kouta/ros2_ws/install/mypkg/lib/python3.8/site-packages/mypkg-0.0.0-py3.8.egg-info' (and everything under it)
[1.206s] Copying ../../build/mypkg/mypkg.egg-info to /home/kouta/ros2_ws/install/mypkg/lib/python3.8/site-packages/mypkg-0.0.0-py3.8.egg-info
[1.207s] running install_scripts
[1.225s] Installing listener script to /home/kouta/ros2_ws/install/mypkg/lib/mypkg
[1.226s] Installing talker script to /home/kouta/ros2_ws/install/mypkg/lib/mypkg
[1.226s] writing list of installed files to '/home/kouta/ros2_ws/build/mypkg/install.log'
[1.248s] Invoked command in '/home/kouta/ros2_ws/src/mypkg' returned '0': PYTHONPATH=/home/kouta/ros2_ws/build/mypkg/prefix_override:/home/kouta/ros2_ws/install/mypkg/lib/python3.8/site-packages:${PYTHONPATH} /usr/bin/python3 setup.py egg_info --egg-base ../../build/mypkg build --build-base /home/kouta/ros2_ws/build/mypkg/build install --record /home/kouta/ros2_ws/build/mypkg/install.log --install-scripts $base/lib/mypkg --single-version-externally-managed
