[0.814s] Invoking command in '/home/kouta/ros2_ws/src/mypkg': PYTHONPATH=/home/kouta/ros2_ws/build/mypkg/prefix_override:/home/kouta/ros2_ws/install/mypkg/lib/python3.8/site-packages:${PYTHONPATH} /usr/bin/python3 setup.py egg_info --egg-base ../../build/mypkg build --build-base /home/kouta/ros2_ws/build/mypkg/build install --record /home/kouta/ros2_ws/build/mypkg/install.log --install-scripts $base/lib/mypkg --single-version-externally-managed
[0.986s] running egg_info
[0.987s] writing ../../build/mypkg/mypkg.egg-info/PKG-INFO
[0.987s] writing dependency_links to ../../build/mypkg/mypkg.egg-info/dependency_links.txt
[0.987s] writing entry points to ../../build/mypkg/mypkg.egg-info/entry_points.txt
[0.988s] writing requirements to ../../build/mypkg/mypkg.egg-info/requires.txt
[0.988s] writing top-level names to ../../build/mypkg/mypkg.egg-info/top_level.txt
[1.018s] reading manifest file '../../build/mypkg/mypkg.egg-info/SOURCES.txt'
[1.019s] writing manifest file '../../build/mypkg/mypkg.egg-info/SOURCES.txt'
[1.019s] running build
[1.019s] running build_py
[1.020s] running install
[1.020s] running install_lib
[1.021s] running install_data
[1.022s] running install_egg_info
[1.023s] removing '/home/kouta/ros2_ws/install/mypkg/lib/python3.8/site-packages/mypkg-0.0.0-py3.8.egg-info' (and everything under it)
[1.024s] Copying ../../build/mypkg/mypkg.egg-info to /home/kouta/ros2_ws/install/mypkg/lib/python3.8/site-packages/mypkg-0.0.0-py3.8.egg-info
[1.024s] running install_scripts
[1.039s] Installing listener script to /home/kouta/ros2_ws/install/mypkg/lib/mypkg
[1.039s] Installing talker script to /home/kouta/ros2_ws/install/mypkg/lib/mypkg
[1.039s] writing list of installed files to '/home/kouta/ros2_ws/build/mypkg/install.log'
[1.060s] Invoked command in '/home/kouta/ros2_ws/src/mypkg' returned '0': PYTHONPATH=/home/kouta/ros2_ws/build/mypkg/prefix_override:/home/kouta/ros2_ws/install/mypkg/lib/python3.8/site-packages:${PYTHONPATH} /usr/bin/python3 setup.py egg_info --egg-base ../../build/mypkg build --build-base /home/kouta/ros2_ws/build/mypkg/build install --record /home/kouta/ros2_ws/build/mypkg/install.log --install-scripts $base/lib/mypkg --single-version-externally-managed
