[1.047s] Invoking command in '/home/kouta/ros2_ws/src/mypkg': PYTHONPATH=/home/kouta/ros2_ws/build/mypkg/prefix_override:/home/kouta/ros2_ws/install/mypkg/lib/python3.8/site-packages:${PYTHONPATH} /usr/bin/python3 setup.py egg_info --egg-base ../../build/mypkg build --build-base /home/kouta/ros2_ws/build/mypkg/build install --record /home/kouta/ros2_ws/build/mypkg/install.log --install-scripts $base/lib/mypkg --single-version-externally-managed
[1.226s] running egg_info
[1.226s] writing ../../build/mypkg/mypkg.egg-info/PKG-INFO
[1.227s] writing dependency_links to ../../build/mypkg/mypkg.egg-info/dependency_links.txt
[1.227s] writing entry points to ../../build/mypkg/mypkg.egg-info/entry_points.txt
[1.227s] writing requirements to ../../build/mypkg/mypkg.egg-info/requires.txt
[1.228s] writing top-level names to ../../build/mypkg/mypkg.egg-info/top_level.txt
[1.259s] reading manifest file '../../build/mypkg/mypkg.egg-info/SOURCES.txt'
[1.259s] writing manifest file '../../build/mypkg/mypkg.egg-info/SOURCES.txt'
[1.259s] running build
[1.259s] running build_py
[1.260s] running install
[1.260s] running install_lib
[1.262s] running install_data
[1.263s] running install_egg_info
[1.264s] removing '/home/kouta/ros2_ws/install/mypkg/lib/python3.8/site-packages/mypkg-0.0.0-py3.8.egg-info' (and everything under it)
[1.265s] Copying ../../build/mypkg/mypkg.egg-info to /home/kouta/ros2_ws/install/mypkg/lib/python3.8/site-packages/mypkg-0.0.0-py3.8.egg-info
[1.265s] running install_scripts
[1.281s] Installing listener script to /home/kouta/ros2_ws/install/mypkg/lib/mypkg
[1.281s] Installing talker script to /home/kouta/ros2_ws/install/mypkg/lib/mypkg
[1.281s] writing list of installed files to '/home/kouta/ros2_ws/build/mypkg/install.log'
[1.299s] Invoked command in '/home/kouta/ros2_ws/src/mypkg' returned '0': PYTHONPATH=/home/kouta/ros2_ws/build/mypkg/prefix_override:/home/kouta/ros2_ws/install/mypkg/lib/python3.8/site-packages:${PYTHONPATH} /usr/bin/python3 setup.py egg_info --egg-base ../../build/mypkg build --build-base /home/kouta/ros2_ws/build/mypkg/build install --record /home/kouta/ros2_ws/build/mypkg/install.log --install-scripts $base/lib/mypkg --single-version-externally-managed
