[1.837s] DEBUG:colcon:Command line arguments: ['/usr/bin/colcon', 'build']
[1.837s] DEBUG:colcon:Parsed command line arguments: Namespace(allow_overriding=[], ament_cmake_args=None, base_paths=['.'], build_base='build', catkin_cmake_args=None, catkin_skip_building_tests=False, cmake_args=None, cmake_clean_cache=False, cmake_clean_first=False, cmake_force_configure=False, cmake_target=None, cmake_target_skip_unavailable=False, continue_on_error=False, event_handlers=None, executor='parallel', ignore_user_meta=False, install_base='install', log_base=None, log_level=None, main=<bound method BuildVerb.main of <colcon_core.verb.build.BuildVerb object at 0x7f84a21d8df0>>, merge_install=False, metas=['./colcon.meta'], packages_above=None, packages_above_and_dependencies=None, packages_above_depth=None, packages_end=None, packages_ignore=None, packages_ignore_regex=None, packages_select=None, packages_select_build_failed=False, packages_select_by_dep=None, packages_select_regex=None, packages_select_test_failures=False, packages_skip=None, packages_skip_build_finished=False, packages_skip_by_dep=None, packages_skip_regex=None, packages_skip_test_passed=False, packages_skip_up_to=None, packages_start=None, packages_up_to=None, packages_up_to_regex=None, parallel_workers=8, paths=None, symlink_install=False, test_result_base=None, verb_extension=<colcon_core.verb.build.BuildVerb object at 0x7f84a21d8df0>, verb_name='build', verb_parser=<colcon_defaults.argument_parser.defaults.DefaultArgumentsDecorator object at 0x7f84a1da93a0>)
[1.908s] Level 1:colcon.colcon_core.package_discovery:discover_packages(colcon_meta) check parameters
[1.908s] Level 1:colcon.colcon_core.package_discovery:discover_packages(recursive) check parameters
[1.908s] Level 1:colcon.colcon_core.package_discovery:discover_packages(ignore) check parameters
[1.908s] Level 1:colcon.colcon_core.package_discovery:discover_packages(path) check parameters
[1.908s] Level 1:colcon.colcon_core.package_discovery:discover_packages(colcon_meta) discover
[1.908s] Level 1:colcon.colcon_core.package_discovery:discover_packages(recursive) discover
[1.909s] INFO:colcon.colcon_core.package_discovery:Crawling recursively for packages in '/home/kouta/ros2_ws'
[1.909s] Level 1:colcon.colcon_core.package_identification:_identify(.) by extensions ['ignore', 'ignore_ament_install']
[1.909s] Level 1:colcon.colcon_core.package_identification:_identify(.) by extension 'ignore'
[1.909s] Level 1:colcon.colcon_core.package_identification:_identify(.) by extension 'ignore_ament_install'
[1.909s] Level 1:colcon.colcon_core.package_identification:_identify(.) by extensions ['colcon_pkg']
[1.909s] Level 1:colcon.colcon_core.package_identification:_identify(.) by extension 'colcon_pkg'
[1.909s] Level 1:colcon.colcon_core.package_identification:_identify(.) by extensions ['colcon_meta']
[1.909s] Level 1:colcon.colcon_core.package_identification:_identify(.) by extension 'colcon_meta'
[1.909s] Level 1:colcon.colcon_core.package_identification:_identify(.) by extensions ['ros']
[1.909s] Level 1:colcon.colcon_core.package_identification:_identify(.) by extension 'ros'
[1.919s] Level 1:colcon.colcon_core.package_identification:_identify(.) by extensions ['cmake', 'python']
[1.919s] Level 1:colcon.colcon_core.package_identification:_identify(.) by extension 'cmake'
[1.919s] Level 1:colcon.colcon_core.package_identification:_identify(.) by extension 'python'
[1.919s] Level 1:colcon.colcon_core.package_identification:_identify(.) by extensions ['python_setup_py']
[1.919s] Level 1:colcon.colcon_core.package_identification:_identify(.) by extension 'python_setup_py'
[1.919s] Level 1:colcon.colcon_core.package_identification:_identify(build) by extensions ['ignore', 'ignore_ament_install']
[1.919s] Level 1:colcon.colcon_core.package_identification:_identify(build) by extension 'ignore'
[1.919s] Level 1:colcon.colcon_core.package_identification:_identify(build) ignored
[1.920s] Level 1:colcon.colcon_core.package_identification:_identify(install) by extensions ['ignore', 'ignore_ament_install']
[1.920s] Level 1:colcon.colcon_core.package_identification:_identify(install) by extension 'ignore'
[1.920s] Level 1:colcon.colcon_core.package_identification:_identify(install) ignored
[1.920s] Level 1:colcon.colcon_core.package_identification:_identify(log) by extensions ['ignore', 'ignore_ament_install']
[1.920s] Level 1:colcon.colcon_core.package_identification:_identify(log) by extension 'ignore'
[1.920s] Level 1:colcon.colcon_core.package_identification:_identify(log) ignored
[1.920s] Level 1:colcon.colcon_core.package_identification:_identify(src) by extensions ['ignore', 'ignore_ament_install']
[1.920s] Level 1:colcon.colcon_core.package_identification:_identify(src) by extension 'ignore'
[1.920s] Level 1:colcon.colcon_core.package_identification:_identify(src) by extension 'ignore_ament_install'
[1.920s] Level 1:colcon.colcon_core.package_identification:_identify(src) by extensions ['colcon_pkg']
[1.920s] Level 1:colcon.colcon_core.package_identification:_identify(src) by extension 'colcon_pkg'
[1.920s] Level 1:colcon.colcon_core.package_identification:_identify(src) by extensions ['colcon_meta']
[1.920s] Level 1:colcon.colcon_core.package_identification:_identify(src) by extension 'colcon_meta'
[1.920s] Level 1:colcon.colcon_core.package_identification:_identify(src) by extensions ['ros']
[1.920s] Level 1:colcon.colcon_core.package_identification:_identify(src) by extension 'ros'
[1.921s] Level 1:colcon.colcon_core.package_identification:_identify(src) by extensions ['cmake', 'python']
[1.921s] Level 1:colcon.colcon_core.package_identification:_identify(src) by extension 'cmake'
[1.921s] Level 1:colcon.colcon_core.package_identification:_identify(src) by extension 'python'
[1.921s] Level 1:colcon.colcon_core.package_identification:_identify(src) by extensions ['python_setup_py']
[1.921s] Level 1:colcon.colcon_core.package_identification:_identify(src) by extension 'python_setup_py'
[1.921s] Level 1:colcon.colcon_core.package_identification:_identify(src/build) by extensions ['ignore', 'ignore_ament_install']
[1.921s] Level 1:colcon.colcon_core.package_identification:_identify(src/build) by extension 'ignore'
[1.921s] Level 1:colcon.colcon_core.package_identification:_identify(src/build) ignored
[1.921s] Level 1:colcon.colcon_core.package_identification:_identify(src/install) by extensions ['ignore', 'ignore_ament_install']
[1.921s] Level 1:colcon.colcon_core.package_identification:_identify(src/install) by extension 'ignore'
[1.921s] Level 1:colcon.colcon_core.package_identification:_identify(src/install) ignored
[1.921s] Level 1:colcon.colcon_core.package_identification:_identify(src/log) by extensions ['ignore', 'ignore_ament_install']
[1.921s] Level 1:colcon.colcon_core.package_identification:_identify(src/log) by extension 'ignore'
[1.921s] Level 1:colcon.colcon_core.package_identification:_identify(src/log) ignored
[1.921s] Level 1:colcon.colcon_core.package_identification:_identify(src/mypkg) by extensions ['ignore', 'ignore_ament_install']
[1.922s] Level 1:colcon.colcon_core.package_identification:_identify(src/mypkg) by extension 'ignore'
[1.922s] Level 1:colcon.colcon_core.package_identification:_identify(src/mypkg) by extension 'ignore_ament_install'
[1.922s] Level 1:colcon.colcon_core.package_identification:_identify(src/mypkg) by extensions ['colcon_pkg']
[1.922s] Level 1:colcon.colcon_core.package_identification:_identify(src/mypkg) by extension 'colcon_pkg'
[1.922s] Level 1:colcon.colcon_core.package_identification:_identify(src/mypkg) by extensions ['colcon_meta']
[1.922s] Level 1:colcon.colcon_core.package_identification:_identify(src/mypkg) by extension 'colcon_meta'
[1.922s] Level 1:colcon.colcon_core.package_identification:_identify(src/mypkg) by extensions ['ros']
[1.922s] Level 1:colcon.colcon_core.package_identification:_identify(src/mypkg) by extension 'ros'
[1.924s] DEBUG:colcon.colcon_core.package_identification:Package 'src/mypkg' with type 'ros.ament_python' and name 'mypkg'
[1.925s] Level 1:colcon.colcon_core.package_identification:_identify(src/person_msgs) by extensions ['ignore', 'ignore_ament_install']
[1.925s] Level 1:colcon.colcon_core.package_identification:_identify(src/person_msgs) by extension 'ignore'
[1.925s] Level 1:colcon.colcon_core.package_identification:_identify(src/person_msgs) by extension 'ignore_ament_install'
[1.925s] Level 1:colcon.colcon_core.package_identification:_identify(src/person_msgs) by extensions ['colcon_pkg']
[1.925s] Level 1:colcon.colcon_core.package_identification:_identify(src/person_msgs) by extension 'colcon_pkg'
[1.925s] Level 1:colcon.colcon_core.package_identification:_identify(src/person_msgs) by extensions ['colcon_meta']
[1.925s] Level 1:colcon.colcon_core.package_identification:_identify(src/person_msgs) by extension 'colcon_meta'
[1.925s] Level 1:colcon.colcon_core.package_identification:_identify(src/person_msgs) by extensions ['ros']
[1.926s] Level 1:colcon.colcon_core.package_identification:_identify(src/person_msgs) by extension 'ros'
[1.926s] DEBUG:colcon.colcon_core.package_identification:Package 'src/person_msgs' with type 'ros.ament_cmake' and name 'person_msgs'
[1.927s] Level 1:colcon.colcon_core.package_discovery:discover_packages(recursive) using defaults
[1.927s] Level 1:colcon.colcon_core.package_discovery:discover_packages(ignore) discover
[1.927s] Level 1:colcon.colcon_core.package_discovery:discover_packages(ignore) using defaults
[1.927s] Level 1:colcon.colcon_core.package_discovery:discover_packages(path) discover
[1.927s] Level 1:colcon.colcon_core.package_discovery:discover_packages(path) using defaults
[2.068s] Level 1:colcon.colcon_core.package_discovery:discover_packages(prefix_path) check parameters
[2.068s] Level 1:colcon.colcon_core.package_discovery:discover_packages(prefix_path) discover
[2.127s] DEBUG:colcon.colcon_installed_package_information.package_discovery:Found 2 installed packages in /home/kouta/ros2_ws/install
[2.151s] DEBUG:colcon.colcon_installed_package_information.package_discovery:Found 256 installed packages in /opt/ros/foxy
[2.152s] Level 1:colcon.colcon_core.package_discovery:discover_packages(prefix_path) using defaults
[2.281s] Level 5:colcon.colcon_core.verb:set package 'mypkg' build argument 'cmake_args' from command line to 'None'
[2.281s] Level 5:colcon.colcon_core.verb:set package 'mypkg' build argument 'cmake_target' from command line to 'None'
[2.281s] Level 5:colcon.colcon_core.verb:set package 'mypkg' build argument 'cmake_target_skip_unavailable' from command line to 'False'
[2.281s] Level 5:colcon.colcon_core.verb:set package 'mypkg' build argument 'cmake_clean_cache' from command line to 'False'
[2.281s] Level 5:colcon.colcon_core.verb:set package 'mypkg' build argument 'cmake_clean_first' from command line to 'False'
[2.281s] Level 5:colcon.colcon_core.verb:set package 'mypkg' build argument 'cmake_force_configure' from command line to 'False'
[2.281s] Level 5:colcon.colcon_core.verb:set package 'mypkg' build argument 'ament_cmake_args' from command line to 'None'
[2.281s] Level 5:colcon.colcon_core.verb:set package 'mypkg' build argument 'catkin_cmake_args' from command line to 'None'
[2.281s] Level 5:colcon.colcon_core.verb:set package 'mypkg' build argument 'catkin_skip_building_tests' from command line to 'False'
[2.281s] DEBUG:colcon.colcon_core.verb:Building package 'mypkg' with the following arguments: {'ament_cmake_args': None, 'build_base': '/home/kouta/ros2_ws/build/mypkg', 'catkin_cmake_args': None, 'catkin_skip_building_tests': False, 'cmake_args': None, 'cmake_clean_cache': False, 'cmake_clean_first': False, 'cmake_force_configure': False, 'cmake_target': None, 'cmake_target_skip_unavailable': False, 'install_base': '/home/kouta/ros2_ws/install/mypkg', 'merge_install': False, 'path': '/home/kouta/ros2_ws/src/mypkg', 'symlink_install': False, 'test_result_base': None}
[2.314s] Level 5:colcon.colcon_core.verb:set package 'person_msgs' build argument 'cmake_args' from command line to 'None'
[2.314s] Level 5:colcon.colcon_core.verb:set package 'person_msgs' build argument 'cmake_target' from command line to 'None'
[2.315s] Level 5:colcon.colcon_core.verb:set package 'person_msgs' build argument 'cmake_target_skip_unavailable' from command line to 'False'
[2.315s] Level 5:colcon.colcon_core.verb:set package 'person_msgs' build argument 'cmake_clean_cache' from command line to 'False'
[2.315s] Level 5:colcon.colcon_core.verb:set package 'person_msgs' build argument 'cmake_clean_first' from command line to 'False'
[2.315s] Level 5:colcon.colcon_core.verb:set package 'person_msgs' build argument 'cmake_force_configure' from command line to 'False'
[2.315s] Level 5:colcon.colcon_core.verb:set package 'person_msgs' build argument 'ament_cmake_args' from command line to 'None'
[2.315s] Level 5:colcon.colcon_core.verb:set package 'person_msgs' build argument 'catkin_cmake_args' from command line to 'None'
[2.315s] Level 5:colcon.colcon_core.verb:set package 'person_msgs' build argument 'catkin_skip_building_tests' from command line to 'False'
[2.315s] DEBUG:colcon.colcon_core.verb:Building package 'person_msgs' with the following arguments: {'ament_cmake_args': None, 'build_base': '/home/kouta/ros2_ws/build/person_msgs', 'catkin_cmake_args': None, 'catkin_skip_building_tests': False, 'cmake_args': None, 'cmake_clean_cache': False, 'cmake_clean_first': False, 'cmake_force_configure': False, 'cmake_target': None, 'cmake_target_skip_unavailable': False, 'install_base': '/home/kouta/ros2_ws/install/person_msgs', 'merge_install': False, 'path': '/home/kouta/ros2_ws/src/person_msgs', 'symlink_install': False, 'test_result_base': None}
[2.338s] INFO:colcon.colcon_core.executor:Executing jobs using 'parallel' executor
[2.364s] DEBUG:colcon.colcon_parallel_executor.executor.parallel:run_until_complete
[2.364s] INFO:colcon.colcon_ros.task.ament_python.build:Building ROS package in '/home/kouta/ros2_ws/src/mypkg' with build type 'ament_python'
[2.364s] Level 1:colcon.colcon_core.shell:create_environment_hook('mypkg', 'ament_prefix_path')
[2.394s] INFO:colcon.colcon_core.plugin_system:Skipping extension 'colcon_core.shell.bat': Not used on non-Windows systems
[2.394s] INFO:colcon.colcon_core.shell:Creating environment hook '/home/kouta/ros2_ws/install/mypkg/share/mypkg/hook/ament_prefix_path.ps1'
[2.394s] INFO:colcon.colcon_core.shell:Creating environment descriptor '/home/kouta/ros2_ws/install/mypkg/share/mypkg/hook/ament_prefix_path.dsv'
[2.395s] INFO:colcon.colcon_core.shell:Creating environment hook '/home/kouta/ros2_ws/install/mypkg/share/mypkg/hook/ament_prefix_path.sh'
[2.424s] INFO:colcon.colcon_core.shell:Skip shell extension 'powershell' for command environment: Not usable outside of PowerShell
[2.424s] DEBUG:colcon.colcon_core.shell:Skip shell extension 'dsv' for command environment
[2.532s] INFO:colcon.colcon_ros.task.ament_cmake.build:Building ROS package in '/home/kouta/ros2_ws/src/person_msgs' with build type 'ament_cmake'
[2.532s] INFO:colcon.colcon_cmake.task.cmake.build:Building CMake package in '/home/kouta/ros2_ws/src/person_msgs'
[2.560s] INFO:colcon.colcon_core.shell:Skip shell extension 'powershell' for command environment: Not usable outside of PowerShell
[2.560s] DEBUG:colcon.colcon_core.shell:Skip shell extension 'dsv' for command environment
[2.836s] INFO:colcon.colcon_core.task.python.build:Building Python package in '/home/kouta/ros2_ws/src/mypkg'
[2.862s] INFO:colcon.colcon_core.shell:Skip shell extension 'powershell' for command environment: Not usable outside of PowerShell
[2.862s] DEBUG:colcon.colcon_core.shell:Skip shell extension 'dsv' for command environment
[2.958s] DEBUG:colcon.colcon_core.event_handler.log_command:Invoking command in '/home/kouta/ros2_ws/build/person_msgs': CMAKE_PREFIX_PATH=/home/kouta/ros2_ws/install/mypkg:/opt/ros/foxy /usr/bin/cmake /home/kouta/ros2_ws/src/person_msgs -DCMAKE_INSTALL_PREFIX=/home/kouta/ros2_ws/install/person_msgs
[3.329s] DEBUG:colcon.colcon_core.event_handler.log_command:Invoking command in '/home/kouta/ros2_ws/src/mypkg': PYTHONPATH=/home/kouta/ros2_ws/build/mypkg/prefix_override:/home/kouta/ros2_ws/install/mypkg/lib/python3.8/site-packages:${PYTHONPATH} /usr/bin/python3 setup.py egg_info --egg-base ../../build/mypkg build --build-base /home/kouta/ros2_ws/build/mypkg/build install --record /home/kouta/ros2_ws/build/mypkg/install.log --install-scripts $base/lib/mypkg --single-version-externally-managed
[3.613s] DEBUG:colcon.colcon_core.event_handler.log_command:Invoked command in '/home/kouta/ros2_ws/src/mypkg' returned '0': PYTHONPATH=/home/kouta/ros2_ws/build/mypkg/prefix_override:/home/kouta/ros2_ws/install/mypkg/lib/python3.8/site-packages:${PYTHONPATH} /usr/bin/python3 setup.py egg_info --egg-base ../../build/mypkg build --build-base /home/kouta/ros2_ws/build/mypkg/build install --record /home/kouta/ros2_ws/build/mypkg/install.log --install-scripts $base/lib/mypkg --single-version-externally-managed
[3.644s] Level 1:colcon.colcon_core.environment:checking '/home/kouta/ros2_ws/install/mypkg' for CMake module files
[3.644s] Level 1:colcon.colcon_core.environment:checking '/home/kouta/ros2_ws/install/mypkg' for CMake config files
[3.645s] Level 1:colcon.colcon_core.environment:checking '/home/kouta/ros2_ws/install/mypkg/lib'
[3.645s] Level 1:colcon.colcon_core.environment:checking '/home/kouta/ros2_ws/install/mypkg/bin'
[3.645s] Level 1:colcon.colcon_core.environment:checking '/home/kouta/ros2_ws/install/mypkg/lib/pkgconfig/mypkg.pc'
[3.645s] Level 1:colcon.colcon_core.environment:checking '/home/kouta/ros2_ws/install/mypkg/lib/python3.8/site-packages'
[3.646s] Level 1:colcon.colcon_core.shell:create_environment_hook('mypkg', 'pythonpath')
[3.693s] INFO:colcon.colcon_core.shell:Creating environment hook '/home/kouta/ros2_ws/install/mypkg/share/mypkg/hook/pythonpath.ps1'
[3.694s] INFO:colcon.colcon_core.shell:Creating environment descriptor '/home/kouta/ros2_ws/install/mypkg/share/mypkg/hook/pythonpath.dsv'
[3.694s] INFO:colcon.colcon_core.shell:Creating environment hook '/home/kouta/ros2_ws/install/mypkg/share/mypkg/hook/pythonpath.sh'
[3.695s] Level 1:colcon.colcon_core.environment:checking '/home/kouta/ros2_ws/install/mypkg/bin'
[3.695s] Level 1:colcon.colcon_core.environment:create_environment_scripts_only(mypkg)
[3.729s] INFO:colcon.colcon_core.shell:Creating package script '/home/kouta/ros2_ws/install/mypkg/share/mypkg/package.ps1'
[3.730s] INFO:colcon.colcon_core.shell:Creating package descriptor '/home/kouta/ros2_ws/install/mypkg/share/mypkg/package.dsv'
[3.731s] INFO:colcon.colcon_core.shell:Creating package script '/home/kouta/ros2_ws/install/mypkg/share/mypkg/package.sh'
[3.732s] INFO:colcon.colcon_core.shell:Creating package script '/home/kouta/ros2_ws/install/mypkg/share/mypkg/package.bash'
[3.732s] INFO:colcon.colcon_core.shell:Creating package script '/home/kouta/ros2_ws/install/mypkg/share/mypkg/package.zsh'
[3.733s] Level 1:colcon.colcon_core.environment:create_file_with_runtime_dependencies(/home/kouta/ros2_ws/install/mypkg/share/colcon-core/packages/mypkg)
[18.003s] DEBUG:colcon.colcon_core.event_handler.log_command:Invoked command in '/home/kouta/ros2_ws/build/person_msgs' returned '0': CMAKE_PREFIX_PATH=/home/kouta/ros2_ws/install/mypkg:/opt/ros/foxy /usr/bin/cmake /home/kouta/ros2_ws/src/person_msgs -DCMAKE_INSTALL_PREFIX=/home/kouta/ros2_ws/install/person_msgs
[18.007s] DEBUG:colcon.colcon_core.event_handler.log_command:Invoking command in '/home/kouta/ros2_ws/build/person_msgs': CMAKE_PREFIX_PATH=/home/kouta/ros2_ws/install/mypkg:/opt/ros/foxy /usr/bin/cmake --build /home/kouta/ros2_ws/build/person_msgs -- -j8 -l8
[21.748s] DEBUG:colcon.colcon_core.event_handler.log_command:Invoked command in '/home/kouta/ros2_ws/build/person_msgs' returned '0': CMAKE_PREFIX_PATH=/home/kouta/ros2_ws/install/mypkg:/opt/ros/foxy /usr/bin/cmake --build /home/kouta/ros2_ws/build/person_msgs -- -j8 -l8
[21.800s] DEBUG:colcon.colcon_core.event_handler.log_command:Invoking command in '/home/kouta/ros2_ws/build/person_msgs': CMAKE_PREFIX_PATH=/home/kouta/ros2_ws/install/mypkg:/opt/ros/foxy /usr/bin/cmake --install /home/kouta/ros2_ws/build/person_msgs
[21.856s] Level 1:colcon.colcon_core.environment:create_environment_scripts_only(person_msgs)
[21.856s] DEBUG:colcon.colcon_core.event_handler.log_command:Invoked command in '/home/kouta/ros2_ws/build/person_msgs' returned '0': CMAKE_PREFIX_PATH=/home/kouta/ros2_ws/install/mypkg:/opt/ros/foxy /usr/bin/cmake --install /home/kouta/ros2_ws/build/person_msgs
[21.887s] Level 1:colcon.colcon_core.environment:checking '/home/kouta/ros2_ws/install/person_msgs' for CMake module files
[21.888s] Level 1:colcon.colcon_core.environment:checking '/home/kouta/ros2_ws/install/person_msgs' for CMake config files
[21.888s] Level 1:colcon.colcon_core.shell:create_environment_hook('person_msgs', 'cmake_prefix_path')
[21.921s] INFO:colcon.colcon_core.shell:Creating environment hook '/home/kouta/ros2_ws/install/person_msgs/share/person_msgs/hook/cmake_prefix_path.ps1'
[21.922s] INFO:colcon.colcon_core.shell:Creating environment descriptor '/home/kouta/ros2_ws/install/person_msgs/share/person_msgs/hook/cmake_prefix_path.dsv'
[21.922s] INFO:colcon.colcon_core.shell:Creating environment hook '/home/kouta/ros2_ws/install/person_msgs/share/person_msgs/hook/cmake_prefix_path.sh'
[21.922s] Level 1:colcon.colcon_core.environment:checking '/home/kouta/ros2_ws/install/person_msgs/lib'
[21.922s] Level 1:colcon.colcon_core.shell:create_environment_hook('person_msgs', 'ld_library_path_lib')
[21.949s] INFO:colcon.colcon_core.shell:Creating environment hook '/home/kouta/ros2_ws/install/person_msgs/share/person_msgs/hook/ld_library_path_lib.ps1'
[21.949s] INFO:colcon.colcon_core.shell:Creating environment descriptor '/home/kouta/ros2_ws/install/person_msgs/share/person_msgs/hook/ld_library_path_lib.dsv'
[21.949s] INFO:colcon.colcon_core.shell:Creating environment hook '/home/kouta/ros2_ws/install/person_msgs/share/person_msgs/hook/ld_library_path_lib.sh'
[21.950s] Level 1:colcon.colcon_core.environment:checking '/home/kouta/ros2_ws/install/person_msgs/bin'
[21.950s] Level 1:colcon.colcon_core.environment:checking '/home/kouta/ros2_ws/install/person_msgs/lib/pkgconfig/person_msgs.pc'
[21.950s] Level 1:colcon.colcon_core.environment:checking '/home/kouta/ros2_ws/install/person_msgs/lib/python3.8/site-packages'
[21.950s] Level 1:colcon.colcon_core.shell:create_environment_hook('person_msgs', 'pythonpath')
[21.992s] INFO:colcon.colcon_core.shell:Creating environment hook '/home/kouta/ros2_ws/install/person_msgs/share/person_msgs/hook/pythonpath.ps1'
[21.993s] INFO:colcon.colcon_core.shell:Creating environment descriptor '/home/kouta/ros2_ws/install/person_msgs/share/person_msgs/hook/pythonpath.dsv'
[21.993s] INFO:colcon.colcon_core.shell:Creating environment hook '/home/kouta/ros2_ws/install/person_msgs/share/person_msgs/hook/pythonpath.sh'
[21.994s] Level 1:colcon.colcon_core.environment:checking '/home/kouta/ros2_ws/install/person_msgs/bin'
[22.030s] INFO:colcon.colcon_core.shell:Creating package script '/home/kouta/ros2_ws/install/person_msgs/share/person_msgs/package.ps1'
[22.030s] INFO:colcon.colcon_core.shell:Creating package descriptor '/home/kouta/ros2_ws/install/person_msgs/share/person_msgs/package.dsv'
[22.031s] INFO:colcon.colcon_core.shell:Creating package script '/home/kouta/ros2_ws/install/person_msgs/share/person_msgs/package.sh'
[22.031s] INFO:colcon.colcon_core.shell:Creating package script '/home/kouta/ros2_ws/install/person_msgs/share/person_msgs/package.bash'
[22.032s] INFO:colcon.colcon_core.shell:Creating package script '/home/kouta/ros2_ws/install/person_msgs/share/person_msgs/package.zsh'
[22.032s] Level 1:colcon.colcon_core.environment:create_file_with_runtime_dependencies(/home/kouta/ros2_ws/install/person_msgs/share/colcon-core/packages/person_msgs)
[22.110s] Level 1:colcon.colcon_core.environment:create_environment_scripts_only(person_msgs)
[22.136s] Level 1:colcon.colcon_core.environment:checking '/home/kouta/ros2_ws/install/person_msgs' for CMake module files
[22.137s] Level 1:colcon.colcon_core.environment:checking '/home/kouta/ros2_ws/install/person_msgs' for CMake config files
[22.137s] Level 1:colcon.colcon_core.shell:create_environment_hook('person_msgs', 'cmake_prefix_path')
[22.162s] INFO:colcon.colcon_core.shell:Creating environment hook '/home/kouta/ros2_ws/install/person_msgs/share/person_msgs/hook/cmake_prefix_path.ps1'
[22.163s] INFO:colcon.colcon_core.shell:Creating environment descriptor '/home/kouta/ros2_ws/install/person_msgs/share/person_msgs/hook/cmake_prefix_path.dsv'
[22.163s] INFO:colcon.colcon_core.shell:Creating environment hook '/home/kouta/ros2_ws/install/person_msgs/share/person_msgs/hook/cmake_prefix_path.sh'
[22.164s] Level 1:colcon.colcon_core.environment:checking '/home/kouta/ros2_ws/install/person_msgs/lib'
[22.164s] Level 1:colcon.colcon_core.shell:create_environment_hook('person_msgs', 'ld_library_path_lib')
[22.189s] INFO:colcon.colcon_core.shell:Creating environment hook '/home/kouta/ros2_ws/install/person_msgs/share/person_msgs/hook/ld_library_path_lib.ps1'
[22.190s] INFO:colcon.colcon_core.shell:Creating environment descriptor '/home/kouta/ros2_ws/install/person_msgs/share/person_msgs/hook/ld_library_path_lib.dsv'
[22.190s] INFO:colcon.colcon_core.shell:Creating environment hook '/home/kouta/ros2_ws/install/person_msgs/share/person_msgs/hook/ld_library_path_lib.sh'
[22.190s] Level 1:colcon.colcon_core.environment:checking '/home/kouta/ros2_ws/install/person_msgs/bin'
[22.190s] Level 1:colcon.colcon_core.environment:checking '/home/kouta/ros2_ws/install/person_msgs/lib/pkgconfig/person_msgs.pc'
[22.191s] Level 1:colcon.colcon_core.environment:checking '/home/kouta/ros2_ws/install/person_msgs/lib/python3.8/site-packages'
[22.191s] Level 1:colcon.colcon_core.shell:create_environment_hook('person_msgs', 'pythonpath')
[22.219s] INFO:colcon.colcon_core.shell:Creating environment hook '/home/kouta/ros2_ws/install/person_msgs/share/person_msgs/hook/pythonpath.ps1'
[22.220s] INFO:colcon.colcon_core.shell:Creating environment descriptor '/home/kouta/ros2_ws/install/person_msgs/share/person_msgs/hook/pythonpath.dsv'
[22.220s] INFO:colcon.colcon_core.shell:Creating environment hook '/home/kouta/ros2_ws/install/person_msgs/share/person_msgs/hook/pythonpath.sh'
[22.220s] Level 1:colcon.colcon_core.environment:checking '/home/kouta/ros2_ws/install/person_msgs/bin'
[22.247s] INFO:colcon.colcon_core.shell:Creating package script '/home/kouta/ros2_ws/install/person_msgs/share/person_msgs/package.ps1'
[22.247s] INFO:colcon.colcon_core.shell:Creating package descriptor '/home/kouta/ros2_ws/install/person_msgs/share/person_msgs/package.dsv'
[22.248s] INFO:colcon.colcon_core.shell:Creating package script '/home/kouta/ros2_ws/install/person_msgs/share/person_msgs/package.sh'
[22.248s] INFO:colcon.colcon_core.shell:Creating package script '/home/kouta/ros2_ws/install/person_msgs/share/person_msgs/package.bash'
[22.249s] INFO:colcon.colcon_core.shell:Creating package script '/home/kouta/ros2_ws/install/person_msgs/share/person_msgs/package.zsh'
[22.249s] Level 1:colcon.colcon_core.environment:create_file_with_runtime_dependencies(/home/kouta/ros2_ws/install/person_msgs/share/colcon-core/packages/person_msgs)
[22.250s] DEBUG:colcon.colcon_parallel_executor.executor.parallel:closing loop
[22.251s] DEBUG:colcon.colcon_parallel_executor.executor.parallel:loop closed
[22.251s] DEBUG:colcon.colcon_parallel_executor.executor.parallel:run_until_complete finished with '0'
[22.251s] DEBUG:colcon.colcon_core.event_reactor:joining thread
[22.371s] INFO:colcon.colcon_core.plugin_system:Skipping extension 'colcon_notification.desktop_notification.notify_send': Could not find 'notify-send'
[22.372s] INFO:colcon.colcon_core.plugin_system:Skipping extension 'colcon_notification.desktop_notification.terminal_notifier': Not used on non-Darwin systems
[22.372s] INFO:colcon.colcon_core.plugin_system:Skipping extension 'colcon_notification.desktop_notification.win32': Not used on non-Windows systems
[22.372s] INFO:colcon.colcon_notification.desktop_notification:Sending desktop notification using 'notify2'
[22.380s] DEBUG:colcon.colcon_notification.desktop_notification.notify2:Failed to initialize notify2: org.freedesktop.DBus.Error.ServiceUnknown: The name org.freedesktop.Notifications was not provided by any .service files
[22.380s] DEBUG:colcon.colcon_core.event_reactor:joined thread
[22.411s] INFO:colcon.colcon_core.shell:Creating prefix script '/home/kouta/ros2_ws/install/local_setup.ps1'
[22.420s] INFO:colcon.colcon_core.shell:Creating prefix util module '/home/kouta/ros2_ws/install/_local_setup_util_ps1.py'
[22.421s] INFO:colcon.colcon_core.shell:Creating prefix chain script '/home/kouta/ros2_ws/install/setup.ps1'
[22.447s] INFO:colcon.colcon_core.shell:Creating prefix script '/home/kouta/ros2_ws/install/local_setup.sh'
[22.447s] INFO:colcon.colcon_core.shell:Creating prefix util module '/home/kouta/ros2_ws/install/_local_setup_util_sh.py'
[22.448s] INFO:colcon.colcon_core.shell:Creating prefix chain script '/home/kouta/ros2_ws/install/setup.sh'
[22.475s] INFO:colcon.colcon_core.shell:Creating prefix script '/home/kouta/ros2_ws/install/local_setup.bash'
[22.475s] INFO:colcon.colcon_core.shell:Creating prefix chain script '/home/kouta/ros2_ws/install/setup.bash'
[22.504s] INFO:colcon.colcon_core.shell:Creating prefix script '/home/kouta/ros2_ws/install/local_setup.zsh'
[22.504s] INFO:colcon.colcon_core.shell:Creating prefix chain script '/home/kouta/ros2_ws/install/setup.zsh'
