[0.472s] Invoking command in '/home/kouta/ros2_ws/build/person_msgs': CMAKE_PREFIX_PATH=${CMAKE_PREFIX_PATH}:/home/kouta/ros2_ws/install/mypkg:/opt/ros/foxy /usr/bin/cmake --build /home/kouta/ros2_ws/build/person_msgs -- -j8 -l8
[0.517s] -- Found ament_cmake: 0.9.12 (/opt/ros/foxy/share/ament_cmake/cmake)
[0.541s] -- Found PythonInterp: /usr/bin/python3 (found suitable version "3.8.10", minimum required is "3") 
[0.541s] -- Using PYTHON_EXECUTABLE: /usr/bin/python3
[0.722s] -- Found rosidl_default_generators: 1.0.1 (/opt/ros/foxy/share/rosidl_default_generators/cmake)
[0.724s] -- Using all available rosidl_typesupport_c: rosidl_typesupport_fastrtps_c;rosidl_typesupport_introspection_c
[0.727s] -- Found rosidl_adapter: 1.3.1 (/opt/ros/foxy/share/rosidl_adapter/cmake)
[7.700s] -- Using all available rosidl_typesupport_cpp: rosidl_typesupport_fastrtps_cpp;rosidl_typesupport_introspection_cpp
[7.753s] -- Found PythonInterp: /usr/bin/python3 (found version "3.8.10") 
[7.957s] CMake Error at /opt/ros/foxy/share/rosidl_adapter/cmake/rosidl_adapt_interfaces.cmake:60 (message):
[7.957s]   execute_process(/usr/bin/python3 -m rosidl_adapter --package-name
[7.958s]   person_msgs --arguments-file
[7.958s]   /home/kouta/ros2_ws/build/person_msgs/rosidl_adapter__arguments__person_msgs.json
[7.958s]   --output-dir
[7.958s]   /home/kouta/ros2_ws/build/person_msgs/rosidl_adapter/person_msgs
[7.958s]   --output-file
[7.958s]   /home/kouta/ros2_ws/build/person_msgs/rosidl_adapter/person_msgs.idls)
[7.958s]   returned error code 1:
[7.958s] 
[7.958s]   Error processing ' string name' of 'person_msgs/Person': 'string index out
[7.958s]   of range'
[7.958s] 
[7.958s]   Traceback (most recent call last):
[7.959s] 
[7.959s]     File "/usr/lib/python3.8/runpy.py", line 194, in _run_module_as_main
[7.959s]       return _run_code(code, main_globals, None,
[7.959s]     File "/usr/lib/python3.8/runpy.py", line 87, in _run_code
[7.959s]       exec(code, run_globals)
[7.959s]     File "/opt/ros/foxy/lib/python3.8/site-packages/rosidl_adapter/__main__.py", line 19, in <module>
[7.959s]       sys.exit(main())
[7.960s]     File "/opt/ros/foxy/lib/python3.8/site-packages/rosidl_adapter/main.py", line 53, in main
[7.960s]       abs_idl_file = convert_to_idl(
[7.960s]     File "/opt/ros/foxy/lib/python3.8/site-packages/rosidl_adapter/__init__.py", line 19, in convert_to_idl
[7.960s]       return convert_msg_to_idl(
[7.960s]     File "/opt/ros/foxy/lib/python3.8/site-packages/rosidl_adapter/msg/__init__.py", line 28, in convert_msg_to_idl
[7.960s]       msg = parse_message_string(package_name, input_file.stem, content)
[7.961s]     File "/opt/ros/foxy/lib/python3.8/site-packages/rosidl_adapter/parser.py", line 516, in parse_message_string
[7.961s]       Type(type_string, context_package_name=pkg_name),
[7.961s]     File "/opt/ros/foxy/lib/python3.8/site-packages/rosidl_adapter/parser.py", line 240, in __init__
[7.961s]       self.is_array = type_string[-1] == ']'
[7.961s] 
[7.961s]   IndexError: string index out of range
[7.962s] 
[7.962s] Call Stack (most recent call first):
[7.962s]   /opt/ros/foxy/share/rosidl_cmake/cmake/rosidl_generate_interfaces.cmake:130 (rosidl_adapt_interfaces)
[7.962s]   CMakeLists.txt:21 (rosidl_generate_interfaces)
[7.962s] 
[7.962s] 
[7.962s] -- Configuring incomplete, errors occurred!
[7.962s] See also "/home/kouta/ros2_ws/build/person_msgs/CMakeFiles/CMakeOutput.log".
[7.964s] make: *** [Makefile:748: cmake_check_build_system] Error 1
[7.969s] Invoked command in '/home/kouta/ros2_ws/build/person_msgs' returned '2': CMAKE_PREFIX_PATH=${CMAKE_PREFIX_PATH}:/home/kouta/ros2_ws/install/mypkg:/opt/ros/foxy /usr/bin/cmake --build /home/kouta/ros2_ws/build/person_msgs -- -j8 -l8
