[0.941s] Invoking command in '/home/kouta/ros2_ws/src/mypkg': PYTHONPATH=/home/kouta/ros2_ws/src/build/mypkg/prefix_override:/home/kouta/ros2_ws/src/install/mypkg/lib/python3.8/site-packages:${PYTHONPATH} /usr/bin/python3 setup.py egg_info --egg-base ../build/mypkg build --build-base /home/kouta/ros2_ws/src/build/mypkg/build install --record /home/kouta/ros2_ws/src/build/mypkg/install.log --install-scripts $base/lib/mypkg --single-version-externally-managed
[1.137s] running egg_info
[1.138s] creating ../build/mypkg/mypkg.egg-info
[1.138s] writing ../build/mypkg/mypkg.egg-info/PKG-INFO
[1.138s] writing dependency_links to ../build/mypkg/mypkg.egg-info/dependency_links.txt
[1.138s] writing entry points to ../build/mypkg/mypkg.egg-info/entry_points.txt
[1.139s] writing requirements to ../build/mypkg/mypkg.egg-info/requires.txt
[1.139s] writing top-level names to ../build/mypkg/mypkg.egg-info/top_level.txt
[1.140s] writing manifest file '../build/mypkg/mypkg.egg-info/SOURCES.txt'
[1.175s] reading manifest file '../build/mypkg/mypkg.egg-info/SOURCES.txt'
[1.176s] writing manifest file '../build/mypkg/mypkg.egg-info/SOURCES.txt'
[1.176s] running build
[1.176s] running build_py
[1.177s] creating /home/kouta/ros2_ws/src/build/mypkg/build
[1.177s] creating /home/kouta/ros2_ws/src/build/mypkg/build/lib
[1.177s] creating /home/kouta/ros2_ws/src/build/mypkg/build/lib/mypkg
[1.177s] copying mypkg/talker.py -> /home/kouta/ros2_ws/src/build/mypkg/build/lib/mypkg
[1.177s] copying mypkg/listener.py -> /home/kouta/ros2_ws/src/build/mypkg/build/lib/mypkg
[1.178s] copying mypkg/__init__.py -> /home/kouta/ros2_ws/src/build/mypkg/build/lib/mypkg
[1.178s] running install
[1.178s] running install_lib
[1.179s] creating /home/kouta/ros2_ws/src/install/mypkg/lib/python3.8/site-packages/mypkg
[1.180s] copying /home/kouta/ros2_ws/src/build/mypkg/build/lib/mypkg/talker.py -> /home/kouta/ros2_ws/src/install/mypkg/lib/python3.8/site-packages/mypkg
[1.180s] copying /home/kouta/ros2_ws/src/build/mypkg/build/lib/mypkg/listener.py -> /home/kouta/ros2_ws/src/install/mypkg/lib/python3.8/site-packages/mypkg
[1.180s] copying /home/kouta/ros2_ws/src/build/mypkg/build/lib/mypkg/__init__.py -> /home/kouta/ros2_ws/src/install/mypkg/lib/python3.8/site-packages/mypkg
[1.180s] byte-compiling /home/kouta/ros2_ws/src/install/mypkg/lib/python3.8/site-packages/mypkg/talker.py to talker.cpython-38.pyc
[1.182s] byte-compiling /home/kouta/ros2_ws/src/install/mypkg/lib/python3.8/site-packages/mypkg/listener.py to listener.cpython-38.pyc
[1.182s] byte-compiling /home/kouta/ros2_ws/src/install/mypkg/lib/python3.8/site-packages/mypkg/__init__.py to __init__.cpython-38.pyc
[1.182s] running install_data
[1.183s] creating /home/kouta/ros2_ws/src/install/mypkg/share/ament_index
[1.183s] creating /home/kouta/ros2_ws/src/install/mypkg/share/ament_index/resource_index
[1.183s] creating /home/kouta/ros2_ws/src/install/mypkg/share/ament_index/resource_index/packages
[1.183s] copying resource/mypkg -> /home/kouta/ros2_ws/src/install/mypkg/share/ament_index/resource_index/packages
[1.184s] copying package.xml -> /home/kouta/ros2_ws/src/install/mypkg/share/mypkg
[1.184s] copying launch/talk_listen.launch.py -> /home/kouta/ros2_ws/src/install/mypkg/share/mypkg
[1.184s] copying launch/talk_listener.launch.py -> /home/kouta/ros2_ws/src/install/mypkg/share/mypkg
[1.184s] running install_egg_info
[1.185s] Copying ../build/mypkg/mypkg.egg-info to /home/kouta/ros2_ws/src/install/mypkg/lib/python3.8/site-packages/mypkg-0.0.0-py3.8.egg-info
[1.186s] running install_scripts
[1.201s] Installing listener script to /home/kouta/ros2_ws/src/install/mypkg/lib/mypkg
[1.201s] Installing talker script to /home/kouta/ros2_ws/src/install/mypkg/lib/mypkg
[1.202s] writing list of installed files to '/home/kouta/ros2_ws/src/build/mypkg/install.log'
[1.221s] Invoked command in '/home/kouta/ros2_ws/src/mypkg' returned '0': PYTHONPATH=/home/kouta/ros2_ws/src/build/mypkg/prefix_override:/home/kouta/ros2_ws/src/install/mypkg/lib/python3.8/site-packages:${PYTHONPATH} /usr/bin/python3 setup.py egg_info --egg-base ../build/mypkg build --build-base /home/kouta/ros2_ws/src/build/mypkg/build install --record /home/kouta/ros2_ws/src/build/mypkg/install.log --install-scripts $base/lib/mypkg --single-version-externally-managed
