[0.637s] Invoking command in '/home/kouta/ros2_ws/src/mypkg': PYTHONPATH=/home/kouta/ros2_ws/build/mypkg/prefix_override:/home/kouta/ros2_ws/install/mypkg/lib/python3.8/site-packages:${PYTHONPATH} /usr/bin/python3 setup.py egg_info --egg-base ../../build/mypkg build --build-base /home/kouta/ros2_ws/build/mypkg/build install --record /home/kouta/ros2_ws/build/mypkg/install.log --install-scripts $base/lib/mypkg --single-version-externally-managed
[0.837s] running egg_info
[0.837s] writing ../../build/mypkg/mypkg.egg-info/PKG-INFO
[0.838s] writing dependency_links to ../../build/mypkg/mypkg.egg-info/dependency_links.txt
[0.838s] writing entry points to ../../build/mypkg/mypkg.egg-info/entry_points.txt
[0.838s] writing requirements to ../../build/mypkg/mypkg.egg-info/requires.txt
[0.838s] writing top-level names to ../../build/mypkg/mypkg.egg-info/top_level.txt
[0.867s] reading manifest file '../../build/mypkg/mypkg.egg-info/SOURCES.txt'
[0.868s] writing manifest file '../../build/mypkg/mypkg.egg-info/SOURCES.txt'
[0.868s] running build
[0.868s] running build_py
[0.869s] copying mypkg/talker.py -> /home/kouta/ros2_ws/build/mypkg/build/lib/mypkg
[0.869s] running install
[0.869s] running install_lib
[0.870s] copying /home/kouta/ros2_ws/build/mypkg/build/lib/mypkg/talker.py -> /home/kouta/ros2_ws/install/mypkg/lib/python3.8/site-packages/mypkg
[0.870s] byte-compiling /home/kouta/ros2_ws/install/mypkg/lib/python3.8/site-packages/mypkg/talker.py to talker.cpython-38.pyc
[0.872s]   File "/home/kouta/ros2_ws/install/mypkg/lib/python3.8/site-packages/mypkg/talker.py", line 9
[0.872s]     def cb()
[0.872s]            ^
[0.872s] SyntaxError: invalid syntax
[0.872s] 
[0.872s] running install_data
[0.872s] copying package.xml -> /home/kouta/ros2_ws/install/mypkg/share/mypkg
[0.872s] running install_egg_info
[0.873s] removing '/home/kouta/ros2_ws/install/mypkg/lib/python3.8/site-packages/mypkg-0.0.0-py3.8.egg-info' (and everything under it)
[0.874s] Copying ../../build/mypkg/mypkg.egg-info to /home/kouta/ros2_ws/install/mypkg/lib/python3.8/site-packages/mypkg-0.0.0-py3.8.egg-info
[0.874s] running install_scripts
[0.889s] Installing talker script to /home/kouta/ros2_ws/install/mypkg/lib/mypkg
[0.889s] writing list of installed files to '/home/kouta/ros2_ws/build/mypkg/install.log'
[0.906s] Invoked command in '/home/kouta/ros2_ws/src/mypkg' returned '0': PYTHONPATH=/home/kouta/ros2_ws/build/mypkg/prefix_override:/home/kouta/ros2_ws/install/mypkg/lib/python3.8/site-packages:${PYTHONPATH} /usr/bin/python3 setup.py egg_info --egg-base ../../build/mypkg build --build-base /home/kouta/ros2_ws/build/mypkg/build install --record /home/kouta/ros2_ws/build/mypkg/install.log --install-scripts $base/lib/mypkg --single-version-externally-managed
