[1.762s] DEBUG:colcon:Command line arguments: ['/usr/bin/colcon', 'build']
[1.762s] DEBUG:colcon:Parsed command line arguments: Namespace(allow_overriding=[], ament_cmake_args=None, base_paths=['.'], build_base='build', catkin_cmake_args=None, catkin_skip_building_tests=False, cmake_args=None, cmake_clean_cache=False, cmake_clean_first=False, cmake_force_configure=False, cmake_target=None, cmake_target_skip_unavailable=False, continue_on_error=False, event_handlers=None, executor='parallel', ignore_user_meta=False, install_base='install', log_base=None, log_level=None, main=<bound method BuildVerb.main of <colcon_core.verb.build.BuildVerb object at 0x7fdca940ddf0>>, merge_install=False, metas=['./colcon.meta'], packages_above=None, packages_above_and_dependencies=None, packages_above_depth=None, packages_end=None, packages_ignore=None, packages_ignore_regex=None, packages_select=None, packages_select_build_failed=False, packages_select_by_dep=None, packages_select_regex=None, packages_select_test_failures=False, packages_skip=None, packages_skip_build_finished=False, packages_skip_by_dep=None, packages_skip_regex=None, packages_skip_test_passed=False, packages_skip_up_to=None, packages_start=None, packages_up_to=None, packages_up_to_regex=None, parallel_workers=8, paths=None, symlink_install=False, test_result_base=None, verb_extension=<colcon_core.verb.build.BuildVerb object at 0x7fdca940ddf0>, verb_name='build', verb_parser=<colcon_defaults.argument_parser.defaults.DefaultArgumentsDecorator object at 0x7fdca8fded00>)
[1.827s] Level 1:colcon.colcon_core.package_discovery:discover_packages(colcon_meta) check parameters
[1.828s] Level 1:colcon.colcon_core.package_discovery:discover_packages(recursive) check parameters
[1.828s] Level 1:colcon.colcon_core.package_discovery:discover_packages(ignore) check parameters
[1.828s] Level 1:colcon.colcon_core.package_discovery:discover_packages(path) check parameters
[1.828s] Level 1:colcon.colcon_core.package_discovery:discover_packages(colcon_meta) discover
[1.828s] Level 1:colcon.colcon_core.package_discovery:discover_packages(recursive) discover
[1.828s] INFO:colcon.colcon_core.package_discovery:Crawling recursively for packages in '/home/kouta/ros2_ws'
[1.828s] Level 1:colcon.colcon_core.package_identification:_identify(.) by extensions ['ignore', 'ignore_ament_install']
[1.828s] Level 1:colcon.colcon_core.package_identification:_identify(.) by extension 'ignore'
[1.828s] Level 1:colcon.colcon_core.package_identification:_identify(.) by extension 'ignore_ament_install'
[1.828s] Level 1:colcon.colcon_core.package_identification:_identify(.) by extensions ['colcon_pkg']
[1.828s] Level 1:colcon.colcon_core.package_identification:_identify(.) by extension 'colcon_pkg'
[1.828s] Level 1:colcon.colcon_core.package_identification:_identify(.) by extensions ['colcon_meta']
[1.828s] Level 1:colcon.colcon_core.package_identification:_identify(.) by extension 'colcon_meta'
[1.828s] Level 1:colcon.colcon_core.package_identification:_identify(.) by extensions ['ros']
[1.828s] Level 1:colcon.colcon_core.package_identification:_identify(.) by extension 'ros'
[1.837s] Level 1:colcon.colcon_core.package_identification:_identify(.) by extensions ['cmake', 'python']
[1.837s] Level 1:colcon.colcon_core.package_identification:_identify(.) by extension 'cmake'
[1.837s] Level 1:colcon.colcon_core.package_identification:_identify(.) by extension 'python'
[1.837s] Level 1:colcon.colcon_core.package_identification:_identify(.) by extensions ['python_setup_py']
[1.837s] Level 1:colcon.colcon_core.package_identification:_identify(.) by extension 'python_setup_py'
[1.838s] Level 1:colcon.colcon_core.package_identification:_identify(build) by extensions ['ignore', 'ignore_ament_install']
[1.838s] Level 1:colcon.colcon_core.package_identification:_identify(build) by extension 'ignore'
[1.838s] Level 1:colcon.colcon_core.package_identification:_identify(build) ignored
[1.838s] Level 1:colcon.colcon_core.package_identification:_identify(install) by extensions ['ignore', 'ignore_ament_install']
[1.838s] Level 1:colcon.colcon_core.package_identification:_identify(install) by extension 'ignore'
[1.838s] Level 1:colcon.colcon_core.package_identification:_identify(install) ignored
[1.838s] Level 1:colcon.colcon_core.package_identification:_identify(log) by extensions ['ignore', 'ignore_ament_install']
[1.838s] Level 1:colcon.colcon_core.package_identification:_identify(log) by extension 'ignore'
[1.838s] Level 1:colcon.colcon_core.package_identification:_identify(log) ignored
[1.838s] Level 1:colcon.colcon_core.package_identification:_identify(src) by extensions ['ignore', 'ignore_ament_install']
[1.838s] Level 1:colcon.colcon_core.package_identification:_identify(src) by extension 'ignore'
[1.838s] Level 1:colcon.colcon_core.package_identification:_identify(src) by extension 'ignore_ament_install'
[1.838s] Level 1:colcon.colcon_core.package_identification:_identify(src) by extensions ['colcon_pkg']
[1.838s] Level 1:colcon.colcon_core.package_identification:_identify(src) by extension 'colcon_pkg'
[1.838s] Level 1:colcon.colcon_core.package_identification:_identify(src) by extensions ['colcon_meta']
[1.838s] Level 1:colcon.colcon_core.package_identification:_identify(src) by extension 'colcon_meta'
[1.838s] Level 1:colcon.colcon_core.package_identification:_identify(src) by extensions ['ros']
[1.838s] Level 1:colcon.colcon_core.package_identification:_identify(src) by extension 'ros'
[1.838s] Level 1:colcon.colcon_core.package_identification:_identify(src) by extensions ['cmake', 'python']
[1.838s] Level 1:colcon.colcon_core.package_identification:_identify(src) by extension 'cmake'
[1.838s] Level 1:colcon.colcon_core.package_identification:_identify(src) by extension 'python'
[1.839s] Level 1:colcon.colcon_core.package_identification:_identify(src) by extensions ['python_setup_py']
[1.839s] Level 1:colcon.colcon_core.package_identification:_identify(src) by extension 'python_setup_py'
[1.839s] Level 1:colcon.colcon_core.package_identification:_identify(src/build) by extensions ['ignore', 'ignore_ament_install']
[1.839s] Level 1:colcon.colcon_core.package_identification:_identify(src/build) by extension 'ignore'
[1.839s] Level 1:colcon.colcon_core.package_identification:_identify(src/build) ignored
[1.839s] Level 1:colcon.colcon_core.package_identification:_identify(src/install) by extensions ['ignore', 'ignore_ament_install']
[1.839s] Level 1:colcon.colcon_core.package_identification:_identify(src/install) by extension 'ignore'
[1.839s] Level 1:colcon.colcon_core.package_identification:_identify(src/install) ignored
[1.839s] Level 1:colcon.colcon_core.package_identification:_identify(src/log) by extensions ['ignore', 'ignore_ament_install']
[1.839s] Level 1:colcon.colcon_core.package_identification:_identify(src/log) by extension 'ignore'
[1.839s] Level 1:colcon.colcon_core.package_identification:_identify(src/log) ignored
[1.839s] Level 1:colcon.colcon_core.package_identification:_identify(src/mypkg) by extensions ['ignore', 'ignore_ament_install']
[1.839s] Level 1:colcon.colcon_core.package_identification:_identify(src/mypkg) by extension 'ignore'
[1.839s] Level 1:colcon.colcon_core.package_identification:_identify(src/mypkg) by extension 'ignore_ament_install'
[1.839s] Level 1:colcon.colcon_core.package_identification:_identify(src/mypkg) by extensions ['colcon_pkg']
[1.839s] Level 1:colcon.colcon_core.package_identification:_identify(src/mypkg) by extension 'colcon_pkg'
[1.839s] Level 1:colcon.colcon_core.package_identification:_identify(src/mypkg) by extensions ['colcon_meta']
[1.839s] Level 1:colcon.colcon_core.package_identification:_identify(src/mypkg) by extension 'colcon_meta'
[1.839s] Level 1:colcon.colcon_core.package_identification:_identify(src/mypkg) by extensions ['ros']
[1.839s] Level 1:colcon.colcon_core.package_identification:_identify(src/mypkg) by extension 'ros'
[1.841s] DEBUG:colcon.colcon_core.package_identification:Package 'src/mypkg' with type 'ros.ament_python' and name 'mypkg'
[1.841s] Level 1:colcon.colcon_core.package_identification:_identify(src/person_msgs) by extensions ['ignore', 'ignore_ament_install']
[1.841s] Level 1:colcon.colcon_core.package_identification:_identify(src/person_msgs) by extension 'ignore'
[1.842s] Level 1:colcon.colcon_core.package_identification:_identify(src/person_msgs) by extension 'ignore_ament_install'
[1.842s] Level 1:colcon.colcon_core.package_identification:_identify(src/person_msgs) by extensions ['colcon_pkg']
[1.842s] Level 1:colcon.colcon_core.package_identification:_identify(src/person_msgs) by extension 'colcon_pkg'
[1.842s] Level 1:colcon.colcon_core.package_identification:_identify(src/person_msgs) by extensions ['colcon_meta']
[1.842s] Level 1:colcon.colcon_core.package_identification:_identify(src/person_msgs) by extension 'colcon_meta'
[1.842s] Level 1:colcon.colcon_core.package_identification:_identify(src/person_msgs) by extensions ['ros']
[1.842s] Level 1:colcon.colcon_core.package_identification:_identify(src/person_msgs) by extension 'ros'
[1.842s] DEBUG:colcon.colcon_core.package_identification:Package 'src/person_msgs' with type 'ros.ament_cmake' and name 'person_msgs'
[1.843s] Level 1:colcon.colcon_core.package_discovery:discover_packages(recursive) using defaults
[1.843s] Level 1:colcon.colcon_core.package_discovery:discover_packages(ignore) discover
[1.843s] Level 1:colcon.colcon_core.package_discovery:discover_packages(ignore) using defaults
[1.843s] Level 1:colcon.colcon_core.package_discovery:discover_packages(path) discover
[1.843s] Level 1:colcon.colcon_core.package_discovery:discover_packages(path) using defaults
[1.990s] Level 1:colcon.colcon_core.package_discovery:discover_packages(prefix_path) check parameters
[1.990s] Level 1:colcon.colcon_core.package_discovery:discover_packages(prefix_path) discover
[2.040s] DEBUG:colcon.colcon_installed_package_information.package_discovery:Found 1 installed packages in /home/kouta/ros2_ws/install
[2.068s] DEBUG:colcon.colcon_installed_package_information.package_discovery:Found 256 installed packages in /opt/ros/foxy
[2.069s] Level 1:colcon.colcon_core.package_discovery:discover_packages(prefix_path) using defaults
[2.193s] Level 5:colcon.colcon_core.verb:set package 'mypkg' build argument 'cmake_args' from command line to 'None'
[2.193s] Level 5:colcon.colcon_core.verb:set package 'mypkg' build argument 'cmake_target' from command line to 'None'
[2.193s] Level 5:colcon.colcon_core.verb:set package 'mypkg' build argument 'cmake_target_skip_unavailable' from command line to 'False'
[2.193s] Level 5:colcon.colcon_core.verb:set package 'mypkg' build argument 'cmake_clean_cache' from command line to 'False'
[2.193s] Level 5:colcon.colcon_core.verb:set package 'mypkg' build argument 'cmake_clean_first' from command line to 'False'
[2.193s] Level 5:colcon.colcon_core.verb:set package 'mypkg' build argument 'cmake_force_configure' from command line to 'False'
[2.193s] Level 5:colcon.colcon_core.verb:set package 'mypkg' build argument 'ament_cmake_args' from command line to 'None'
[2.193s] Level 5:colcon.colcon_core.verb:set package 'mypkg' build argument 'catkin_cmake_args' from command line to 'None'
[2.193s] Level 5:colcon.colcon_core.verb:set package 'mypkg' build argument 'catkin_skip_building_tests' from command line to 'False'
[2.193s] DEBUG:colcon.colcon_core.verb:Building package 'mypkg' with the following arguments: {'ament_cmake_args': None, 'build_base': '/home/kouta/ros2_ws/build/mypkg', 'catkin_cmake_args': None, 'catkin_skip_building_tests': False, 'cmake_args': None, 'cmake_clean_cache': False, 'cmake_clean_first': False, 'cmake_force_configure': False, 'cmake_target': None, 'cmake_target_skip_unavailable': False, 'install_base': '/home/kouta/ros2_ws/install/mypkg', 'merge_install': False, 'path': '/home/kouta/ros2_ws/src/mypkg', 'symlink_install': False, 'test_result_base': None}
[2.218s] Level 5:colcon.colcon_core.verb:set package 'person_msgs' build argument 'cmake_args' from command line to 'None'
[2.218s] Level 5:colcon.colcon_core.verb:set package 'person_msgs' build argument 'cmake_target' from command line to 'None'
[2.218s] Level 5:colcon.colcon_core.verb:set package 'person_msgs' build argument 'cmake_target_skip_unavailable' from command line to 'False'
[2.218s] Level 5:colcon.colcon_core.verb:set package 'person_msgs' build argument 'cmake_clean_cache' from command line to 'False'
[2.218s] Level 5:colcon.colcon_core.verb:set package 'person_msgs' build argument 'cmake_clean_first' from command line to 'False'
[2.218s] Level 5:colcon.colcon_core.verb:set package 'person_msgs' build argument 'cmake_force_configure' from command line to 'False'
[2.218s] Level 5:colcon.colcon_core.verb:set package 'person_msgs' build argument 'ament_cmake_args' from command line to 'None'
[2.218s] Level 5:colcon.colcon_core.verb:set package 'person_msgs' build argument 'catkin_cmake_args' from command line to 'None'
[2.218s] Level 5:colcon.colcon_core.verb:set package 'person_msgs' build argument 'catkin_skip_building_tests' from command line to 'False'
[2.218s] DEBUG:colcon.colcon_core.verb:Building package 'person_msgs' with the following arguments: {'ament_cmake_args': None, 'build_base': '/home/kouta/ros2_ws/build/person_msgs', 'catkin_cmake_args': None, 'catkin_skip_building_tests': False, 'cmake_args': None, 'cmake_clean_cache': False, 'cmake_clean_first': False, 'cmake_force_configure': False, 'cmake_target': None, 'cmake_target_skip_unavailable': False, 'install_base': '/home/kouta/ros2_ws/install/person_msgs', 'merge_install': False, 'path': '/home/kouta/ros2_ws/src/person_msgs', 'symlink_install': False, 'test_result_base': None}
[2.254s] INFO:colcon.colcon_core.executor:Executing jobs using 'parallel' executor
[2.280s] DEBUG:colcon.colcon_parallel_executor.executor.parallel:run_until_complete
[2.280s] INFO:colcon.colcon_ros.task.ament_python.build:Building ROS package in '/home/kouta/ros2_ws/src/mypkg' with build type 'ament_python'
[2.281s] Level 1:colcon.colcon_core.shell:create_environment_hook('mypkg', 'ament_prefix_path')
[2.324s] INFO:colcon.colcon_core.plugin_system:Skipping extension 'colcon_core.shell.bat': Not used on non-Windows systems
[2.324s] INFO:colcon.colcon_core.shell:Creating environment hook '/home/kouta/ros2_ws/install/mypkg/share/mypkg/hook/ament_prefix_path.ps1'
[2.324s] INFO:colcon.colcon_core.shell:Creating environment descriptor '/home/kouta/ros2_ws/install/mypkg/share/mypkg/hook/ament_prefix_path.dsv'
[2.325s] INFO:colcon.colcon_core.shell:Creating environment hook '/home/kouta/ros2_ws/install/mypkg/share/mypkg/hook/ament_prefix_path.sh'
[2.352s] INFO:colcon.colcon_core.shell:Skip shell extension 'powershell' for command environment: Not usable outside of PowerShell
[2.352s] DEBUG:colcon.colcon_core.shell:Skip shell extension 'dsv' for command environment
[2.453s] INFO:colcon.colcon_ros.task.ament_cmake.build:Building ROS package in '/home/kouta/ros2_ws/src/person_msgs' with build type 'ament_cmake'
[2.454s] INFO:colcon.colcon_cmake.task.cmake.build:Building CMake package in '/home/kouta/ros2_ws/src/person_msgs'
[2.496s] INFO:colcon.colcon_core.shell:Skip shell extension 'powershell' for command environment: Not usable outside of PowerShell
[2.496s] DEBUG:colcon.colcon_core.shell:Skip shell extension 'dsv' for command environment
[2.756s] INFO:colcon.colcon_core.task.python.build:Building Python package in '/home/kouta/ros2_ws/src/mypkg'
[2.786s] INFO:colcon.colcon_core.shell:Skip shell extension 'powershell' for command environment: Not usable outside of PowerShell
[2.786s] DEBUG:colcon.colcon_core.shell:Skip shell extension 'dsv' for command environment
[2.875s] DEBUG:colcon.colcon_core.event_handler.log_command:Invoking command in '/home/kouta/ros2_ws/build/person_msgs': CMAKE_PREFIX_PATH=/home/kouta/ros2_ws/install/mypkg:/opt/ros/foxy /usr/bin/cmake /home/kouta/ros2_ws/src/person_msgs -DCMAKE_INSTALL_PREFIX=/home/kouta/ros2_ws/install/person_msgs
[3.268s] DEBUG:colcon.colcon_core.event_handler.log_command:Invoking command in '/home/kouta/ros2_ws/src/mypkg': PYTHONPATH=/home/kouta/ros2_ws/build/mypkg/prefix_override:/home/kouta/ros2_ws/install/mypkg/lib/python3.8/site-packages:${PYTHONPATH} /usr/bin/python3 setup.py egg_info --egg-base ../../build/mypkg build --build-base /home/kouta/ros2_ws/build/mypkg/build install --record /home/kouta/ros2_ws/build/mypkg/install.log --install-scripts $base/lib/mypkg --single-version-externally-managed
[3.565s] DEBUG:colcon.colcon_core.event_handler.log_command:Invoked command in '/home/kouta/ros2_ws/src/mypkg' returned '0': PYTHONPATH=/home/kouta/ros2_ws/build/mypkg/prefix_override:/home/kouta/ros2_ws/install/mypkg/lib/python3.8/site-packages:${PYTHONPATH} /usr/bin/python3 setup.py egg_info --egg-base ../../build/mypkg build --build-base /home/kouta/ros2_ws/build/mypkg/build install --record /home/kouta/ros2_ws/build/mypkg/install.log --install-scripts $base/lib/mypkg --single-version-externally-managed
[3.605s] Level 1:colcon.colcon_core.environment:checking '/home/kouta/ros2_ws/install/mypkg' for CMake module files
[3.605s] Level 1:colcon.colcon_core.environment:checking '/home/kouta/ros2_ws/install/mypkg' for CMake config files
[3.605s] Level 1:colcon.colcon_core.environment:checking '/home/kouta/ros2_ws/install/mypkg/lib'
[3.606s] Level 1:colcon.colcon_core.environment:checking '/home/kouta/ros2_ws/install/mypkg/bin'
[3.606s] Level 1:colcon.colcon_core.environment:checking '/home/kouta/ros2_ws/install/mypkg/lib/pkgconfig/mypkg.pc'
[3.606s] Level 1:colcon.colcon_core.environment:checking '/home/kouta/ros2_ws/install/mypkg/lib/python3.8/site-packages'
[3.606s] Level 1:colcon.colcon_core.shell:create_environment_hook('mypkg', 'pythonpath')
[3.634s] INFO:colcon.colcon_core.shell:Creating environment hook '/home/kouta/ros2_ws/install/mypkg/share/mypkg/hook/pythonpath.ps1'
[3.634s] INFO:colcon.colcon_core.shell:Creating environment descriptor '/home/kouta/ros2_ws/install/mypkg/share/mypkg/hook/pythonpath.dsv'
[3.635s] INFO:colcon.colcon_core.shell:Creating environment hook '/home/kouta/ros2_ws/install/mypkg/share/mypkg/hook/pythonpath.sh'
[3.635s] Level 1:colcon.colcon_core.environment:checking '/home/kouta/ros2_ws/install/mypkg/bin'
[3.635s] Level 1:colcon.colcon_core.environment:create_environment_scripts_only(mypkg)
[3.666s] INFO:colcon.colcon_core.shell:Creating package script '/home/kouta/ros2_ws/install/mypkg/share/mypkg/package.ps1'
[3.666s] INFO:colcon.colcon_core.shell:Creating package descriptor '/home/kouta/ros2_ws/install/mypkg/share/mypkg/package.dsv'
[3.667s] INFO:colcon.colcon_core.shell:Creating package script '/home/kouta/ros2_ws/install/mypkg/share/mypkg/package.sh'
[3.668s] INFO:colcon.colcon_core.shell:Creating package script '/home/kouta/ros2_ws/install/mypkg/share/mypkg/package.bash'
[3.668s] INFO:colcon.colcon_core.shell:Creating package script '/home/kouta/ros2_ws/install/mypkg/share/mypkg/package.zsh'
[3.669s] Level 1:colcon.colcon_core.environment:create_file_with_runtime_dependencies(/home/kouta/ros2_ws/install/mypkg/share/colcon-core/packages/mypkg)
[12.132s] DEBUG:colcon.colcon_core.event_handler.log_command:Invoked command in '/home/kouta/ros2_ws/build/person_msgs' returned '1': CMAKE_PREFIX_PATH=/home/kouta/ros2_ws/install/mypkg:/opt/ros/foxy /usr/bin/cmake /home/kouta/ros2_ws/src/person_msgs -DCMAKE_INSTALL_PREFIX=/home/kouta/ros2_ws/install/person_msgs
[12.146s] Level 1:colcon.colcon_core.environment:create_environment_scripts_only(person_msgs)
[12.181s] Level 1:colcon.colcon_core.environment:checking '/home/kouta/ros2_ws/install/person_msgs' for CMake module files
[12.181s] Level 1:colcon.colcon_core.environment:checking '/home/kouta/ros2_ws/install/person_msgs' for CMake config files
[12.181s] Level 1:colcon.colcon_core.environment:checking '/home/kouta/ros2_ws/install/person_msgs/bin'
[12.181s] Level 1:colcon.colcon_core.environment:checking '/home/kouta/ros2_ws/install/person_msgs/lib/pkgconfig/person_msgs.pc'
[12.181s] Level 1:colcon.colcon_core.environment:checking '/home/kouta/ros2_ws/install/person_msgs/lib/python3.8/site-packages'
[12.182s] Level 1:colcon.colcon_core.environment:checking '/home/kouta/ros2_ws/install/person_msgs/bin'
[12.231s] INFO:colcon.colcon_core.shell:Creating package script '/home/kouta/ros2_ws/install/person_msgs/share/person_msgs/package.ps1'
[12.232s] INFO:colcon.colcon_core.shell:Creating package descriptor '/home/kouta/ros2_ws/install/person_msgs/share/person_msgs/package.dsv'
[12.232s] INFO:colcon.colcon_core.shell:Creating package script '/home/kouta/ros2_ws/install/person_msgs/share/person_msgs/package.sh'
[12.232s] INFO:colcon.colcon_core.shell:Creating package script '/home/kouta/ros2_ws/install/person_msgs/share/person_msgs/package.bash'
[12.232s] INFO:colcon.colcon_core.shell:Creating package script '/home/kouta/ros2_ws/install/person_msgs/share/person_msgs/package.zsh'
[12.233s] Level 1:colcon.colcon_core.environment:create_file_with_runtime_dependencies(/home/kouta/ros2_ws/install/person_msgs/share/colcon-core/packages/person_msgs)
[12.243s] DEBUG:colcon.colcon_parallel_executor.executor.parallel:closing loop
[12.243s] DEBUG:colcon.colcon_parallel_executor.executor.parallel:loop closed
[12.244s] DEBUG:colcon.colcon_parallel_executor.executor.parallel:run_until_complete finished with '1'
[12.244s] DEBUG:colcon.colcon_core.event_reactor:joining thread
[12.333s] INFO:colcon.colcon_core.plugin_system:Skipping extension 'colcon_notification.desktop_notification.notify_send': Could not find 'notify-send'
[12.333s] INFO:colcon.colcon_core.plugin_system:Skipping extension 'colcon_notification.desktop_notification.terminal_notifier': Not used on non-Darwin systems
[12.333s] INFO:colcon.colcon_core.plugin_system:Skipping extension 'colcon_notification.desktop_notification.win32': Not used on non-Windows systems
[12.333s] INFO:colcon.colcon_notification.desktop_notification:Sending desktop notification using 'notify2'
[12.340s] DEBUG:colcon.colcon_notification.desktop_notification.notify2:Failed to initialize notify2: org.freedesktop.DBus.Error.ServiceUnknown: The name org.freedesktop.Notifications was not provided by any .service files
[12.341s] DEBUG:colcon.colcon_core.event_reactor:joined thread
[12.372s] INFO:colcon.colcon_core.shell:Creating prefix script '/home/kouta/ros2_ws/install/local_setup.ps1'
[12.372s] INFO:colcon.colcon_core.shell:Creating prefix util module '/home/kouta/ros2_ws/install/_local_setup_util_ps1.py'
[12.373s] INFO:colcon.colcon_core.shell:Creating prefix chain script '/home/kouta/ros2_ws/install/setup.ps1'
[12.401s] INFO:colcon.colcon_core.shell:Creating prefix script '/home/kouta/ros2_ws/install/local_setup.sh'
[12.401s] INFO:colcon.colcon_core.shell:Creating prefix util module '/home/kouta/ros2_ws/install/_local_setup_util_sh.py'
[12.402s] INFO:colcon.colcon_core.shell:Creating prefix chain script '/home/kouta/ros2_ws/install/setup.sh'
[12.430s] INFO:colcon.colcon_core.shell:Creating prefix script '/home/kouta/ros2_ws/install/local_setup.bash'
[12.431s] INFO:colcon.colcon_core.shell:Creating prefix chain script '/home/kouta/ros2_ws/install/setup.bash'
[12.456s] INFO:colcon.colcon_core.shell:Creating prefix script '/home/kouta/ros2_ws/install/local_setup.zsh'
[12.456s] INFO:colcon.colcon_core.shell:Creating prefix chain script '/home/kouta/ros2_ws/install/setup.zsh'
