[0.777s] Invoking command in '/home/kouta/ros2_ws/src/mypkg': PYTHONPATH=/home/kouta/ros2_ws/build/mypkg/prefix_override:/home/kouta/ros2_ws/install/mypkg/lib/python3.8/site-packages:${PYTHONPATH} /usr/bin/python3 setup.py egg_info --egg-base ../../build/mypkg build --build-base /home/kouta/ros2_ws/build/mypkg/build install --record /home/kouta/ros2_ws/build/mypkg/install.log --install-scripts $base/lib/mypkg --single-version-externally-managed
[0.918s] running egg_info
[0.918s] writing ../../build/mypkg/mypkg.egg-info/PKG-INFO
[0.918s] writing dependency_links to ../../build/mypkg/mypkg.egg-info/dependency_links.txt
[0.919s] writing entry points to ../../build/mypkg/mypkg.egg-info/entry_points.txt
[0.919s] writing requirements to ../../build/mypkg/mypkg.egg-info/requires.txt
[0.919s] writing top-level names to ../../build/mypkg/mypkg.egg-info/top_level.txt
[0.946s] reading manifest file '../../build/mypkg/mypkg.egg-info/SOURCES.txt'
[0.947s] writing manifest file '../../build/mypkg/mypkg.egg-info/SOURCES.txt'
[0.947s] running build
[0.947s] running build_py
[0.956s] running install
[0.956s] running install_lib
[0.958s] running install_data
[0.958s] running install_egg_info
[0.958s] removing '/home/kouta/ros2_ws/install/mypkg/lib/python3.8/site-packages/mypkg-0.0.0-py3.8.egg-info' (and everything under it)
[0.959s] Copying ../../build/mypkg/mypkg.egg-info to /home/kouta/ros2_ws/install/mypkg/lib/python3.8/site-packages/mypkg-0.0.0-py3.8.egg-info
[0.959s] running install_scripts
[0.965s] Installing listener script to /home/kouta/ros2_ws/install/mypkg/lib/mypkg
[0.965s] Installing talker script to /home/kouta/ros2_ws/install/mypkg/lib/mypkg
[0.965s] writing list of installed files to '/home/kouta/ros2_ws/build/mypkg/install.log'
[0.978s] Invoked command in '/home/kouta/ros2_ws/src/mypkg' returned '0': PYTHONPATH=/home/kouta/ros2_ws/build/mypkg/prefix_override:/home/kouta/ros2_ws/install/mypkg/lib/python3.8/site-packages:${PYTHONPATH} /usr/bin/python3 setup.py egg_info --egg-base ../../build/mypkg build --build-base /home/kouta/ros2_ws/build/mypkg/build install --record /home/kouta/ros2_ws/build/mypkg/install.log --install-scripts $base/lib/mypkg --single-version-externally-managed
