[0.852s] Invoking command in '/home/kouta/ros2_ws/src/mypkg': PYTHONPATH=/home/kouta/ros2_ws/src/mypkg/build/mypkg/prefix_override:/home/kouta/ros2_ws/src/mypkg/install/mypkg/lib/python3.8/site-packages:${PYTHONPATH} /usr/bin/python3 setup.py egg_info --egg-base build/mypkg build --build-base /home/kouta/ros2_ws/src/mypkg/build/mypkg/build install --record /home/kouta/ros2_ws/src/mypkg/build/mypkg/install.log --install-scripts $base/lib/mypkg --single-version-externally-managed
[1.008s] running egg_info
[1.008s] writing build/mypkg/mypkg.egg-info/PKG-INFO
[1.008s] writing dependency_links to build/mypkg/mypkg.egg-info/dependency_links.txt
[1.009s] writing entry points to build/mypkg/mypkg.egg-info/entry_points.txt
[1.009s] writing requirements to build/mypkg/mypkg.egg-info/requires.txt
[1.009s] writing top-level names to build/mypkg/mypkg.egg-info/top_level.txt
[1.044s] reading manifest file 'build/mypkg/mypkg.egg-info/SOURCES.txt'
[1.045s] writing manifest file 'build/mypkg/mypkg.egg-info/SOURCES.txt'
[1.045s] running build
[1.046s] running build_py
[1.046s] running install
[1.046s] running install_lib
[1.048s] running install_data
[1.048s] running install_egg_info
[1.049s] removing '/home/kouta/ros2_ws/src/mypkg/install/mypkg/lib/python3.8/site-packages/mypkg-0.0.0-py3.8.egg-info' (and everything under it)
[1.050s] Copying build/mypkg/mypkg.egg-info to /home/kouta/ros2_ws/src/mypkg/install/mypkg/lib/python3.8/site-packages/mypkg-0.0.0-py3.8.egg-info
[1.050s] running install_scripts
[1.068s] Installing listenre script to /home/kouta/ros2_ws/src/mypkg/install/mypkg/lib/mypkg
[1.069s] Installing talker script to /home/kouta/ros2_ws/src/mypkg/install/mypkg/lib/mypkg
[1.069s] writing list of installed files to '/home/kouta/ros2_ws/src/mypkg/build/mypkg/install.log'
[1.091s] Invoked command in '/home/kouta/ros2_ws/src/mypkg' returned '0': PYTHONPATH=/home/kouta/ros2_ws/src/mypkg/build/mypkg/prefix_override:/home/kouta/ros2_ws/src/mypkg/install/mypkg/lib/python3.8/site-packages:${PYTHONPATH} /usr/bin/python3 setup.py egg_info --egg-base build/mypkg build --build-base /home/kouta/ros2_ws/src/mypkg/build/mypkg/build install --record /home/kouta/ros2_ws/src/mypkg/build/mypkg/install.log --install-scripts $base/lib/mypkg --single-version-externally-managed
