[0.713s] Invoking command in '/home/kouta/ros2_ws/src/mypkg': PYTHONPATH=/home/kouta/ros2_ws/build/mypkg/prefix_override:/home/kouta/ros2_ws/install/mypkg/lib/python3.8/site-packages:${PYTHONPATH} /usr/bin/python3 setup.py egg_info --egg-base ../../build/mypkg build --build-base /home/kouta/ros2_ws/build/mypkg/build install --record /home/kouta/ros2_ws/build/mypkg/install.log --install-scripts $base/lib/mypkg --single-version-externally-managed
[0.851s] running egg_info
[0.851s] writing ../../build/mypkg/mypkg.egg-info/PKG-INFO
[0.851s] writing dependency_links to ../../build/mypkg/mypkg.egg-info/dependency_links.txt
[0.851s] writing entry points to ../../build/mypkg/mypkg.egg-info/entry_points.txt
[0.851s] writing requirements to ../../build/mypkg/mypkg.egg-info/requires.txt
[0.851s] writing top-level names to ../../build/mypkg/mypkg.egg-info/top_level.txt
[0.875s] reading manifest file '../../build/mypkg/mypkg.egg-info/SOURCES.txt'
[0.875s] writing manifest file '../../build/mypkg/mypkg.egg-info/SOURCES.txt'
[0.875s] running build
[0.876s] running build_py
[0.876s] copying mypkg/listener.py -> /home/kouta/ros2_ws/build/mypkg/build/lib/mypkg
[0.876s] running install
[0.876s] running install_lib
[0.876s] copying /home/kouta/ros2_ws/build/mypkg/build/lib/mypkg/listener.py -> /home/kouta/ros2_ws/install/mypkg/lib/python3.8/site-packages/mypkg
[0.876s] byte-compiling /home/kouta/ros2_ws/install/mypkg/lib/python3.8/site-packages/mypkg/listener.py to listener.cpython-38.pyc
[0.877s] running install_data
[0.877s] running install_egg_info
[0.877s] removing '/home/kouta/ros2_ws/install/mypkg/lib/python3.8/site-packages/mypkg-0.0.0-py3.8.egg-info' (and everything under it)
[0.877s] Copying ../../build/mypkg/mypkg.egg-info to /home/kouta/ros2_ws/install/mypkg/lib/python3.8/site-packages/mypkg-0.0.0-py3.8.egg-info
[0.877s] running install_scripts
[0.888s] Installing listener script to /home/kouta/ros2_ws/install/mypkg/lib/mypkg
[0.888s] Installing talker script to /home/kouta/ros2_ws/install/mypkg/lib/mypkg
[0.888s] writing list of installed files to '/home/kouta/ros2_ws/build/mypkg/install.log'
[0.902s] Invoked command in '/home/kouta/ros2_ws/src/mypkg' returned '0': PYTHONPATH=/home/kouta/ros2_ws/build/mypkg/prefix_override:/home/kouta/ros2_ws/install/mypkg/lib/python3.8/site-packages:${PYTHONPATH} /usr/bin/python3 setup.py egg_info --egg-base ../../build/mypkg build --build-base /home/kouta/ros2_ws/build/mypkg/build install --record /home/kouta/ros2_ws/build/mypkg/install.log --install-scripts $base/lib/mypkg --single-version-externally-managed
