[1.072s] Invoking command in '/home/kouta/ros2_ws/src/mypkg': PYTHONPATH=/home/kouta/ros2_ws/build/mypkg/prefix_override:/home/kouta/ros2_ws/install/mypkg/lib/python3.8/site-packages:${PYTHONPATH} /usr/bin/python3 setup.py egg_info --egg-base ../../build/mypkg build --build-base /home/kouta/ros2_ws/build/mypkg/build install --record /home/kouta/ros2_ws/build/mypkg/install.log --install-scripts $base/lib/mypkg --single-version-externally-managed
[1.250s] running egg_info
[1.250s] writing ../../build/mypkg/mypkg.egg-info/PKG-INFO
[1.251s] writing dependency_links to ../../build/mypkg/mypkg.egg-info/dependency_links.txt
[1.251s] writing entry points to ../../build/mypkg/mypkg.egg-info/entry_points.txt
[1.252s] writing requirements to ../../build/mypkg/mypkg.egg-info/requires.txt
[1.252s] writing top-level names to ../../build/mypkg/mypkg.egg-info/top_level.txt
[1.290s] reading manifest file '../../build/mypkg/mypkg.egg-info/SOURCES.txt'
[1.290s] writing manifest file '../../build/mypkg/mypkg.egg-info/SOURCES.txt'
[1.291s] running build
[1.291s] running build_py
[1.291s] running install
[1.292s] running install_lib
[1.293s] running install_data
[1.294s] copying launch/talk_listen.launch.py -> /home/kouta/ros2_ws/install/mypkg/share/mypkg
[1.294s] running install_egg_info
[1.296s] removing '/home/kouta/ros2_ws/install/mypkg/lib/python3.8/site-packages/mypkg-0.0.0-py3.8.egg-info' (and everything under it)
[1.296s] Copying ../../build/mypkg/mypkg.egg-info to /home/kouta/ros2_ws/install/mypkg/lib/python3.8/site-packages/mypkg-0.0.0-py3.8.egg-info
[1.297s] running install_scripts
[1.315s] Installing listener script to /home/kouta/ros2_ws/install/mypkg/lib/mypkg
[1.316s] Installing talker script to /home/kouta/ros2_ws/install/mypkg/lib/mypkg
[1.316s] writing list of installed files to '/home/kouta/ros2_ws/build/mypkg/install.log'
[1.339s] Invoked command in '/home/kouta/ros2_ws/src/mypkg' returned '0': PYTHONPATH=/home/kouta/ros2_ws/build/mypkg/prefix_override:/home/kouta/ros2_ws/install/mypkg/lib/python3.8/site-packages:${PYTHONPATH} /usr/bin/python3 setup.py egg_info --egg-base ../../build/mypkg build --build-base /home/kouta/ros2_ws/build/mypkg/build install --record /home/kouta/ros2_ws/build/mypkg/install.log --install-scripts $base/lib/mypkg --single-version-externally-managed
