[1.114s] Invoking command in '/home/kouta/ros2_ws/src/mypkg': PYTHONPATH=/home/kouta/ros2_ws/build/mypkg/prefix_override:/home/kouta/ros2_ws/install/mypkg/lib/python3.8/site-packages:${PYTHONPATH} /usr/bin/python3 setup.py egg_info --egg-base ../../build/mypkg build --build-base /home/kouta/ros2_ws/build/mypkg/build install --record /home/kouta/ros2_ws/build/mypkg/install.log --install-scripts $base/lib/mypkg --single-version-externally-managed
[1.314s] running egg_info
[1.314s] writing ../../build/mypkg/mypkg.egg-info/PKG-INFO
[1.314s] writing dependency_links to ../../build/mypkg/mypkg.egg-info/dependency_links.txt
[1.314s] writing entry points to ../../build/mypkg/mypkg.egg-info/entry_points.txt
[1.315s] writing requirements to ../../build/mypkg/mypkg.egg-info/requires.txt
[1.316s] writing top-level names to ../../build/mypkg/mypkg.egg-info/top_level.txt
[1.345s] reading manifest file '../../build/mypkg/mypkg.egg-info/SOURCES.txt'
[1.346s] writing manifest file '../../build/mypkg/mypkg.egg-info/SOURCES.txt'
[1.346s] running build
[1.347s] running build_py
[1.347s] copying mypkg/talker.py -> /home/kouta/ros2_ws/build/mypkg/build/lib/mypkg
[1.348s] running install
[1.348s] running install_lib
[1.350s] copying /home/kouta/ros2_ws/build/mypkg/build/lib/mypkg/talker.py -> /home/kouta/ros2_ws/install/mypkg/lib/python3.8/site-packages/mypkg
[1.350s] byte-compiling /home/kouta/ros2_ws/install/mypkg/lib/python3.8/site-packages/mypkg/talker.py to talker.cpython-38.pyc
[1.351s] Sorry: IndentationError: unindent does not match any outer indentation level (talker.py, line 17)
[1.351s] running install_data
[1.352s] running install_egg_info
[1.353s] removing '/home/kouta/ros2_ws/install/mypkg/lib/python3.8/site-packages/mypkg-0.0.0-py3.8.egg-info' (and everything under it)
[1.353s] Copying ../../build/mypkg/mypkg.egg-info to /home/kouta/ros2_ws/install/mypkg/lib/python3.8/site-packages/mypkg-0.0.0-py3.8.egg-info
[1.354s] running install_scripts
[1.372s] Installing listener script to /home/kouta/ros2_ws/install/mypkg/lib/mypkg
[1.372s] Installing talker script to /home/kouta/ros2_ws/install/mypkg/lib/mypkg
[1.372s] writing list of installed files to '/home/kouta/ros2_ws/build/mypkg/install.log'
[1.391s] Invoked command in '/home/kouta/ros2_ws/src/mypkg' returned '0': PYTHONPATH=/home/kouta/ros2_ws/build/mypkg/prefix_override:/home/kouta/ros2_ws/install/mypkg/lib/python3.8/site-packages:${PYTHONPATH} /usr/bin/python3 setup.py egg_info --egg-base ../../build/mypkg build --build-base /home/kouta/ros2_ws/build/mypkg/build install --record /home/kouta/ros2_ws/build/mypkg/install.log --install-scripts $base/lib/mypkg --single-version-externally-managed
