[0.439s] Invoking command in '/home/kouta/ros2_ws/build/person_msgs': CMAKE_PREFIX_PATH=${CMAKE_PREFIX_PATH}:/home/kouta/ros2_ws/install/mypkg:/opt/ros/foxy /usr/bin/cmake --build /home/kouta/ros2_ws/build/person_msgs -- -j8 -l8
[0.470s] -- Found ament_cmake: 0.9.12 (/opt/ros/foxy/share/ament_cmake/cmake)
[0.494s] -- Found PythonInterp: /usr/bin/python3 (found suitable version "3.8.10", minimum required is "3") 
[0.494s] -- Using PYTHON_EXECUTABLE: /usr/bin/python3
[0.667s] -- Found rosidl_default_generators: 1.0.1 (/opt/ros/foxy/share/rosidl_default_generators/cmake)
[0.670s] -- Using all available rosidl_typesupport_c: rosidl_typesupport_fastrtps_c;rosidl_typesupport_introspection_c
[0.676s] -- Found rosidl_adapter: 1.3.1 (/opt/ros/foxy/share/rosidl_adapter/cmake)
[8.225s] -- Using all available rosidl_typesupport_cpp: rosidl_typesupport_fastrtps_cpp;rosidl_typesupport_introspection_cpp
[8.265s] -- Found PythonInterp: /usr/bin/python3 (found version "3.8.10") 
[8.443s] CMake Error at /opt/ros/foxy/share/rosidl_adapter/cmake/rosidl_adapt_interfaces.cmake:60 (message):
[8.443s]   execute_process(/usr/bin/python3 -m rosidl_adapter --package-name
[8.443s]   person_msgs --arguments-file
[8.443s]   /home/kouta/ros2_ws/build/person_msgs/rosidl_adapter__arguments__person_msgs.json
[8.444s]   --output-dir
[8.444s]   /home/kouta/ros2_ws/build/person_msgs/rosidl_adapter/person_msgs
[8.444s]   --output-file
[8.444s]   /home/kouta/ros2_ws/build/person_msgs/rosidl_adapter/person_msgs.idls)
[8.444s]   returned error code 1:
[8.444s] 
[8.444s]   Error processing 'uint height' of 'person_msgs/Person': ''uint' is an
[8.445s]   invalid message name.  It should have the pattern '^[A-Z][A-Za-z0-9]*$''
[8.445s] 
[8.445s]   Traceback (most recent call last):
[8.445s] 
[8.445s]     File "/usr/lib/python3.8/runpy.py", line 194, in _run_module_as_main
[8.445s]       return _run_code(code, main_globals, None,
[8.445s]     File "/usr/lib/python3.8/runpy.py", line 87, in _run_code
[8.445s]       exec(code, run_globals)
[8.445s]     File "/opt/ros/foxy/lib/python3.8/site-packages/rosidl_adapter/__main__.py", line 19, in <module>
[8.445s]       sys.exit(main())
[8.446s]     File "/opt/ros/foxy/lib/python3.8/site-packages/rosidl_adapter/main.py", line 53, in main
[8.446s]       abs_idl_file = convert_to_idl(
[8.446s]     File "/opt/ros/foxy/lib/python3.8/site-packages/rosidl_adapter/__init__.py", line 19, in convert_to_idl
[8.446s]       return convert_msg_to_idl(
[8.446s]     File "/opt/ros/foxy/lib/python3.8/site-packages/rosidl_adapter/msg/__init__.py", line 28, in convert_msg_to_idl
[8.446s]       msg = parse_message_string(package_name, input_file.stem, content)
[8.446s]     File "/opt/ros/foxy/lib/python3.8/site-packages/rosidl_adapter/parser.py", line 516, in parse_message_string
[8.447s]       Type(type_string, context_package_name=pkg_name),
[8.447s]     File "/opt/ros/foxy/lib/python3.8/site-packages/rosidl_adapter/parser.py", line 276, in __init__
[8.447s]       super(Type, self).__init__(
[8.447s]     File "/opt/ros/foxy/lib/python3.8/site-packages/rosidl_adapter/parser.py", line 204, in __init__
[8.447s]       raise InvalidResourceName(
[8.447s] 
[8.447s]   rosidl_adapter.parser.InvalidResourceName: 'uint' is an invalid message
[8.447s]   name.  It should have the pattern '^[A-Z][A-Za-z0-9]*$'
[8.447s] 
[8.447s] Call Stack (most recent call first):
[8.447s]   /opt/ros/foxy/share/rosidl_cmake/cmake/rosidl_generate_interfaces.cmake:130 (rosidl_adapt_interfaces)
[8.447s]   CMakeLists.txt:21 (rosidl_generate_interfaces)
[8.447s] 
[8.447s] 
[8.447s] -- Configuring incomplete, errors occurred!
[8.448s] See also "/home/kouta/ros2_ws/build/person_msgs/CMakeFiles/CMakeOutput.log".
[8.451s] make: *** [Makefile:748: cmake_check_build_system] Error 1
[8.453s] Invoked command in '/home/kouta/ros2_ws/build/person_msgs' returned '2': CMAKE_PREFIX_PATH=${CMAKE_PREFIX_PATH}:/home/kouta/ros2_ws/install/mypkg:/opt/ros/foxy /usr/bin/cmake --build /home/kouta/ros2_ws/build/person_msgs -- -j8 -l8
