[0.765s] Invoking command in '/home/kouta/ros2_ws/src/mypkg': PYTHONPATH=/home/kouta/ros2_ws/src/mypkg/build/mypkg/prefix_override:/home/kouta/ros2_ws/src/mypkg/install/mypkg/lib/python3.8/site-packages:${PYTHONPATH} /usr/bin/python3 setup.py egg_info --egg-base build/mypkg build --build-base /home/kouta/ros2_ws/src/mypkg/build/mypkg/build install --record /home/kouta/ros2_ws/src/mypkg/build/mypkg/install.log --install-scripts $base/lib/mypkg --single-version-externally-managed
[0.968s] running egg_info
[0.968s] creating build/mypkg/mypkg.egg-info
[0.969s] writing build/mypkg/mypkg.egg-info/PKG-INFO
[0.969s] writing dependency_links to build/mypkg/mypkg.egg-info/dependency_links.txt
[0.969s] writing entry points to build/mypkg/mypkg.egg-info/entry_points.txt
[0.969s] writing requirements to build/mypkg/mypkg.egg-info/requires.txt
[0.969s] writing top-level names to build/mypkg/mypkg.egg-info/top_level.txt
[0.970s] writing manifest file 'build/mypkg/mypkg.egg-info/SOURCES.txt'
[1.000s] reading manifest file 'build/mypkg/mypkg.egg-info/SOURCES.txt'
[1.001s] writing manifest file 'build/mypkg/mypkg.egg-info/SOURCES.txt'
[1.001s] running build
[1.002s] running build_py
[1.002s] creating /home/kouta/ros2_ws/src/mypkg/build/mypkg/build
[1.002s] creating /home/kouta/ros2_ws/src/mypkg/build/mypkg/build/lib
[1.002s] creating /home/kouta/ros2_ws/src/mypkg/build/mypkg/build/lib/mypkg
[1.002s] copying mypkg/talker.py -> /home/kouta/ros2_ws/src/mypkg/build/mypkg/build/lib/mypkg
[1.002s] copying mypkg/listener.py -> /home/kouta/ros2_ws/src/mypkg/build/mypkg/build/lib/mypkg
[1.003s] copying mypkg/__init__.py -> /home/kouta/ros2_ws/src/mypkg/build/mypkg/build/lib/mypkg
[1.003s] running install
[1.003s] running install_lib
[1.004s] creating /home/kouta/ros2_ws/src/mypkg/install/mypkg/lib/python3.8/site-packages/mypkg
[1.004s] copying /home/kouta/ros2_ws/src/mypkg/build/mypkg/build/lib/mypkg/talker.py -> /home/kouta/ros2_ws/src/mypkg/install/mypkg/lib/python3.8/site-packages/mypkg
[1.005s] copying /home/kouta/ros2_ws/src/mypkg/build/mypkg/build/lib/mypkg/listener.py -> /home/kouta/ros2_ws/src/mypkg/install/mypkg/lib/python3.8/site-packages/mypkg
[1.005s] copying /home/kouta/ros2_ws/src/mypkg/build/mypkg/build/lib/mypkg/__init__.py -> /home/kouta/ros2_ws/src/mypkg/install/mypkg/lib/python3.8/site-packages/mypkg
[1.005s] byte-compiling /home/kouta/ros2_ws/src/mypkg/install/mypkg/lib/python3.8/site-packages/mypkg/talker.py to talker.cpython-38.pyc
[1.006s] byte-compiling /home/kouta/ros2_ws/src/mypkg/install/mypkg/lib/python3.8/site-packages/mypkg/listener.py to listener.cpython-38.pyc
[1.006s] byte-compiling /home/kouta/ros2_ws/src/mypkg/install/mypkg/lib/python3.8/site-packages/mypkg/__init__.py to __init__.cpython-38.pyc
[1.007s] running install_data
[1.007s] creating /home/kouta/ros2_ws/src/mypkg/install/mypkg/share/ament_index
[1.007s] creating /home/kouta/ros2_ws/src/mypkg/install/mypkg/share/ament_index/resource_index
[1.007s] creating /home/kouta/ros2_ws/src/mypkg/install/mypkg/share/ament_index/resource_index/packages
[1.008s] copying resource/mypkg -> /home/kouta/ros2_ws/src/mypkg/install/mypkg/share/ament_index/resource_index/packages
[1.008s] copying package.xml -> /home/kouta/ros2_ws/src/mypkg/install/mypkg/share/mypkg
[1.008s] running install_egg_info
[1.009s] Copying build/mypkg/mypkg.egg-info to /home/kouta/ros2_ws/src/mypkg/install/mypkg/lib/python3.8/site-packages/mypkg-0.0.0-py3.8.egg-info
[1.010s] running install_scripts
[1.025s] Installing listenre script to /home/kouta/ros2_ws/src/mypkg/install/mypkg/lib/mypkg
[1.025s] writing list of installed files to '/home/kouta/ros2_ws/src/mypkg/build/mypkg/install.log'
[1.043s] Invoked command in '/home/kouta/ros2_ws/src/mypkg' returned '0': PYTHONPATH=/home/kouta/ros2_ws/src/mypkg/build/mypkg/prefix_override:/home/kouta/ros2_ws/src/mypkg/install/mypkg/lib/python3.8/site-packages:${PYTHONPATH} /usr/bin/python3 setup.py egg_info --egg-base build/mypkg build --build-base /home/kouta/ros2_ws/src/mypkg/build/mypkg/build install --record /home/kouta/ros2_ws/src/mypkg/build/mypkg/install.log --install-scripts $base/lib/mypkg --single-version-externally-managed
